[0.027s] Invoking command in '/home/enetcom/mecanum-ros2/build/mecanum_localization': CMAKE_PREFIX_PATH=/opt/ros/humble /usr/bin/cmake /home/enetcom/mecanum-ros2/src/mecanum_localization -DAMENT_CMAKE_SYMLINK_INSTALL=1 -DCMAKE_INSTALL_PREFIX=/home/enetcom/mecanum-ros2/install/mecanum_localization
[0.099s] -- Found ament_cmake: 1.3.14 (/opt/ros/humble/share/ament_cmake/cmake)
[0.313s] -- Override CMake install command with custom implementation using symlinks instead of copying resources
[0.354s] -- Found ament_lint_auto: 0.12.14 (/opt/ros/humble/share/ament_lint_auto/cmake)
[0.509s] -- Added test 'flake8' to check Python code syntax and style conventions
[0.510s] -- Added test 'lint_cmake' to check CMake code style
[0.510s] -- Added test 'pep257' to check Python code against some of the docstring style conventions in PEP 257
[0.517s] -- Added test 'xmllint' to check XML markup files
[0.520s] -- Configuring done
[0.535s] -- Generating done
[0.545s] -- Build files have been written to: /home/enetcom/mecanum-ros2/build/mecanum_localization
[0.547s] Invoked command in '/home/enetcom/mecanum-ros2/build/mecanum_localization' returned '0': CMAKE_PREFIX_PATH=/opt/ros/humble /usr/bin/cmake /home/enetcom/mecanum-ros2/src/mecanum_localization -DAMENT_CMAKE_SYMLINK_INSTALL=1 -DCMAKE_INSTALL_PREFIX=/home/enetcom/mecanum-ros2/install/mecanum_localization
[0.553s] Invoking command in '/home/enetcom/mecanum-ros2/build/mecanum_localization': CMAKE_PREFIX_PATH=/opt/ros/humble /usr/bin/cmake --build /home/enetcom/mecanum-ros2/build/mecanum_localization -- -j4 -l4
[0.634s] Invoked command in '/home/enetcom/mecanum-ros2/build/mecanum_localization' returned '0': CMAKE_PREFIX_PATH=/opt/ros/humble /usr/bin/cmake --build /home/enetcom/mecanum-ros2/build/mecanum_localization -- -j4 -l4
[0.635s] Invoking command in '/home/enetcom/mecanum-ros2/build/mecanum_localization': CMAKE_PREFIX_PATH=/opt/ros/humble /usr/bin/cmake --install /home/enetcom/mecanum-ros2/build/mecanum_localization
[0.650s] -- Install configuration: ""
[0.652s] -- Execute custom install script
[0.655s] -- Up-to-date symlink: /home/enetcom/mecanum-ros2/install/mecanum_localization/share/mecanum_localization/launch/robot_localization.launch.py
[0.656s] -- Up-to-date symlink: /home/enetcom/mecanum-ros2/install/mecanum_localization/share/mecanum_localization/config/amcl.yaml
[0.658s] -- Up-to-date symlink: /home/enetcom/mecanum-ros2/install/mecanum_localization/share/mecanum_localization/config/mecanum_localization.yaml
[0.659s] -- Up-to-date symlink: /home/enetcom/mecanum-ros2/install/mecanum_localization/share/mecanum_localization/map/map_3x3_mecanum.pgm
[0.659s] -- Up-to-date symlink: /home/enetcom/mecanum-ros2/install/mecanum_localization/share/mecanum_localization/map/map_3x3_mecanum.yaml
[0.660s] -- Up-to-date symlink: /home/enetcom/mecanum-ros2/install/mecanum_localization/share/ament_index/resource_index/package_run_dependencies/mecanum_localization
[0.660s] -- Up-to-date symlink: /home/enetcom/mecanum-ros2/install/mecanum_localization/share/ament_index/resource_index/parent_prefix_path/mecanum_localization
[0.660s] -- Up-to-date symlink: /home/enetcom/mecanum-ros2/install/mecanum_localization/share/mecanum_localization/environment/ament_prefix_path.sh
[0.661s] -- Up-to-date symlink: /home/enetcom/mecanum-ros2/install/mecanum_localization/share/mecanum_localization/environment/ament_prefix_path.dsv
[0.661s] -- Up-to-date symlink: /home/enetcom/mecanum-ros2/install/mecanum_localization/share/mecanum_localization/environment/path.sh
[0.661s] -- Up-to-date symlink: /home/enetcom/mecanum-ros2/install/mecanum_localization/share/mecanum_localization/environment/path.dsv
[0.662s] -- Up-to-date symlink: /home/enetcom/mecanum-ros2/install/mecanum_localization/share/mecanum_localization/local_setup.bash
[0.664s] -- Up-to-date symlink: /home/enetcom/mecanum-ros2/install/mecanum_localization/share/mecanum_localization/local_setup.sh
[0.665s] -- Up-to-date symlink: /home/enetcom/mecanum-ros2/install/mecanum_localization/share/mecanum_localization/local_setup.zsh
[0.670s] -- Up-to-date symlink: /home/enetcom/mecanum-ros2/install/mecanum_localization/share/mecanum_localization/local_setup.dsv
[0.670s] -- Symlinking: /home/enetcom/mecanum-ros2/install/mecanum_localization/share/mecanum_localization/package.dsv
[0.687s] -- Up-to-date symlink: /home/enetcom/mecanum-ros2/install/mecanum_localization/share/ament_index/resource_index/packages/mecanum_localization
[0.687s] -- Up-to-date symlink: /home/enetcom/mecanum-ros2/install/mecanum_localization/share/mecanum_localization/cmake/mecanum_localizationConfig.cmake
[0.687s] -- Up-to-date symlink: /home/enetcom/mecanum-ros2/install/mecanum_localization/share/mecanum_localization/cmake/mecanum_localizationConfig-version.cmake
[0.688s] -- Up-to-date symlink: /home/enetcom/mecanum-ros2/install/mecanum_localization/share/mecanum_localization/package.xml
[0.693s] Invoked command in '/home/enetcom/mecanum-ros2/build/mecanum_localization' returned '0': CMAKE_PREFIX_PATH=/opt/ros/humble /usr/bin/cmake --install /home/enetcom/mecanum-ros2/build/mecanum_localization
