[0.148s] DEBUG:colcon:Command line arguments: ['/usr/bin/colcon', 'build', '--symlink-install']
[0.148s] DEBUG:colcon:Parsed command line arguments: Namespace(log_base=None, log_level=None, verb_name='build', build_base='build', install_base='install', merge_install=False, symlink_install=True, test_result_base=None, continue_on_error=False, executor='parallel', parallel_workers=4, event_handlers=None, ignore_user_meta=False, metas=['./colcon.meta'], base_paths=['.'], packages_ignore=None, packages_ignore_regex=None, paths=None, packages_up_to=None, packages_up_to_regex=None, packages_above=None, packages_above_and_dependencies=None, packages_above_depth=None, packages_select_by_dep=None, packages_skip_by_dep=None, packages_skip_up_to=None, packages_select_build_failed=False, packages_skip_build_finished=False, packages_select_test_failures=False, packages_skip_test_passed=False, packages_select=None, packages_skip=None, packages_select_regex=None, packages_skip_regex=None, packages_start=None, packages_end=None, allow_overriding=[], cmake_args=None, cmake_target=None, cmake_target_skip_unavailable=False, cmake_clean_cache=False, cmake_clean_first=False, cmake_force_configure=False, ament_cmake_args=None, catkin_cmake_args=None, catkin_skip_building_tests=False, mixin_files=None, mixin=None, verb_parser=<colcon_mixin.mixin.mixin_argument.MixinArgumentDecorator object at 0x70b6ab569f00>, verb_extension=<colcon_core.verb.build.BuildVerb object at 0x70b6ab569a50>, main=<bound method BuildVerb.main of <colcon_core.verb.build.BuildVerb object at 0x70b6ab569a50>>, mixin_verb=('build',))
[0.363s] Level 1:colcon.colcon_core.package_discovery:discover_packages(colcon_meta) check parameters
[0.363s] Level 1:colcon.colcon_core.package_discovery:discover_packages(recursive) check parameters
[0.364s] Level 1:colcon.colcon_core.package_discovery:discover_packages(ignore) check parameters
[0.364s] Level 1:colcon.colcon_core.package_discovery:discover_packages(path) check parameters
[0.364s] Level 1:colcon.colcon_core.package_discovery:discover_packages(colcon_meta) discover
[0.364s] Level 1:colcon.colcon_core.package_discovery:discover_packages(recursive) discover
[0.364s] INFO:colcon.colcon_core.package_discovery:Crawling recursively for packages in '/home/enetcom/mecanum-ros2'
[0.364s] Level 1:colcon.colcon_core.package_identification:_identify(.) by extensions ['ignore', 'ignore_ament_install']
[0.365s] Level 1:colcon.colcon_core.package_identification:_identify(.) by extension 'ignore'
[0.365s] Level 1:colcon.colcon_core.package_identification:_identify(.) by extension 'ignore_ament_install'
[0.365s] Level 1:colcon.colcon_core.package_identification:_identify(.) by extensions ['colcon_pkg']
[0.365s] Level 1:colcon.colcon_core.package_identification:_identify(.) by extension 'colcon_pkg'
[0.365s] Level 1:colcon.colcon_core.package_identification:_identify(.) by extensions ['colcon_meta']
[0.365s] Level 1:colcon.colcon_core.package_identification:_identify(.) by extension 'colcon_meta'
[0.365s] Level 1:colcon.colcon_core.package_identification:_identify(.) by extensions ['ros']
[0.365s] Level 1:colcon.colcon_core.package_identification:_identify(.) by extension 'ros'
[0.380s] Level 1:colcon.colcon_core.package_identification:_identify(.) by extensions ['cmake', 'python']
[0.380s] Level 1:colcon.colcon_core.package_identification:_identify(.) by extension 'cmake'
[0.380s] Level 1:colcon.colcon_core.package_identification:_identify(.) by extension 'python'
[0.380s] Level 1:colcon.colcon_core.package_identification:_identify(.) by extensions ['python_setup_py']
[0.380s] Level 1:colcon.colcon_core.package_identification:_identify(.) by extension 'python_setup_py'
[0.380s] Level 1:colcon.colcon_core.package_identification:_identify(build) by extensions ['ignore', 'ignore_ament_install']
[0.380s] Level 1:colcon.colcon_core.package_identification:_identify(build) by extension 'ignore'
[0.380s] Level 1:colcon.colcon_core.package_identification:_identify(build) ignored
[0.381s] Level 1:colcon.colcon_core.package_identification:_identify(install) by extensions ['ignore', 'ignore_ament_install']
[0.381s] Level 1:colcon.colcon_core.package_identification:_identify(install) by extension 'ignore'
[0.381s] Level 1:colcon.colcon_core.package_identification:_identify(install) ignored
[0.381s] Level 1:colcon.colcon_core.package_identification:_identify(log) by extensions ['ignore', 'ignore_ament_install']
[0.382s] Level 1:colcon.colcon_core.package_identification:_identify(log) by extension 'ignore'
[0.382s] Level 1:colcon.colcon_core.package_identification:_identify(log) ignored
[0.382s] Level 1:colcon.colcon_core.package_identification:_identify(src) by extensions ['ignore', 'ignore_ament_install']
[0.382s] Level 1:colcon.colcon_core.package_identification:_identify(src) by extension 'ignore'
[0.382s] Level 1:colcon.colcon_core.package_identification:_identify(src) by extension 'ignore_ament_install'
[0.382s] Level 1:colcon.colcon_core.package_identification:_identify(src) by extensions ['colcon_pkg']
[0.382s] Level 1:colcon.colcon_core.package_identification:_identify(src) by extension 'colcon_pkg'
[0.382s] Level 1:colcon.colcon_core.package_identification:_identify(src) by extensions ['colcon_meta']
[0.382s] Level 1:colcon.colcon_core.package_identification:_identify(src) by extension 'colcon_meta'
[0.382s] Level 1:colcon.colcon_core.package_identification:_identify(src) by extensions ['ros']
[0.382s] Level 1:colcon.colcon_core.package_identification:_identify(src) by extension 'ros'
[0.382s] Level 1:colcon.colcon_core.package_identification:_identify(src) by extensions ['cmake', 'python']
[0.383s] Level 1:colcon.colcon_core.package_identification:_identify(src) by extension 'cmake'
[0.383s] Level 1:colcon.colcon_core.package_identification:_identify(src) by extension 'python'
[0.383s] Level 1:colcon.colcon_core.package_identification:_identify(src) by extensions ['python_setup_py']
[0.383s] Level 1:colcon.colcon_core.package_identification:_identify(src) by extension 'python_setup_py'
[0.383s] Level 1:colcon.colcon_core.package_identification:_identify(src/mecanum_localization) by extensions ['ignore', 'ignore_ament_install']
[0.383s] Level 1:colcon.colcon_core.package_identification:_identify(src/mecanum_localization) by extension 'ignore'
[0.383s] Level 1:colcon.colcon_core.package_identification:_identify(src/mecanum_localization) by extension 'ignore_ament_install'
[0.383s] Level 1:colcon.colcon_core.package_identification:_identify(src/mecanum_localization) by extensions ['colcon_pkg']
[0.383s] Level 1:colcon.colcon_core.package_identification:_identify(src/mecanum_localization) by extension 'colcon_pkg'
[0.383s] Level 1:colcon.colcon_core.package_identification:_identify(src/mecanum_localization) by extensions ['colcon_meta']
[0.383s] Level 1:colcon.colcon_core.package_identification:_identify(src/mecanum_localization) by extension 'colcon_meta'
[0.383s] Level 1:colcon.colcon_core.package_identification:_identify(src/mecanum_localization) by extensions ['ros']
[0.383s] Level 1:colcon.colcon_core.package_identification:_identify(src/mecanum_localization) by extension 'ros'
[0.386s] DEBUG:colcon.colcon_core.package_identification:Package 'src/mecanum_localization' with type 'ros.ament_cmake' and name 'mecanum_localization'
[0.386s] Level 1:colcon.colcon_core.package_identification:_identify(src/mecanum_navigation) by extensions ['ignore', 'ignore_ament_install']
[0.386s] Level 1:colcon.colcon_core.package_identification:_identify(src/mecanum_navigation) by extension 'ignore'
[0.386s] Level 1:colcon.colcon_core.package_identification:_identify(src/mecanum_navigation) by extension 'ignore_ament_install'
[0.386s] Level 1:colcon.colcon_core.package_identification:_identify(src/mecanum_navigation) by extensions ['colcon_pkg']
[0.387s] Level 1:colcon.colcon_core.package_identification:_identify(src/mecanum_navigation) by extension 'colcon_pkg'
[0.387s] Level 1:colcon.colcon_core.package_identification:_identify(src/mecanum_navigation) by extensions ['colcon_meta']
[0.387s] Level 1:colcon.colcon_core.package_identification:_identify(src/mecanum_navigation) by extension 'colcon_meta'
[0.387s] Level 1:colcon.colcon_core.package_identification:_identify(src/mecanum_navigation) by extensions ['ros']
[0.387s] Level 1:colcon.colcon_core.package_identification:_identify(src/mecanum_navigation) by extension 'ros'
[0.388s] DEBUG:colcon.colcon_core.package_identification:Package 'src/mecanum_navigation' with type 'ros.ament_cmake' and name 'mecanum_navigation'
[0.388s] Level 1:colcon.colcon_core.package_identification:_identify(src/mechanum_description) by extensions ['ignore', 'ignore_ament_install']
[0.388s] Level 1:colcon.colcon_core.package_identification:_identify(src/mechanum_description) by extension 'ignore'
[0.388s] Level 1:colcon.colcon_core.package_identification:_identify(src/mechanum_description) by extension 'ignore_ament_install'
[0.388s] Level 1:colcon.colcon_core.package_identification:_identify(src/mechanum_description) by extensions ['colcon_pkg']
[0.388s] Level 1:colcon.colcon_core.package_identification:_identify(src/mechanum_description) by extension 'colcon_pkg'
[0.388s] Level 1:colcon.colcon_core.package_identification:_identify(src/mechanum_description) by extensions ['colcon_meta']
[0.388s] Level 1:colcon.colcon_core.package_identification:_identify(src/mechanum_description) by extension 'colcon_meta'
[0.389s] Level 1:colcon.colcon_core.package_identification:_identify(src/mechanum_description) by extensions ['ros']
[0.389s] Level 1:colcon.colcon_core.package_identification:_identify(src/mechanum_description) by extension 'ros'
[0.390s] DEBUG:colcon.colcon_core.package_identification:Package 'src/mechanum_description' with type 'ros.ament_cmake' and name 'mechanum_description'
[0.390s] Level 1:colcon.colcon_core.package_discovery:discover_packages(recursive) using defaults
[0.390s] Level 1:colcon.colcon_core.package_discovery:discover_packages(ignore) discover
[0.390s] Level 1:colcon.colcon_core.package_discovery:discover_packages(ignore) using defaults
[0.390s] Level 1:colcon.colcon_core.package_discovery:discover_packages(path) discover
[0.390s] Level 1:colcon.colcon_core.package_discovery:discover_packages(path) using defaults
[0.433s] Level 1:colcon.colcon_core.package_discovery:discover_packages(prefix_path) check parameters
[0.434s] Level 1:colcon.colcon_core.package_discovery:discover_packages(prefix_path) discover
[0.436s] DEBUG:colcon.colcon_installed_package_information.package_discovery:Found 3 installed packages in /home/enetcom/mecanum-ros2/install
[0.439s] DEBUG:colcon.colcon_installed_package_information.package_discovery:Found 395 installed packages in /opt/ros/humble
[0.442s] Level 1:colcon.colcon_core.package_discovery:discover_packages(prefix_path) using defaults
[0.513s] Level 5:colcon.colcon_core.verb:set package 'mecanum_localization' build argument 'cmake_args' from command line to 'None'
[0.513s] Level 5:colcon.colcon_core.verb:set package 'mecanum_localization' build argument 'cmake_target' from command line to 'None'
[0.513s] Level 5:colcon.colcon_core.verb:set package 'mecanum_localization' build argument 'cmake_target_skip_unavailable' from command line to 'False'
[0.513s] Level 5:colcon.colcon_core.verb:set package 'mecanum_localization' build argument 'cmake_clean_cache' from command line to 'False'
[0.513s] Level 5:colcon.colcon_core.verb:set package 'mecanum_localization' build argument 'cmake_clean_first' from command line to 'False'
[0.513s] Level 5:colcon.colcon_core.verb:set package 'mecanum_localization' build argument 'cmake_force_configure' from command line to 'False'
[0.513s] Level 5:colcon.colcon_core.verb:set package 'mecanum_localization' build argument 'ament_cmake_args' from command line to 'None'
[0.513s] Level 5:colcon.colcon_core.verb:set package 'mecanum_localization' build argument 'catkin_cmake_args' from command line to 'None'
[0.513s] Level 5:colcon.colcon_core.verb:set package 'mecanum_localization' build argument 'catkin_skip_building_tests' from command line to 'False'
[0.514s] DEBUG:colcon.colcon_core.verb:Building package 'mecanum_localization' with the following arguments: {'ament_cmake_args': None, 'build_base': '/home/enetcom/mecanum-ros2/build/mecanum_localization', 'catkin_cmake_args': None, 'catkin_skip_building_tests': False, 'cmake_args': None, 'cmake_clean_cache': False, 'cmake_clean_first': False, 'cmake_force_configure': False, 'cmake_target': None, 'cmake_target_skip_unavailable': False, 'install_base': '/home/enetcom/mecanum-ros2/install/mecanum_localization', 'merge_install': False, 'path': '/home/enetcom/mecanum-ros2/src/mecanum_localization', 'symlink_install': True, 'test_result_base': None}
[0.514s] Level 5:colcon.colcon_core.verb:set package 'mecanum_navigation' build argument 'cmake_args' from command line to 'None'
[0.514s] Level 5:colcon.colcon_core.verb:set package 'mecanum_navigation' build argument 'cmake_target' from command line to 'None'
[0.514s] Level 5:colcon.colcon_core.verb:set package 'mecanum_navigation' build argument 'cmake_target_skip_unavailable' from command line to 'False'
[0.515s] Level 5:colcon.colcon_core.verb:set package 'mecanum_navigation' build argument 'cmake_clean_cache' from command line to 'False'
[0.515s] Level 5:colcon.colcon_core.verb:set package 'mecanum_navigation' build argument 'cmake_clean_first' from command line to 'False'
[0.515s] Level 5:colcon.colcon_core.verb:set package 'mecanum_navigation' build argument 'cmake_force_configure' from command line to 'False'
[0.515s] Level 5:colcon.colcon_core.verb:set package 'mecanum_navigation' build argument 'ament_cmake_args' from command line to 'None'
[0.515s] Level 5:colcon.colcon_core.verb:set package 'mecanum_navigation' build argument 'catkin_cmake_args' from command line to 'None'
[0.515s] Level 5:colcon.colcon_core.verb:set package 'mecanum_navigation' build argument 'catkin_skip_building_tests' from command line to 'False'
[0.515s] DEBUG:colcon.colcon_core.verb:Building package 'mecanum_navigation' with the following arguments: {'ament_cmake_args': None, 'build_base': '/home/enetcom/mecanum-ros2/build/mecanum_navigation', 'catkin_cmake_args': None, 'catkin_skip_building_tests': False, 'cmake_args': None, 'cmake_clean_cache': False, 'cmake_clean_first': False, 'cmake_force_configure': False, 'cmake_target': None, 'cmake_target_skip_unavailable': False, 'install_base': '/home/enetcom/mecanum-ros2/install/mecanum_navigation', 'merge_install': False, 'path': '/home/enetcom/mecanum-ros2/src/mecanum_navigation', 'symlink_install': True, 'test_result_base': None}
[0.516s] Level 5:colcon.colcon_core.verb:set package 'mechanum_description' build argument 'cmake_args' from command line to 'None'
[0.516s] Level 5:colcon.colcon_core.verb:set package 'mechanum_description' build argument 'cmake_target' from command line to 'None'
[0.516s] Level 5:colcon.colcon_core.verb:set package 'mechanum_description' build argument 'cmake_target_skip_unavailable' from command line to 'False'
[0.516s] Level 5:colcon.colcon_core.verb:set package 'mechanum_description' build argument 'cmake_clean_cache' from command line to 'False'
[0.516s] Level 5:colcon.colcon_core.verb:set package 'mechanum_description' build argument 'cmake_clean_first' from command line to 'False'
[0.516s] Level 5:colcon.colcon_core.verb:set package 'mechanum_description' build argument 'cmake_force_configure' from command line to 'False'
[0.516s] Level 5:colcon.colcon_core.verb:set package 'mechanum_description' build argument 'ament_cmake_args' from command line to 'None'
[0.516s] Level 5:colcon.colcon_core.verb:set package 'mechanum_description' build argument 'catkin_cmake_args' from command line to 'None'
[0.516s] Level 5:colcon.colcon_core.verb:set package 'mechanum_description' build argument 'catkin_skip_building_tests' from command line to 'False'
[0.516s] DEBUG:colcon.colcon_core.verb:Building package 'mechanum_description' with the following arguments: {'ament_cmake_args': None, 'build_base': '/home/enetcom/mecanum-ros2/build/mechanum_description', 'catkin_cmake_args': None, 'catkin_skip_building_tests': False, 'cmake_args': None, 'cmake_clean_cache': False, 'cmake_clean_first': False, 'cmake_force_configure': False, 'cmake_target': None, 'cmake_target_skip_unavailable': False, 'install_base': '/home/enetcom/mecanum-ros2/install/mechanum_description', 'merge_install': False, 'path': '/home/enetcom/mecanum-ros2/src/mechanum_description', 'symlink_install': True, 'test_result_base': None}
[0.517s] INFO:colcon.colcon_core.executor:Executing jobs using 'parallel' executor
[0.518s] DEBUG:colcon.colcon_parallel_executor.executor.parallel:run_until_complete
[0.519s] INFO:colcon.colcon_ros.task.ament_cmake.build:Building ROS package in '/home/enetcom/mecanum-ros2/src/mecanum_localization' with build type 'ament_cmake'
[0.519s] INFO:colcon.colcon_cmake.task.cmake.build:Building CMake package in '/home/enetcom/mecanum-ros2/src/mecanum_localization'
[0.522s] INFO:colcon.colcon_core.plugin_system:Skipping extension 'colcon_core.shell.bat': Not used on non-Windows systems
[0.522s] INFO:colcon.colcon_core.shell:Skip shell extension 'powershell' for command environment: Not usable outside of PowerShell
[0.522s] DEBUG:colcon.colcon_core.shell:Skip shell extension 'dsv' for command environment
[0.527s] INFO:colcon.colcon_ros.task.ament_cmake.build:Building ROS package in '/home/enetcom/mecanum-ros2/src/mecanum_navigation' with build type 'ament_cmake'
[0.527s] INFO:colcon.colcon_cmake.task.cmake.build:Building CMake package in '/home/enetcom/mecanum-ros2/src/mecanum_navigation'
[0.528s] INFO:colcon.colcon_core.shell:Skip shell extension 'powershell' for command environment: Not usable outside of PowerShell
[0.528s] DEBUG:colcon.colcon_core.shell:Skip shell extension 'dsv' for command environment
[0.534s] INFO:colcon.colcon_ros.task.ament_cmake.build:Building ROS package in '/home/enetcom/mecanum-ros2/src/mechanum_description' with build type 'ament_cmake'
[0.534s] INFO:colcon.colcon_cmake.task.cmake.build:Building CMake package in '/home/enetcom/mecanum-ros2/src/mechanum_description'
[0.535s] INFO:colcon.colcon_core.shell:Skip shell extension 'powershell' for command environment: Not usable outside of PowerShell
[0.535s] DEBUG:colcon.colcon_core.shell:Skip shell extension 'dsv' for command environment
[0.546s] DEBUG:colcon.colcon_core.event_handler.log_command:Invoking command in '/home/enetcom/mecanum-ros2/build/mecanum_localization': CMAKE_PREFIX_PATH=${CMAKE_PREFIX_PATH}:/opt/ros/humble /usr/bin/cmake --build /home/enetcom/mecanum-ros2/build/mecanum_localization -- -j4 -l4
[0.558s] DEBUG:colcon.colcon_core.event_handler.log_command:Invoking command in '/home/enetcom/mecanum-ros2/build/mecanum_navigation': CMAKE_PREFIX_PATH=${CMAKE_PREFIX_PATH}:/opt/ros/humble /usr/bin/cmake --build /home/enetcom/mecanum-ros2/build/mecanum_navigation -- -j4 -l4
[0.567s] DEBUG:colcon.colcon_core.event_handler.log_command:Invoking command in '/home/enetcom/mecanum-ros2/build/mechanum_description': CMAKE_PREFIX_PATH=${CMAKE_PREFIX_PATH}:/opt/ros/humble /usr/bin/cmake --build /home/enetcom/mecanum-ros2/build/mechanum_description -- -j4 -l4
[0.616s] DEBUG:colcon.colcon_core.event_handler.log_command:Invoked command in '/home/enetcom/mecanum-ros2/build/mecanum_localization' returned '0': CMAKE_PREFIX_PATH=${CMAKE_PREFIX_PATH}:/opt/ros/humble /usr/bin/cmake --build /home/enetcom/mecanum-ros2/build/mecanum_localization -- -j4 -l4
[0.635s] DEBUG:colcon.colcon_core.event_handler.log_command:Invoking command in '/home/enetcom/mecanum-ros2/build/mecanum_localization': CMAKE_PREFIX_PATH=${CMAKE_PREFIX_PATH}:/opt/ros/humble /usr/bin/cmake --install /home/enetcom/mecanum-ros2/build/mecanum_localization
[0.639s] DEBUG:colcon.colcon_core.event_handler.log_command:Invoked command in '/home/enetcom/mecanum-ros2/build/mecanum_navigation' returned '0': CMAKE_PREFIX_PATH=${CMAKE_PREFIX_PATH}:/opt/ros/humble /usr/bin/cmake --build /home/enetcom/mecanum-ros2/build/mecanum_navigation -- -j4 -l4
[0.641s] DEBUG:colcon.colcon_core.event_handler.log_command:Invoking command in '/home/enetcom/mecanum-ros2/build/mecanum_navigation': CMAKE_PREFIX_PATH=${CMAKE_PREFIX_PATH}:/opt/ros/humble /usr/bin/cmake --install /home/enetcom/mecanum-ros2/build/mecanum_navigation
[0.642s] DEBUG:colcon.colcon_core.event_handler.log_command:Invoked command in '/home/enetcom/mecanum-ros2/build/mechanum_description' returned '0': CMAKE_PREFIX_PATH=${CMAKE_PREFIX_PATH}:/opt/ros/humble /usr/bin/cmake --build /home/enetcom/mecanum-ros2/build/mechanum_description -- -j4 -l4
[0.645s] DEBUG:colcon.colcon_core.event_handler.log_command:Invoking command in '/home/enetcom/mecanum-ros2/build/mechanum_description': CMAKE_PREFIX_PATH=${CMAKE_PREFIX_PATH}:/opt/ros/humble /usr/bin/cmake --install /home/enetcom/mecanum-ros2/build/mechanum_description
[0.691s] Level 1:colcon.colcon_core.environment:create_environment_scripts_only(mecanum_localization)
[0.692s] DEBUG:colcon.colcon_core.event_handler.log_command:Invoked command in '/home/enetcom/mecanum-ros2/build/mecanum_localization' returned '0': CMAKE_PREFIX_PATH=${CMAKE_PREFIX_PATH}:/opt/ros/humble /usr/bin/cmake --install /home/enetcom/mecanum-ros2/build/mecanum_localization
[0.697s] Level 1:colcon.colcon_core.environment:checking '/home/enetcom/mecanum-ros2/install/mecanum_localization' for CMake module files
[0.698s] Level 1:colcon.colcon_core.environment:checking '/home/enetcom/mecanum-ros2/install/mecanum_localization' for CMake config files
[0.698s] Level 1:colcon.colcon_core.shell:create_environment_hook('mecanum_localization', 'cmake_prefix_path')
[0.698s] INFO:colcon.colcon_core.shell:Creating environment hook '/home/enetcom/mecanum-ros2/install/mecanum_localization/share/mecanum_localization/hook/cmake_prefix_path.ps1'
[0.699s] INFO:colcon.colcon_core.shell:Creating environment descriptor '/home/enetcom/mecanum-ros2/install/mecanum_localization/share/mecanum_localization/hook/cmake_prefix_path.dsv'
[0.700s] INFO:colcon.colcon_core.shell:Creating environment hook '/home/enetcom/mecanum-ros2/install/mecanum_localization/share/mecanum_localization/hook/cmake_prefix_path.sh'
[0.701s] Level 1:colcon.colcon_core.environment:checking '/home/enetcom/mecanum-ros2/install/mecanum_localization/bin'
[0.701s] Level 1:colcon.colcon_core.environment:checking '/home/enetcom/mecanum-ros2/install/mecanum_localization/lib/pkgconfig/mecanum_localization.pc'
[0.702s] Level 1:colcon.colcon_core.environment:checking '/home/enetcom/mecanum-ros2/install/mecanum_localization/lib/python3.10/site-packages'
[0.702s] Level 1:colcon.colcon_core.environment:checking '/home/enetcom/mecanum-ros2/install/mecanum_localization/bin'
[0.703s] INFO:colcon.colcon_core.shell:Creating package script '/home/enetcom/mecanum-ros2/install/mecanum_localization/share/mecanum_localization/package.ps1'
[0.705s] INFO:colcon.colcon_core.shell:Creating package descriptor '/home/enetcom/mecanum-ros2/install/mecanum_localization/share/mecanum_localization/package.dsv'
[0.706s] INFO:colcon.colcon_core.shell:Creating package script '/home/enetcom/mecanum-ros2/install/mecanum_localization/share/mecanum_localization/package.sh'
[0.707s] INFO:colcon.colcon_core.shell:Creating package script '/home/enetcom/mecanum-ros2/install/mecanum_localization/share/mecanum_localization/package.bash'
[0.708s] INFO:colcon.colcon_core.shell:Creating package script '/home/enetcom/mecanum-ros2/install/mecanum_localization/share/mecanum_localization/package.zsh'
[0.708s] Level 1:colcon.colcon_core.environment:create_file_with_runtime_dependencies(/home/enetcom/mecanum-ros2/install/mecanum_localization/share/colcon-core/packages/mecanum_localization)
[0.709s] Level 1:colcon.colcon_core.environment:create_environment_scripts_only(mecanum_localization)
[0.710s] Level 1:colcon.colcon_core.environment:checking '/home/enetcom/mecanum-ros2/install/mecanum_localization' for CMake module files
[0.710s] Level 1:colcon.colcon_core.environment:checking '/home/enetcom/mecanum-ros2/install/mecanum_localization' for CMake config files
[0.711s] Level 1:colcon.colcon_core.shell:create_environment_hook('mecanum_localization', 'cmake_prefix_path')
[0.711s] INFO:colcon.colcon_core.shell:Creating environment hook '/home/enetcom/mecanum-ros2/install/mecanum_localization/share/mecanum_localization/hook/cmake_prefix_path.ps1'
[0.712s] INFO:colcon.colcon_core.shell:Creating environment descriptor '/home/enetcom/mecanum-ros2/install/mecanum_localization/share/mecanum_localization/hook/cmake_prefix_path.dsv'
[0.712s] INFO:colcon.colcon_core.shell:Creating environment hook '/home/enetcom/mecanum-ros2/install/mecanum_localization/share/mecanum_localization/hook/cmake_prefix_path.sh'
[0.713s] Level 1:colcon.colcon_core.environment:checking '/home/enetcom/mecanum-ros2/install/mecanum_localization/bin'
[0.713s] Level 1:colcon.colcon_core.environment:checking '/home/enetcom/mecanum-ros2/install/mecanum_localization/lib/pkgconfig/mecanum_localization.pc'
[0.713s] Level 1:colcon.colcon_core.environment:checking '/home/enetcom/mecanum-ros2/install/mecanum_localization/lib/python3.10/site-packages'
[0.714s] Level 1:colcon.colcon_core.environment:checking '/home/enetcom/mecanum-ros2/install/mecanum_localization/bin'
[0.714s] INFO:colcon.colcon_core.shell:Creating package script '/home/enetcom/mecanum-ros2/install/mecanum_localization/share/mecanum_localization/package.ps1'
[0.715s] INFO:colcon.colcon_core.shell:Creating package descriptor '/home/enetcom/mecanum-ros2/install/mecanum_localization/share/mecanum_localization/package.dsv'
[0.715s] INFO:colcon.colcon_core.shell:Creating package script '/home/enetcom/mecanum-ros2/install/mecanum_localization/share/mecanum_localization/package.sh'
[0.716s] INFO:colcon.colcon_core.shell:Creating package script '/home/enetcom/mecanum-ros2/install/mecanum_localization/share/mecanum_localization/package.bash'
[0.716s] INFO:colcon.colcon_core.shell:Creating package script '/home/enetcom/mecanum-ros2/install/mecanum_localization/share/mecanum_localization/package.zsh'
[0.717s] Level 1:colcon.colcon_core.environment:create_file_with_runtime_dependencies(/home/enetcom/mecanum-ros2/install/mecanum_localization/share/colcon-core/packages/mecanum_localization)
[0.718s] Level 1:colcon.colcon_core.environment:create_environment_scripts_only(mecanum_navigation)
[0.719s] Level 1:colcon.colcon_core.environment:checking '/home/enetcom/mecanum-ros2/install/mecanum_navigation' for CMake module files
[0.720s] DEBUG:colcon.colcon_core.event_handler.log_command:Invoked command in '/home/enetcom/mecanum-ros2/build/mecanum_navigation' returned '0': CMAKE_PREFIX_PATH=${CMAKE_PREFIX_PATH}:/opt/ros/humble /usr/bin/cmake --install /home/enetcom/mecanum-ros2/build/mecanum_navigation
[0.721s] Level 1:colcon.colcon_core.environment:checking '/home/enetcom/mecanum-ros2/install/mecanum_navigation' for CMake config files
[0.721s] Level 1:colcon.colcon_core.shell:create_environment_hook('mecanum_navigation', 'cmake_prefix_path')
[0.722s] INFO:colcon.colcon_core.shell:Creating environment hook '/home/enetcom/mecanum-ros2/install/mecanum_navigation/share/mecanum_navigation/hook/cmake_prefix_path.ps1'
[0.722s] INFO:colcon.colcon_core.shell:Creating environment descriptor '/home/enetcom/mecanum-ros2/install/mecanum_navigation/share/mecanum_navigation/hook/cmake_prefix_path.dsv'
[0.723s] INFO:colcon.colcon_core.shell:Creating environment hook '/home/enetcom/mecanum-ros2/install/mecanum_navigation/share/mecanum_navigation/hook/cmake_prefix_path.sh'
[0.723s] Level 1:colcon.colcon_core.environment:checking '/home/enetcom/mecanum-ros2/install/mecanum_navigation/bin'
[0.723s] Level 1:colcon.colcon_core.environment:checking '/home/enetcom/mecanum-ros2/install/mecanum_navigation/lib/pkgconfig/mecanum_navigation.pc'
[0.724s] Level 1:colcon.colcon_core.environment:checking '/home/enetcom/mecanum-ros2/install/mecanum_navigation/lib/python3.10/site-packages'
[0.724s] Level 1:colcon.colcon_core.environment:checking '/home/enetcom/mecanum-ros2/install/mecanum_navigation/bin'
[0.724s] INFO:colcon.colcon_core.shell:Creating package script '/home/enetcom/mecanum-ros2/install/mecanum_navigation/share/mecanum_navigation/package.ps1'
[0.725s] INFO:colcon.colcon_core.shell:Creating package descriptor '/home/enetcom/mecanum-ros2/install/mecanum_navigation/share/mecanum_navigation/package.dsv'
[0.726s] INFO:colcon.colcon_core.shell:Creating package script '/home/enetcom/mecanum-ros2/install/mecanum_navigation/share/mecanum_navigation/package.sh'
[0.726s] INFO:colcon.colcon_core.shell:Creating package script '/home/enetcom/mecanum-ros2/install/mecanum_navigation/share/mecanum_navigation/package.bash'
[0.727s] INFO:colcon.colcon_core.shell:Creating package script '/home/enetcom/mecanum-ros2/install/mecanum_navigation/share/mecanum_navigation/package.zsh'
[0.727s] Level 1:colcon.colcon_core.environment:create_file_with_runtime_dependencies(/home/enetcom/mecanum-ros2/install/mecanum_navigation/share/colcon-core/packages/mecanum_navigation)
[0.728s] Level 1:colcon.colcon_core.environment:create_environment_scripts_only(mecanum_navigation)
[0.729s] Level 1:colcon.colcon_core.environment:checking '/home/enetcom/mecanum-ros2/install/mecanum_navigation' for CMake module files
[0.730s] Level 1:colcon.colcon_core.environment:checking '/home/enetcom/mecanum-ros2/install/mecanum_navigation' for CMake config files
[0.730s] Level 1:colcon.colcon_core.shell:create_environment_hook('mecanum_navigation', 'cmake_prefix_path')
[0.731s] INFO:colcon.colcon_core.shell:Creating environment hook '/home/enetcom/mecanum-ros2/install/mecanum_navigation/share/mecanum_navigation/hook/cmake_prefix_path.ps1'
[0.732s] INFO:colcon.colcon_core.shell:Creating environment descriptor '/home/enetcom/mecanum-ros2/install/mecanum_navigation/share/mecanum_navigation/hook/cmake_prefix_path.dsv'
[0.732s] INFO:colcon.colcon_core.shell:Creating environment hook '/home/enetcom/mecanum-ros2/install/mecanum_navigation/share/mecanum_navigation/hook/cmake_prefix_path.sh'
[0.733s] Level 1:colcon.colcon_core.environment:checking '/home/enetcom/mecanum-ros2/install/mecanum_navigation/bin'
[0.733s] Level 1:colcon.colcon_core.environment:checking '/home/enetcom/mecanum-ros2/install/mecanum_navigation/lib/pkgconfig/mecanum_navigation.pc'
[0.734s] Level 1:colcon.colcon_core.environment:checking '/home/enetcom/mecanum-ros2/install/mecanum_navigation/lib/python3.10/site-packages'
[0.735s] Level 1:colcon.colcon_core.environment:checking '/home/enetcom/mecanum-ros2/install/mecanum_navigation/bin'
[0.735s] INFO:colcon.colcon_core.shell:Creating package script '/home/enetcom/mecanum-ros2/install/mecanum_navigation/share/mecanum_navigation/package.ps1'
[0.737s] INFO:colcon.colcon_core.shell:Creating package descriptor '/home/enetcom/mecanum-ros2/install/mecanum_navigation/share/mecanum_navigation/package.dsv'
[0.737s] INFO:colcon.colcon_core.shell:Creating package script '/home/enetcom/mecanum-ros2/install/mecanum_navigation/share/mecanum_navigation/package.sh'
[0.738s] INFO:colcon.colcon_core.shell:Creating package script '/home/enetcom/mecanum-ros2/install/mecanum_navigation/share/mecanum_navigation/package.bash'
[0.739s] INFO:colcon.colcon_core.shell:Creating package script '/home/enetcom/mecanum-ros2/install/mecanum_navigation/share/mecanum_navigation/package.zsh'
[0.740s] Level 1:colcon.colcon_core.environment:create_file_with_runtime_dependencies(/home/enetcom/mecanum-ros2/install/mecanum_navigation/share/colcon-core/packages/mecanum_navigation)
[0.740s] Level 1:colcon.colcon_core.environment:create_environment_scripts_only(mechanum_description)
[0.741s] Level 1:colcon.colcon_core.environment:checking '/home/enetcom/mecanum-ros2/install/mechanum_description' for CMake module files
[0.742s] Level 1:colcon.colcon_core.environment:checking '/home/enetcom/mecanum-ros2/install/mechanum_description' for CMake config files
[0.743s] DEBUG:colcon.colcon_core.event_handler.log_command:Invoked command in '/home/enetcom/mecanum-ros2/build/mechanum_description' returned '0': CMAKE_PREFIX_PATH=${CMAKE_PREFIX_PATH}:/opt/ros/humble /usr/bin/cmake --install /home/enetcom/mecanum-ros2/build/mechanum_description
[0.744s] Level 1:colcon.colcon_core.shell:create_environment_hook('mechanum_description', 'cmake_prefix_path')
[0.744s] INFO:colcon.colcon_core.shell:Creating environment hook '/home/enetcom/mecanum-ros2/install/mechanum_description/share/mechanum_description/hook/cmake_prefix_path.ps1'
[0.745s] INFO:colcon.colcon_core.shell:Creating environment descriptor '/home/enetcom/mecanum-ros2/install/mechanum_description/share/mechanum_description/hook/cmake_prefix_path.dsv'
[0.746s] INFO:colcon.colcon_core.shell:Creating environment hook '/home/enetcom/mecanum-ros2/install/mechanum_description/share/mechanum_description/hook/cmake_prefix_path.sh'
[0.746s] Level 1:colcon.colcon_core.environment:checking '/home/enetcom/mecanum-ros2/install/mechanum_description/bin'
[0.747s] Level 1:colcon.colcon_core.environment:checking '/home/enetcom/mecanum-ros2/install/mechanum_description/lib/pkgconfig/mechanum_description.pc'
[0.747s] Level 1:colcon.colcon_core.environment:checking '/home/enetcom/mecanum-ros2/install/mechanum_description/lib/python3.10/site-packages'
[0.748s] Level 1:colcon.colcon_core.environment:checking '/home/enetcom/mecanum-ros2/install/mechanum_description/bin'
[0.749s] INFO:colcon.colcon_core.shell:Creating package script '/home/enetcom/mecanum-ros2/install/mechanum_description/share/mechanum_description/package.ps1'
[0.749s] INFO:colcon.colcon_core.shell:Creating package descriptor '/home/enetcom/mecanum-ros2/install/mechanum_description/share/mechanum_description/package.dsv'
[0.750s] INFO:colcon.colcon_core.shell:Creating package script '/home/enetcom/mecanum-ros2/install/mechanum_description/share/mechanum_description/package.sh'
[0.750s] INFO:colcon.colcon_core.shell:Creating package script '/home/enetcom/mecanum-ros2/install/mechanum_description/share/mechanum_description/package.bash'
[0.751s] INFO:colcon.colcon_core.shell:Creating package script '/home/enetcom/mecanum-ros2/install/mechanum_description/share/mechanum_description/package.zsh'
[0.751s] Level 1:colcon.colcon_core.environment:create_file_with_runtime_dependencies(/home/enetcom/mecanum-ros2/install/mechanum_description/share/colcon-core/packages/mechanum_description)
[0.752s] Level 1:colcon.colcon_core.environment:create_environment_scripts_only(mechanum_description)
[0.753s] Level 1:colcon.colcon_core.environment:checking '/home/enetcom/mecanum-ros2/install/mechanum_description' for CMake module files
[0.754s] Level 1:colcon.colcon_core.environment:checking '/home/enetcom/mecanum-ros2/install/mechanum_description' for CMake config files
[0.754s] Level 1:colcon.colcon_core.shell:create_environment_hook('mechanum_description', 'cmake_prefix_path')
[0.754s] INFO:colcon.colcon_core.shell:Creating environment hook '/home/enetcom/mecanum-ros2/install/mechanum_description/share/mechanum_description/hook/cmake_prefix_path.ps1'
[0.755s] INFO:colcon.colcon_core.shell:Creating environment descriptor '/home/enetcom/mecanum-ros2/install/mechanum_description/share/mechanum_description/hook/cmake_prefix_path.dsv'
[0.756s] INFO:colcon.colcon_core.shell:Creating environment hook '/home/enetcom/mecanum-ros2/install/mechanum_description/share/mechanum_description/hook/cmake_prefix_path.sh'
[0.756s] Level 1:colcon.colcon_core.environment:checking '/home/enetcom/mecanum-ros2/install/mechanum_description/bin'
[0.756s] Level 1:colcon.colcon_core.environment:checking '/home/enetcom/mecanum-ros2/install/mechanum_description/lib/pkgconfig/mechanum_description.pc'
[0.757s] Level 1:colcon.colcon_core.environment:checking '/home/enetcom/mecanum-ros2/install/mechanum_description/lib/python3.10/site-packages'
[0.757s] Level 1:colcon.colcon_core.environment:checking '/home/enetcom/mecanum-ros2/install/mechanum_description/bin'
[0.758s] INFO:colcon.colcon_core.shell:Creating package script '/home/enetcom/mecanum-ros2/install/mechanum_description/share/mechanum_description/package.ps1'
[0.758s] INFO:colcon.colcon_core.shell:Creating package descriptor '/home/enetcom/mecanum-ros2/install/mechanum_description/share/mechanum_description/package.dsv'
[0.759s] INFO:colcon.colcon_core.shell:Creating package script '/home/enetcom/mecanum-ros2/install/mechanum_description/share/mechanum_description/package.sh'
[0.759s] INFO:colcon.colcon_core.shell:Creating package script '/home/enetcom/mecanum-ros2/install/mechanum_description/share/mechanum_description/package.bash'
[0.760s] INFO:colcon.colcon_core.shell:Creating package script '/home/enetcom/mecanum-ros2/install/mechanum_description/share/mechanum_description/package.zsh'
[0.761s] Level 1:colcon.colcon_core.environment:create_file_with_runtime_dependencies(/home/enetcom/mecanum-ros2/install/mechanum_description/share/colcon-core/packages/mechanum_description)
[0.761s] DEBUG:colcon.colcon_parallel_executor.executor.parallel:closing loop
[0.762s] DEBUG:colcon.colcon_parallel_executor.executor.parallel:loop closed
[0.762s] DEBUG:colcon.colcon_parallel_executor.executor.parallel:run_until_complete finished with '0'
[0.762s] DEBUG:colcon.colcon_core.event_reactor:joining thread
[0.770s] INFO:colcon.colcon_core.plugin_system:Skipping extension 'colcon_notification.desktop_notification.terminal_notifier': Not used on non-Darwin systems
[0.770s] INFO:colcon.colcon_core.plugin_system:Skipping extension 'colcon_notification.desktop_notification.win32': Not used on non-Windows systems
[0.770s] INFO:colcon.colcon_notification.desktop_notification:Sending desktop notification using 'notify2'
[0.784s] DEBUG:colcon.colcon_core.event_reactor:joined thread
[0.785s] INFO:colcon.colcon_core.shell:Creating prefix script '/home/enetcom/mecanum-ros2/install/local_setup.ps1'
[0.787s] INFO:colcon.colcon_core.shell:Creating prefix util module '/home/enetcom/mecanum-ros2/install/_local_setup_util_ps1.py'
[0.790s] INFO:colcon.colcon_core.shell:Creating prefix chain script '/home/enetcom/mecanum-ros2/install/setup.ps1'
[0.793s] INFO:colcon.colcon_core.shell:Creating prefix script '/home/enetcom/mecanum-ros2/install/local_setup.sh'
[0.794s] INFO:colcon.colcon_core.shell:Creating prefix util module '/home/enetcom/mecanum-ros2/install/_local_setup_util_sh.py'
[0.795s] INFO:colcon.colcon_core.shell:Creating prefix chain script '/home/enetcom/mecanum-ros2/install/setup.sh'
[0.797s] INFO:colcon.colcon_core.shell:Creating prefix script '/home/enetcom/mecanum-ros2/install/local_setup.bash'
[0.798s] INFO:colcon.colcon_core.shell:Creating prefix chain script '/home/enetcom/mecanum-ros2/install/setup.bash'
[0.800s] INFO:colcon.colcon_core.shell:Creating prefix script '/home/enetcom/mecanum-ros2/install/local_setup.zsh'
[0.802s] INFO:colcon.colcon_core.shell:Creating prefix chain script '/home/enetcom/mecanum-ros2/install/setup.zsh'
