-- Install configuration: ""
-- Execute custom install script
-- Up-to-date symlink: /home/enetcom/mecanum-ros2/install/mecanum_localization/share/mecanum_localization/launch/robot_localization.launch.py
-- Up-to-date symlink: /home/enetcom/mecanum-ros2/install/mecanum_localization/share/mecanum_localization/config/amcl.yaml
-- Up-to-date symlink: /home/enetcom/mecanum-ros2/install/mecanum_localization/share/mecanum_localization/config/mecanum_localization.yaml
-- Up-to-date symlink: /home/enetcom/mecanum-ros2/install/mecanum_localization/share/mecanum_localization/map/map_3x3_mecanum.pgm
-- Up-to-date symlink: /home/enetcom/mecanum-ros2/install/mecanum_localization/share/mecanum_localization/map/map_3x3_mecanum.yaml
-- Up-to-date symlink: /home/enetcom/mecanum-ros2/install/mecanum_localization/share/ament_index/resource_index/package_run_dependencies/mecanum_localization
-- Up-to-date symlink: /home/enetcom/mecanum-ros2/install/mecanum_localization/share/ament_index/resource_index/parent_prefix_path/mecanum_localization
-- Up-to-date symlink: /home/enetcom/mecanum-ros2/install/mecanum_localization/share/mecanum_localization/environment/ament_prefix_path.sh
-- Up-to-date symlink: /home/enetcom/mecanum-ros2/install/mecanum_localization/share/mecanum_localization/environment/ament_prefix_path.dsv
-- Up-to-date symlink: /home/enetcom/mecanum-ros2/install/mecanum_localization/share/mecanum_localization/environment/path.sh
-- Up-to-date symlink: /home/enetcom/mecanum-ros2/install/mecanum_localization/share/mecanum_localization/environment/path.dsv
-- Up-to-date symlink: /home/enetcom/mecanum-ros2/install/mecanum_localization/share/mecanum_localization/local_setup.bash
-- Up-to-date symlink: /home/enetcom/mecanum-ros2/install/mecanum_localization/share/mecanum_localization/local_setup.sh
-- Up-to-date symlink: /home/enetcom/mecanum-ros2/install/mecanum_localization/share/mecanum_localization/local_setup.zsh
-- Up-to-date symlink: /home/enetcom/mecanum-ros2/install/mecanum_localization/share/mecanum_localization/local_setup.dsv
-- Symlinking: /home/enetcom/mecanum-ros2/install/mecanum_localization/share/mecanum_localization/package.dsv
-- Up-to-date symlink: /home/enetcom/mecanum-ros2/install/mecanum_localization/share/ament_index/resource_index/packages/mecanum_localization
-- Up-to-date symlink: /home/enetcom/mecanum-ros2/install/mecanum_localization/share/mecanum_localization/cmake/mecanum_localizationConfig.cmake
-- Up-to-date symlink: /home/enetcom/mecanum-ros2/install/mecanum_localization/share/mecanum_localization/cmake/mecanum_localizationConfig-version.cmake
-- Up-to-date symlink: /home/enetcom/mecanum-ros2/install/mecanum_localization/share/mecanum_localization/package.xml
