[0.027s] Invoking command in '/home/enetcom/mecanum-ros2/build/mecanum_localization': CMAKE_PREFIX_PATH=/opt/ros/humble /usr/bin/cmake --build /home/enetcom/mecanum-ros2/build/mecanum_localization -- -j4 -l4
[0.106s] Invoked command in '/home/enetcom/mecanum-ros2/build/mecanum_localization' returned '0': CMAKE_PREFIX_PATH=/opt/ros/humble /usr/bin/cmake --build /home/enetcom/mecanum-ros2/build/mecanum_localization -- -j4 -l4
[0.123s] Invoking command in '/home/enetcom/mecanum-ros2/build/mecanum_localization': CMAKE_PREFIX_PATH=/opt/ros/humble /usr/bin/cmake --install /home/enetcom/mecanum-ros2/build/mecanum_localization
[0.137s] -- Install configuration: ""
[0.139s] -- Execute custom install script
[0.139s] -- Up-to-date symlink: /home/enetcom/mecanum-ros2/install/mecanum_localization/share/mecanum_localization/launch/robot_localization.launch.py
[0.140s] -- Up-to-date symlink: /home/enetcom/mecanum-ros2/install/mecanum_localization/share/mecanum_localization/config/amcl.yaml
[0.141s] -- Up-to-date symlink: /home/enetcom/mecanum-ros2/install/mecanum_localization/share/mecanum_localization/config/mecanum_localization.yaml
[0.142s] -- Up-to-date symlink: /home/enetcom/mecanum-ros2/install/mecanum_localization/share/ament_index/resource_index/package_run_dependencies/mecanum_localization
[0.143s] -- Up-to-date symlink: /home/enetcom/mecanum-ros2/install/mecanum_localization/share/ament_index/resource_index/parent_prefix_path/mecanum_localization
[0.143s] -- Up-to-date symlink: /home/enetcom/mecanum-ros2/install/mecanum_localization/share/mecanum_localization/environment/ament_prefix_path.sh
[0.143s] -- Up-to-date symlink: /home/enetcom/mecanum-ros2/install/mecanum_localization/share/mecanum_localization/environment/ament_prefix_path.dsv
[0.144s] -- Up-to-date symlink: /home/enetcom/mecanum-ros2/install/mecanum_localization/share/mecanum_localization/environment/path.sh
[0.144s] -- Up-to-date symlink: /home/enetcom/mecanum-ros2/install/mecanum_localization/share/mecanum_localization/environment/path.dsv
[0.146s] -- Up-to-date symlink: /home/enetcom/mecanum-ros2/install/mecanum_localization/share/mecanum_localization/local_setup.bash
[0.146s] -- Up-to-date symlink: /home/enetcom/mecanum-ros2/install/mecanum_localization/share/mecanum_localization/local_setup.sh
[0.147s] -- Up-to-date symlink: /home/enetcom/mecanum-ros2/install/mecanum_localization/share/mecanum_localization/local_setup.zsh
[0.147s] -- Up-to-date symlink: /home/enetcom/mecanum-ros2/install/mecanum_localization/share/mecanum_localization/local_setup.dsv
[0.147s] -- Symlinking: /home/enetcom/mecanum-ros2/install/mecanum_localization/share/mecanum_localization/package.dsv
[0.179s] -- Up-to-date symlink: /home/enetcom/mecanum-ros2/install/mecanum_localization/share/ament_index/resource_index/packages/mecanum_localization
[0.179s] -- Up-to-date symlink: /home/enetcom/mecanum-ros2/install/mecanum_localization/share/mecanum_localization/cmake/mecanum_localizationConfig.cmake
[0.180s] -- Up-to-date symlink: /home/enetcom/mecanum-ros2/install/mecanum_localization/share/mecanum_localization/cmake/mecanum_localizationConfig-version.cmake
[0.180s] -- Up-to-date symlink: /home/enetcom/mecanum-ros2/install/mecanum_localization/share/mecanum_localization/package.xml
[0.215s] Invoked command in '/home/enetcom/mecanum-ros2/build/mecanum_localization' returned '0': CMAKE_PREFIX_PATH=/opt/ros/humble /usr/bin/cmake --install /home/enetcom/mecanum-ros2/build/mecanum_localization
