[0.024s] Invoking command in '/home/enetcom/mecanum-ros2/build/mecanum_localization': CMAKE_PREFIX_PATH=${CMAKE_PREFIX_PATH}:/opt/ros/humble /usr/bin/cmake /home/enetcom/mecanum-ros2/src/mecanum_localization -DAMENT_CMAKE_SYMLINK_INSTALL=1 -DCMAKE_INSTALL_PREFIX=/home/enetcom/mecanum-ros2/install/mecanum_localization
[0.050s] -- Found ament_cmake: 1.3.14 (/opt/ros/humble/share/ament_cmake/cmake)
[0.277s] -- Override CMake install command with custom implementation using symlinks instead of copying resources
[0.288s] -- Found ament_lint_auto: 0.12.14 (/opt/ros/humble/share/ament_lint_auto/cmake)
[0.426s] -- Added test 'flake8' to check Python code syntax and style conventions
[0.427s] -- Added test 'lint_cmake' to check CMake code style
[0.428s] -- Added test 'pep257' to check Python code against some of the docstring style conventions in PEP 257
[0.432s] -- Added test 'xmllint' to check XML markup files
[0.433s] -- Configuring done
[0.439s] -- Generating done
[0.442s] -- Build files have been written to: /home/enetcom/mecanum-ros2/build/mecanum_localization
[0.452s] Invoked command in '/home/enetcom/mecanum-ros2/build/mecanum_localization' returned '0': CMAKE_PREFIX_PATH=${CMAKE_PREFIX_PATH}:/opt/ros/humble /usr/bin/cmake /home/enetcom/mecanum-ros2/src/mecanum_localization -DAMENT_CMAKE_SYMLINK_INSTALL=1 -DCMAKE_INSTALL_PREFIX=/home/enetcom/mecanum-ros2/install/mecanum_localization
[0.453s] Invoking command in '/home/enetcom/mecanum-ros2/build/mecanum_localization': CMAKE_PREFIX_PATH=${CMAKE_PREFIX_PATH}:/opt/ros/humble /usr/bin/cmake --build /home/enetcom/mecanum-ros2/build/mecanum_localization -- -j4 -l4
[0.519s] Invoked command in '/home/enetcom/mecanum-ros2/build/mecanum_localization' returned '0': CMAKE_PREFIX_PATH=${CMAKE_PREFIX_PATH}:/opt/ros/humble /usr/bin/cmake --build /home/enetcom/mecanum-ros2/build/mecanum_localization -- -j4 -l4
[0.525s] Invoking command in '/home/enetcom/mecanum-ros2/build/mecanum_localization': CMAKE_PREFIX_PATH=${CMAKE_PREFIX_PATH}:/opt/ros/humble /usr/bin/cmake --install /home/enetcom/mecanum-ros2/build/mecanum_localization
[0.535s] -- Install configuration: ""
[0.536s] -- Execute custom install script
[0.536s] -- Up-to-date symlink: /home/enetcom/mecanum-ros2/install/mecanum_localization/share/mecanum_localization/launch/robot_localization.launch.py
[0.536s] -- Up-to-date symlink: /home/enetcom/mecanum-ros2/install/mecanum_localization/share/mecanum_localization/config/amcl.yaml
[0.539s] -- Up-to-date symlink: /home/enetcom/mecanum-ros2/install/mecanum_localization/share/mecanum_localization/config/mecanum_localization.yaml
[0.541s] -- Up-to-date symlink: /home/enetcom/mecanum-ros2/install/mecanum_localization/share/mecanum_localization/map/map_3x3_mecanum.pgm
[0.545s] -- Up-to-date symlink: /home/enetcom/mecanum-ros2/install/mecanum_localization/share/mecanum_localization/map/map_3x3_mecanum.yaml
[0.546s] -- Up-to-date symlink: /home/enetcom/mecanum-ros2/install/mecanum_localization/share/ament_index/resource_index/package_run_dependencies/mecanum_localization
[0.546s] -- Up-to-date symlink: /home/enetcom/mecanum-ros2/install/mecanum_localization/share/ament_index/resource_index/parent_prefix_path/mecanum_localization
[0.547s] -- Up-to-date symlink: /home/enetcom/mecanum-ros2/install/mecanum_localization/share/mecanum_localization/environment/ament_prefix_path.sh
[0.547s] -- Up-to-date symlink: /home/enetcom/mecanum-ros2/install/mecanum_localization/share/mecanum_localization/environment/ament_prefix_path.dsv
[0.547s] -- Up-to-date symlink: /home/enetcom/mecanum-ros2/install/mecanum_localization/share/mecanum_localization/environment/path.sh
[0.547s] -- Up-to-date symlink: /home/enetcom/mecanum-ros2/install/mecanum_localization/share/mecanum_localization/environment/path.dsv
[0.548s] -- Up-to-date symlink: /home/enetcom/mecanum-ros2/install/mecanum_localization/share/mecanum_localization/local_setup.bash
[0.549s] -- Up-to-date symlink: /home/enetcom/mecanum-ros2/install/mecanum_localization/share/mecanum_localization/local_setup.sh
[0.550s] -- Up-to-date symlink: /home/enetcom/mecanum-ros2/install/mecanum_localization/share/mecanum_localization/local_setup.zsh
[0.551s] -- Up-to-date symlink: /home/enetcom/mecanum-ros2/install/mecanum_localization/share/mecanum_localization/local_setup.dsv
[0.551s] -- Symlinking: /home/enetcom/mecanum-ros2/install/mecanum_localization/share/mecanum_localization/package.dsv
[0.555s] -- Up-to-date symlink: /home/enetcom/mecanum-ros2/install/mecanum_localization/share/ament_index/resource_index/packages/mecanum_localization
[0.555s] -- Up-to-date symlink: /home/enetcom/mecanum-ros2/install/mecanum_localization/share/mecanum_localization/cmake/mecanum_localizationConfig.cmake
[0.555s] -- Up-to-date symlink: /home/enetcom/mecanum-ros2/install/mecanum_localization/share/mecanum_localization/cmake/mecanum_localizationConfig-version.cmake
[0.556s] -- Up-to-date symlink: /home/enetcom/mecanum-ros2/install/mecanum_localization/share/mecanum_localization/package.xml
[0.597s] Invoked command in '/home/enetcom/mecanum-ros2/build/mecanum_localization' returned '0': CMAKE_PREFIX_PATH=${CMAKE_PREFIX_PATH}:/opt/ros/humble /usr/bin/cmake --install /home/enetcom/mecanum-ros2/build/mecanum_localization
