[0.027s] Invoking command in '/home/enetcom/mecanum-ros2/build/mechanum_description': CMAKE_PREFIX_PATH=${CMAKE_PREFIX_PATH}:/opt/ros/humble /usr/bin/cmake /home/enetcom/mecanum-ros2/src/mechanum_description -DAMENT_CMAKE_SYMLINK_INSTALL=1 -DCMAKE_INSTALL_PREFIX=/home/enetcom/mecanum-ros2/install/mechanum_description
[0.052s] -- Found ament_cmake: 1.3.14 (/opt/ros/humble/share/ament_cmake/cmake)
[0.276s] -- Override CMake install command with custom implementation using symlinks instead of copying resources
[0.290s] -- Found ament_lint_auto: 0.12.14 (/opt/ros/humble/share/ament_lint_auto/cmake)
[0.432s] -- Added test 'flake8' to check Python code syntax and style conventions
[0.433s] -- Added test 'lint_cmake' to check CMake code style
[0.435s] -- Added test 'pep257' to check Python code against some of the docstring style conventions in PEP 257
[0.442s] -- Added test 'xmllint' to check XML markup files
[0.444s] -- Configuring done
[0.451s] -- Generating done
[0.453s] -- Build files have been written to: /home/enetcom/mecanum-ros2/build/mechanum_description
[0.458s] Invoked command in '/home/enetcom/mecanum-ros2/build/mechanum_description' returned '0': CMAKE_PREFIX_PATH=${CMAKE_PREFIX_PATH}:/opt/ros/humble /usr/bin/cmake /home/enetcom/mecanum-ros2/src/mechanum_description -DAMENT_CMAKE_SYMLINK_INSTALL=1 -DCMAKE_INSTALL_PREFIX=/home/enetcom/mecanum-ros2/install/mechanum_description
[0.460s] Invoking command in '/home/enetcom/mecanum-ros2/build/mechanum_description': CMAKE_PREFIX_PATH=${CMAKE_PREFIX_PATH}:/opt/ros/humble /usr/bin/cmake --build /home/enetcom/mecanum-ros2/build/mechanum_description -- -j4 -l4
[0.519s] Invoked command in '/home/enetcom/mecanum-ros2/build/mechanum_description' returned '0': CMAKE_PREFIX_PATH=${CMAKE_PREFIX_PATH}:/opt/ros/humble /usr/bin/cmake --build /home/enetcom/mecanum-ros2/build/mechanum_description -- -j4 -l4
[0.526s] Invoking command in '/home/enetcom/mecanum-ros2/build/mechanum_description': CMAKE_PREFIX_PATH=${CMAKE_PREFIX_PATH}:/opt/ros/humble /usr/bin/cmake --install /home/enetcom/mecanum-ros2/build/mechanum_description
[0.540s] -- Install configuration: ""
[0.543s] -- Execute custom install script
[0.545s] -- Up-to-date symlink: /home/enetcom/mecanum-ros2/install/mechanum_description/share/mechanum_description/meshes/azure_kinect.dae
[0.545s] -- Up-to-date symlink: /home/enetcom/mecanum-ros2/install/mechanum_description/share/mechanum_description/meshes/chain_link1.stl
[0.546s] -- Up-to-date symlink: /home/enetcom/mecanum-ros2/install/mechanum_description/share/mechanum_description/meshes/chain_link2.stl
[0.546s] -- Up-to-date symlink: /home/enetcom/mecanum-ros2/install/mechanum_description/share/mechanum_description/meshes/chain_link3.stl
[0.547s] -- Up-to-date symlink: /home/enetcom/mecanum-ros2/install/mechanum_description/share/mechanum_description/meshes/chain_link4.stl
[0.549s] -- Up-to-date symlink: /home/enetcom/mecanum-ros2/install/mechanum_description/share/mechanum_description/meshes/chain_link5.stl
[0.549s] -- Up-to-date symlink: /home/enetcom/mecanum-ros2/install/mechanum_description/share/mechanum_description/meshes/chain_link_grip_l.stl
[0.549s] -- Up-to-date symlink: /home/enetcom/mecanum-ros2/install/mechanum_description/share/mechanum_description/meshes/chain_link_grip_r.stl
[0.549s] -- Up-to-date symlink: /home/enetcom/mecanum-ros2/install/mechanum_description/share/mechanum_description/meshes/intel_realsense/visual/d435.stl
[0.550s] -- Up-to-date symlink: /home/enetcom/mecanum-ros2/install/mechanum_description/share/mechanum_description/meshes/mecanum_a.dae
[0.551s] -- Up-to-date symlink: /home/enetcom/mecanum-ros2/install/mechanum_description/share/mechanum_description/meshes/mecanum_b.dae
[0.552s] -- Up-to-date symlink: /home/enetcom/mecanum-ros2/install/mechanum_description/share/mechanum_description/meshes/rosmaster_x3/visual/back_left_wheel_X3.STL
[0.554s] -- Up-to-date symlink: /home/enetcom/mecanum-ros2/install/mechanum_description/share/mechanum_description/meshes/rosmaster_x3/visual/back_right_wheel_X3.STL
[0.554s] -- Up-to-date symlink: /home/enetcom/mecanum-ros2/install/mechanum_description/share/mechanum_description/meshes/rosmaster_x3/visual/base_link_X3.STL
[0.554s] -- Up-to-date symlink: /home/enetcom/mecanum-ros2/install/mechanum_description/share/mechanum_description/meshes/rosmaster_x3/visual/front_left_wheel_X3.STL
[0.556s] -- Up-to-date symlink: /home/enetcom/mecanum-ros2/install/mechanum_description/share/mechanum_description/meshes/rosmaster_x3/visual/front_right_wheel_X3.STL
[0.557s] -- Up-to-date symlink: /home/enetcom/mecanum-ros2/install/mechanum_description/share/mechanum_description/meshes/rosmaster_x3/visual/laser_link.STL
[0.558s] -- Up-to-date symlink: /home/enetcom/mecanum-ros2/install/mechanum_description/share/mechanum_description/meshes/rplidar/rplidar_s2.stl
[0.558s] -- Up-to-date symlink: /home/enetcom/mecanum-ros2/install/mechanum_description/share/mechanum_description/meshes/wpb_mani_base.dae
[0.559s] -- Up-to-date symlink: /home/enetcom/mecanum-ros2/install/mechanum_description/share/mechanum_description/urdf/materials.xacro
[0.559s] -- Up-to-date symlink: /home/enetcom/mecanum-ros2/install/mechanum_description/share/mechanum_description/urdf/mech/mecanum_wheel.urdf.xacro
[0.561s] -- Up-to-date symlink: /home/enetcom/mecanum-ros2/install/mechanum_description/share/mechanum_description/urdf/mech/rosmaster_x3_base.urdf.xacro
[0.561s] -- Up-to-date symlink: /home/enetcom/mecanum-ros2/install/mechanum_description/share/mechanum_description/urdf/open_manipulator_x.gazebo.xacro
[0.561s] -- Up-to-date symlink: /home/enetcom/mecanum-ros2/install/mechanum_description/share/mechanum_description/urdf/open_manipulator_x.transmission.xacro
[0.561s] -- Up-to-date symlink: /home/enetcom/mecanum-ros2/install/mechanum_description/share/mechanum_description/urdf/open_manipulator_x.urdf.xacro
[0.561s] -- Up-to-date symlink: /home/enetcom/mecanum-ros2/install/mechanum_description/share/mechanum_description/urdf/robots/rosmaster_x3.urdf.xacro
[0.563s] -- Up-to-date symlink: /home/enetcom/mecanum-ros2/install/mechanum_description/share/mechanum_description/urdf/sensors/lidar.urdf.xacro
[0.563s] -- Up-to-date symlink: /home/enetcom/mecanum-ros2/install/mechanum_description/share/mechanum_description/urdf/wpb_mani.urdf.xacro
[0.564s] -- Up-to-date symlink: /home/enetcom/mecanum-ros2/install/mechanum_description/share/mechanum_description/urdf/wpb_ros2control.xacro
[0.564s] -- Up-to-date symlink: /home/enetcom/mecanum-ros2/install/mechanum_description/share/mechanum_description/launch/gazebo.launch.py
[0.564s] -- Up-to-date symlink: /home/enetcom/mecanum-ros2/install/mechanum_description/share/mechanum_description/launch/rviz_display.launch.py
[0.564s] -- Up-to-date symlink: /home/enetcom/mecanum-ros2/install/mechanum_description/share/mechanum_description/rviz/mechanum_rviz.rviz
[0.564s] -- Up-to-date symlink: /home/enetcom/mecanum-ros2/install/mechanum_description/share/mechanum_description/config/mechanum.yaml
[0.564s] -- Up-to-date symlink: /home/enetcom/mecanum-ros2/install/mechanum_description/share/mechanum_description/worlds/map_3x3.world
[0.564s] -- Up-to-date symlink: /home/enetcom/mecanum-ros2/install/mechanum_description/share/ament_index/resource_index/package_run_dependencies/mechanum_description
[0.564s] -- Up-to-date symlink: /home/enetcom/mecanum-ros2/install/mechanum_description/share/ament_index/resource_index/parent_prefix_path/mechanum_description
[0.564s] -- Up-to-date symlink: /home/enetcom/mecanum-ros2/install/mechanum_description/share/mechanum_description/environment/ament_prefix_path.sh
[0.565s] -- Up-to-date symlink: /home/enetcom/mecanum-ros2/install/mechanum_description/share/mechanum_description/environment/ament_prefix_path.dsv
[0.565s] -- Up-to-date symlink: /home/enetcom/mecanum-ros2/install/mechanum_description/share/mechanum_description/environment/path.sh
[0.565s] -- Up-to-date symlink: /home/enetcom/mecanum-ros2/install/mechanum_description/share/mechanum_description/environment/path.dsv
[0.565s] -- Up-to-date symlink: /home/enetcom/mecanum-ros2/install/mechanum_description/share/mechanum_description/local_setup.bash
[0.565s] -- Up-to-date symlink: /home/enetcom/mecanum-ros2/install/mechanum_description/share/mechanum_description/local_setup.sh
[0.565s] -- Up-to-date symlink: /home/enetcom/mecanum-ros2/install/mechanum_description/share/mechanum_description/local_setup.zsh
[0.565s] -- Up-to-date symlink: /home/enetcom/mecanum-ros2/install/mechanum_description/share/mechanum_description/local_setup.dsv
[0.565s] -- Symlinking: /home/enetcom/mecanum-ros2/install/mechanum_description/share/mechanum_description/package.dsv
[0.568s] -- Up-to-date symlink: /home/enetcom/mecanum-ros2/install/mechanum_description/share/ament_index/resource_index/packages/mechanum_description
[0.570s] -- Up-to-date symlink: /home/enetcom/mecanum-ros2/install/mechanum_description/share/mechanum_description/cmake/mechanum_descriptionConfig.cmake
[0.572s] -- Up-to-date symlink: /home/enetcom/mecanum-ros2/install/mechanum_description/share/mechanum_description/cmake/mechanum_descriptionConfig-version.cmake
[0.573s] -- Up-to-date symlink: /home/enetcom/mecanum-ros2/install/mechanum_description/share/mechanum_description/package.xml
[0.609s] Invoked command in '/home/enetcom/mecanum-ros2/build/mechanum_description' returned '0': CMAKE_PREFIX_PATH=${CMAKE_PREFIX_PATH}:/opt/ros/humble /usr/bin/cmake --install /home/enetcom/mecanum-ros2/build/mechanum_description
