[0.024s] Invoking command in '/home/enetcom/mecanum-ros2/build/mecanum_navigation': CMAKE_PREFIX_PATH=${CMAKE_PREFIX_PATH}:/opt/ros/humble /usr/bin/cmake /home/enetcom/mecanum-ros2/src/mecanum_navigation -DCMAKE_INSTALL_PREFIX=/home/enetcom/mecanum-ros2/install/mecanum_navigation
[0.044s] -- Found ament_cmake: 1.3.14 (/opt/ros/humble/share/ament_cmake/cmake)
[0.232s] -- Override CMake install command with custom implementation using symlinks instead of copying resources
[0.245s] -- Found ament_lint_auto: 0.12.14 (/opt/ros/humble/share/ament_lint_auto/cmake)
[0.342s] -- Added test 'flake8' to check Python code syntax and style conventions
[0.343s] -- Added test 'lint_cmake' to check CMake code style
[0.344s] -- Added test 'pep257' to check Python code against some of the docstring style conventions in PEP 257
[0.345s] -- Added test 'xmllint' to check XML markup files
[0.347s] -- Configuring done
[0.352s] -- Generating done
[0.356s] -- Build files have been written to: /home/enetcom/mecanum-ros2/build/mecanum_navigation
[0.360s] Invoked command in '/home/enetcom/mecanum-ros2/build/mecanum_navigation' returned '0': CMAKE_PREFIX_PATH=${CMAKE_PREFIX_PATH}:/opt/ros/humble /usr/bin/cmake /home/enetcom/mecanum-ros2/src/mecanum_navigation -DCMAKE_INSTALL_PREFIX=/home/enetcom/mecanum-ros2/install/mecanum_navigation
[0.363s] Invoking command in '/home/enetcom/mecanum-ros2/build/mecanum_navigation': CMAKE_PREFIX_PATH=${CMAKE_PREFIX_PATH}:/opt/ros/humble /usr/bin/cmake --build /home/enetcom/mecanum-ros2/build/mecanum_navigation -- -j4 -l4
[0.430s] Invoked command in '/home/enetcom/mecanum-ros2/build/mecanum_navigation' returned '0': CMAKE_PREFIX_PATH=${CMAKE_PREFIX_PATH}:/opt/ros/humble /usr/bin/cmake --build /home/enetcom/mecanum-ros2/build/mecanum_navigation -- -j4 -l4
[0.447s] Invoking command in '/home/enetcom/mecanum-ros2/build/mecanum_navigation': CMAKE_PREFIX_PATH=${CMAKE_PREFIX_PATH}:/opt/ros/humble /usr/bin/cmake --install /home/enetcom/mecanum-ros2/build/mecanum_navigation
[0.454s] -- Install configuration: ""
[0.455s] -- Execute custom install script
[0.456s] -- Up-to-date symlink: /home/enetcom/mecanum-ros2/install/mecanum_navigation/share/mecanum_navigation/launch/mecanum_nav.launch.py
[0.456s] -- Up-to-date symlink: /home/enetcom/mecanum-ros2/install/mecanum_navigation/share/mecanum_navigation/config/nav2.rviz
[0.457s] -- Up-to-date symlink: /home/enetcom/mecanum-ros2/install/mecanum_navigation/share/mecanum_navigation/config/nav2_param.yaml
[0.458s] -- Up-to-date symlink: /home/enetcom/mecanum-ros2/install/mecanum_navigation/share/ament_index/resource_index/package_run_dependencies/mecanum_navigation
[0.459s] -- Up-to-date symlink: /home/enetcom/mecanum-ros2/install/mecanum_navigation/share/ament_index/resource_index/parent_prefix_path/mecanum_navigation
[0.460s] -- Up-to-date symlink: /home/enetcom/mecanum-ros2/install/mecanum_navigation/share/mecanum_navigation/environment/ament_prefix_path.sh
[0.460s] -- Up-to-date symlink: /home/enetcom/mecanum-ros2/install/mecanum_navigation/share/mecanum_navigation/environment/ament_prefix_path.dsv
[0.460s] -- Up-to-date symlink: /home/enetcom/mecanum-ros2/install/mecanum_navigation/share/mecanum_navigation/environment/path.sh
[0.460s] -- Up-to-date symlink: /home/enetcom/mecanum-ros2/install/mecanum_navigation/share/mecanum_navigation/environment/path.dsv
[0.460s] -- Up-to-date symlink: /home/enetcom/mecanum-ros2/install/mecanum_navigation/share/mecanum_navigation/local_setup.bash
[0.460s] -- Up-to-date symlink: /home/enetcom/mecanum-ros2/install/mecanum_navigation/share/mecanum_navigation/local_setup.sh
[0.461s] -- Up-to-date symlink: /home/enetcom/mecanum-ros2/install/mecanum_navigation/share/mecanum_navigation/local_setup.zsh
[0.461s] -- Up-to-date symlink: /home/enetcom/mecanum-ros2/install/mecanum_navigation/share/mecanum_navigation/local_setup.dsv
[0.461s] -- Symlinking: /home/enetcom/mecanum-ros2/install/mecanum_navigation/share/mecanum_navigation/package.dsv
[0.478s] -- Up-to-date symlink: /home/enetcom/mecanum-ros2/install/mecanum_navigation/share/ament_index/resource_index/packages/mecanum_navigation
[0.479s] -- Up-to-date symlink: /home/enetcom/mecanum-ros2/install/mecanum_navigation/share/mecanum_navigation/cmake/mecanum_navigationConfig.cmake
[0.480s] -- Up-to-date symlink: /home/enetcom/mecanum-ros2/install/mecanum_navigation/share/mecanum_navigation/cmake/mecanum_navigationConfig-version.cmake
[0.481s] -- Up-to-date symlink: /home/enetcom/mecanum-ros2/install/mecanum_navigation/share/mecanum_navigation/package.xml
[0.489s] Invoked command in '/home/enetcom/mecanum-ros2/build/mecanum_navigation' returned '0': CMAKE_PREFIX_PATH=${CMAKE_PREFIX_PATH}:/opt/ros/humble /usr/bin/cmake --install /home/enetcom/mecanum-ros2/build/mecanum_navigation
