[0.025s] Invoking command in '/home/enetcom/mecanum-ros2/build/mechanum_description': CMAKE_PREFIX_PATH=/opt/ros/humble /usr/bin/cmake /home/enetcom/mecanum-ros2/src/mechanum_description -DCMAKE_INSTALL_PREFIX=/home/enetcom/mecanum-ros2/install/mechanum_description
[0.086s] -- Found ament_cmake: 1.3.14 (/opt/ros/humble/share/ament_cmake/cmake)
[0.302s] -- Override CMake install command with custom implementation using symlinks instead of copying resources
[0.313s] -- Found ament_lint_auto: 0.12.14 (/opt/ros/humble/share/ament_lint_auto/cmake)
[0.418s] -- Added test 'flake8' to check Python code syntax and style conventions
[0.420s] -- Added test 'lint_cmake' to check CMake code style
[0.422s] -- Added test 'pep257' to check Python code against some of the docstring style conventions in PEP 257
[0.428s] -- Added test 'xmllint' to check XML markup files
[0.432s] -- Configuring done
[0.442s] -- Generating done
[0.445s] -- Build files have been written to: /home/enetcom/mecanum-ros2/build/mechanum_description
[0.451s] Invoked command in '/home/enetcom/mecanum-ros2/build/mechanum_description' returned '0': CMAKE_PREFIX_PATH=/opt/ros/humble /usr/bin/cmake /home/enetcom/mecanum-ros2/src/mechanum_description -DCMAKE_INSTALL_PREFIX=/home/enetcom/mecanum-ros2/install/mechanum_description
[0.453s] Invoking command in '/home/enetcom/mecanum-ros2/build/mechanum_description': CMAKE_PREFIX_PATH=/opt/ros/humble /usr/bin/cmake --build /home/enetcom/mecanum-ros2/build/mechanum_description -- -j4 -l4
[0.502s] Invoked command in '/home/enetcom/mecanum-ros2/build/mechanum_description' returned '0': CMAKE_PREFIX_PATH=/opt/ros/humble /usr/bin/cmake --build /home/enetcom/mecanum-ros2/build/mechanum_description -- -j4 -l4
[0.515s] Invoking command in '/home/enetcom/mecanum-ros2/build/mechanum_description': CMAKE_PREFIX_PATH=/opt/ros/humble /usr/bin/cmake --install /home/enetcom/mecanum-ros2/build/mechanum_description
[0.528s] -- Install configuration: ""
[0.528s] -- Execute custom install script
[0.530s] -- Up-to-date symlink: /home/enetcom/mecanum-ros2/install/mechanum_description/share/mechanum_description/meshes/azure_kinect.dae
[0.530s] -- Up-to-date symlink: /home/enetcom/mecanum-ros2/install/mechanum_description/share/mechanum_description/meshes/chain_link1.stl
[0.531s] -- Up-to-date symlink: /home/enetcom/mecanum-ros2/install/mechanum_description/share/mechanum_description/meshes/chain_link2.stl
[0.531s] -- Up-to-date symlink: /home/enetcom/mecanum-ros2/install/mechanum_description/share/mechanum_description/meshes/chain_link3.stl
[0.532s] -- Up-to-date symlink: /home/enetcom/mecanum-ros2/install/mechanum_description/share/mechanum_description/meshes/chain_link4.stl
[0.532s] -- Up-to-date symlink: /home/enetcom/mecanum-ros2/install/mechanum_description/share/mechanum_description/meshes/chain_link5.stl
[0.532s] -- Up-to-date symlink: /home/enetcom/mecanum-ros2/install/mechanum_description/share/mechanum_description/meshes/chain_link_grip_l.stl
[0.533s] -- Up-to-date symlink: /home/enetcom/mecanum-ros2/install/mechanum_description/share/mechanum_description/meshes/chain_link_grip_r.stl
[0.535s] -- Up-to-date symlink: /home/enetcom/mecanum-ros2/install/mechanum_description/share/mechanum_description/meshes/intel_realsense/visual/d435.stl
[0.535s] -- Up-to-date symlink: /home/enetcom/mecanum-ros2/install/mechanum_description/share/mechanum_description/meshes/mecanum_a.dae
[0.535s] -- Up-to-date symlink: /home/enetcom/mecanum-ros2/install/mechanum_description/share/mechanum_description/meshes/mecanum_b.dae
[0.536s] -- Up-to-date symlink: /home/enetcom/mecanum-ros2/install/mechanum_description/share/mechanum_description/meshes/rosmaster_x3/visual/back_left_wheel_X3.STL
[0.536s] -- Up-to-date symlink: /home/enetcom/mecanum-ros2/install/mechanum_description/share/mechanum_description/meshes/rosmaster_x3/visual/back_right_wheel_X3.STL
[0.537s] -- Up-to-date symlink: /home/enetcom/mecanum-ros2/install/mechanum_description/share/mechanum_description/meshes/rosmaster_x3/visual/base_link_X3.STL
[0.537s] -- Up-to-date symlink: /home/enetcom/mecanum-ros2/install/mechanum_description/share/mechanum_description/meshes/rosmaster_x3/visual/front_left_wheel_X3.STL
[0.538s] -- Up-to-date symlink: /home/enetcom/mecanum-ros2/install/mechanum_description/share/mechanum_description/meshes/rosmaster_x3/visual/front_right_wheel_X3.STL
[0.538s] -- Up-to-date symlink: /home/enetcom/mecanum-ros2/install/mechanum_description/share/mechanum_description/meshes/rosmaster_x3/visual/laser_link.STL
[0.539s] -- Up-to-date symlink: /home/enetcom/mecanum-ros2/install/mechanum_description/share/mechanum_description/meshes/rplidar/rplidar_s2.stl
[0.539s] -- Up-to-date symlink: /home/enetcom/mecanum-ros2/install/mechanum_description/share/mechanum_description/meshes/wpb_mani_base.dae
[0.540s] -- Up-to-date symlink: /home/enetcom/mecanum-ros2/install/mechanum_description/share/mechanum_description/urdf/materials.xacro
[0.541s] -- Up-to-date symlink: /home/enetcom/mecanum-ros2/install/mechanum_description/share/mechanum_description/urdf/mech/mecanum_wheel.urdf.xacro
[0.542s] -- Up-to-date symlink: /home/enetcom/mecanum-ros2/install/mechanum_description/share/mechanum_description/urdf/mech/rosmaster_x3_base.urdf.xacro
[0.542s] -- Up-to-date symlink: /home/enetcom/mecanum-ros2/install/mechanum_description/share/mechanum_description/urdf/open_manipulator_x.gazebo.xacro
[0.543s] -- Up-to-date symlink: /home/enetcom/mecanum-ros2/install/mechanum_description/share/mechanum_description/urdf/open_manipulator_x.transmission.xacro
[0.543s] -- Up-to-date symlink: /home/enetcom/mecanum-ros2/install/mechanum_description/share/mechanum_description/urdf/open_manipulator_x.urdf.xacro
[0.544s] -- Up-to-date symlink: /home/enetcom/mecanum-ros2/install/mechanum_description/share/mechanum_description/urdf/robots/rosmaster_x3.urdf.xacro
[0.547s] -- Up-to-date symlink: /home/enetcom/mecanum-ros2/install/mechanum_description/share/mechanum_description/urdf/sensors/lidar.urdf.xacro
[0.548s] -- Up-to-date symlink: /home/enetcom/mecanum-ros2/install/mechanum_description/share/mechanum_description/urdf/wpb_mani.urdf.xacro
[0.548s] -- Up-to-date symlink: /home/enetcom/mecanum-ros2/install/mechanum_description/share/mechanum_description/urdf/wpb_ros2control.xacro
[0.548s] -- Up-to-date symlink: /home/enetcom/mecanum-ros2/install/mechanum_description/share/mechanum_description/launch/gazebo.launch.py
[0.550s] -- Up-to-date symlink: /home/enetcom/mecanum-ros2/install/mechanum_description/share/mechanum_description/launch/rviz_display.launch.py
[0.550s] -- Up-to-date symlink: /home/enetcom/mecanum-ros2/install/mechanum_description/share/mechanum_description/rviz/mechanum_rviz.rviz
[0.550s] -- Up-to-date symlink: /home/enetcom/mecanum-ros2/install/mechanum_description/share/mechanum_description/config/mechanum.yaml
[0.551s] -- Up-to-date symlink: /home/enetcom/mecanum-ros2/install/mechanum_description/share/mechanum_description/worlds/map_3x3.world
[0.552s] -- Up-to-date symlink: /home/enetcom/mecanum-ros2/install/mechanum_description/share/ament_index/resource_index/package_run_dependencies/mechanum_description
[0.553s] -- Up-to-date symlink: /home/enetcom/mecanum-ros2/install/mechanum_description/share/ament_index/resource_index/parent_prefix_path/mechanum_description
[0.555s] -- Up-to-date symlink: /home/enetcom/mecanum-ros2/install/mechanum_description/share/mechanum_description/environment/ament_prefix_path.sh
[0.557s] -- Up-to-date symlink: /home/enetcom/mecanum-ros2/install/mechanum_description/share/mechanum_description/environment/ament_prefix_path.dsv
[0.558s] -- Up-to-date symlink: /home/enetcom/mecanum-ros2/install/mechanum_description/share/mechanum_description/environment/path.sh
[0.563s] -- Up-to-date symlink: /home/enetcom/mecanum-ros2/install/mechanum_description/share/mechanum_description/environment/path.dsv
[0.563s] -- Up-to-date symlink: /home/enetcom/mecanum-ros2/install/mechanum_description/share/mechanum_description/local_setup.bash
[0.566s] -- Up-to-date symlink: /home/enetcom/mecanum-ros2/install/mechanum_description/share/mechanum_description/local_setup.sh
[0.566s] -- Up-to-date symlink: /home/enetcom/mecanum-ros2/install/mechanum_description/share/mechanum_description/local_setup.zsh
[0.566s] -- Up-to-date symlink: /home/enetcom/mecanum-ros2/install/mechanum_description/share/mechanum_description/local_setup.dsv
[0.567s] -- Symlinking: /home/enetcom/mecanum-ros2/install/mechanum_description/share/mechanum_description/package.dsv
[0.584s] -- Up-to-date symlink: /home/enetcom/mecanum-ros2/install/mechanum_description/share/ament_index/resource_index/packages/mechanum_description
[0.585s] -- Up-to-date symlink: /home/enetcom/mecanum-ros2/install/mechanum_description/share/mechanum_description/cmake/mechanum_descriptionConfig.cmake
[0.586s] -- Up-to-date symlink: /home/enetcom/mecanum-ros2/install/mechanum_description/share/mechanum_description/cmake/mechanum_descriptionConfig-version.cmake
[0.586s] -- Up-to-date symlink: /home/enetcom/mecanum-ros2/install/mechanum_description/share/mechanum_description/package.xml
[0.635s] Invoked command in '/home/enetcom/mecanum-ros2/build/mechanum_description' returned '0': CMAKE_PREFIX_PATH=/opt/ros/humble /usr/bin/cmake --install /home/enetcom/mecanum-ros2/build/mechanum_description
