-- The C compiler identification is GNU 11.4.0
-- The CXX compiler identification is GNU 11.4.0
-- Detecting C compiler ABI info
-- Detecting C compiler ABI info - done
-- Check for working C compiler: /usr/bin/cc - skipped
-- Detecting C compile features
-- Detecting C compile features - done
-- Detecting CXX compiler ABI info
-- Detecting CXX compiler ABI info - done
-- Check for working CXX compiler: /usr/bin/c++ - skipped
-- Detecting CXX compile features
-- Detecting CXX compile features - done
-- Found ament_cmake: 1.3.14 (/opt/ros/humble/share/ament_cmake/cmake)
-- Found Python3: /usr/bin/python3 (found version "3.10.12") found components: Interpreter 
-- Override CMake install command with custom implementation using symlinks instead of copying resources
-- Found ament_lint_auto: 0.12.14 (/opt/ros/humble/share/ament_lint_auto/cmake)
-- Added test 'flake8' to check Python code syntax and style conventions
-- Added test 'lint_cmake' to check CMake code style
-- Added test 'pep257' to check Python code against some of the docstring style conventions in PEP 257
-- Added test 'xmllint' to check XML markup files
-- Configuring done
-- Generating done
-- Build files have been written to: /home/enetcom/mecanum-ros2/build/mechanum_description
-- Install configuration: ""
-- Execute custom install script
-- Symlinking: /home/enetcom/mecanum-ros2/install/mechanum_description/share/mechanum_description/meshes/azure_kinect.dae
-- Symlinking: /home/enetcom/mecanum-ros2/install/mechanum_description/share/mechanum_description/meshes/chain_link1.stl
-- Symlinking: /home/enetcom/mecanum-ros2/install/mechanum_description/share/mechanum_description/meshes/chain_link2.stl
-- Symlinking: /home/enetcom/mecanum-ros2/install/mechanum_description/share/mechanum_description/meshes/chain_link3.stl
-- Symlinking: /home/enetcom/mecanum-ros2/install/mechanum_description/share/mechanum_description/meshes/chain_link4.stl
-- Symlinking: /home/enetcom/mecanum-ros2/install/mechanum_description/share/mechanum_description/meshes/chain_link5.stl
-- Symlinking: /home/enetcom/mecanum-ros2/install/mechanum_description/share/mechanum_description/meshes/chain_link_grip_l.stl
-- Symlinking: /home/enetcom/mecanum-ros2/install/mechanum_description/share/mechanum_description/meshes/chain_link_grip_r.stl
-- Symlinking: /home/enetcom/mecanum-ros2/install/mechanum_description/share/mechanum_description/meshes/intel_realsense/visual/d435.stl
-- Symlinking: /home/enetcom/mecanum-ros2/install/mechanum_description/share/mechanum_description/meshes/mecanum_a.dae
-- Symlinking: /home/enetcom/mecanum-ros2/install/mechanum_description/share/mechanum_description/meshes/mecanum_b.dae
-- Symlinking: /home/enetcom/mecanum-ros2/install/mechanum_description/share/mechanum_description/meshes/rosmaster_x3/visual/back_left_wheel_X3.STL
-- Symlinking: /home/enetcom/mecanum-ros2/install/mechanum_description/share/mechanum_description/meshes/rosmaster_x3/visual/back_right_wheel_X3.STL
-- Symlinking: /home/enetcom/mecanum-ros2/install/mechanum_description/share/mechanum_description/meshes/rosmaster_x3/visual/base_link_X3.STL
-- Symlinking: /home/enetcom/mecanum-ros2/install/mechanum_description/share/mechanum_description/meshes/rosmaster_x3/visual/camera_link.STL
-- Symlinking: /home/enetcom/mecanum-ros2/install/mechanum_description/share/mechanum_description/meshes/rosmaster_x3/visual/front_left_wheel_X3.STL
-- Symlinking: /home/enetcom/mecanum-ros2/install/mechanum_description/share/mechanum_description/meshes/rosmaster_x3/visual/front_right_wheel_X3.STL
-- Symlinking: /home/enetcom/mecanum-ros2/install/mechanum_description/share/mechanum_description/meshes/rosmaster_x3/visual/laser_link.STL
-- Symlinking: /home/enetcom/mecanum-ros2/install/mechanum_description/share/mechanum_description/meshes/rplidar/rplidar_s2.stl
-- Symlinking: /home/enetcom/mecanum-ros2/install/mechanum_description/share/mechanum_description/meshes/wpb_mani_base.dae
-- Symlinking: /home/enetcom/mecanum-ros2/install/mechanum_description/share/mechanum_description/urdf/materials.xacro
-- Symlinking: /home/enetcom/mecanum-ros2/install/mechanum_description/share/mechanum_description/urdf/mech/mecanum_wheel.urdf.xacro
-- Symlinking: /home/enetcom/mecanum-ros2/install/mechanum_description/share/mechanum_description/urdf/mech/rosmaster_x3_base.urdf.xacro
-- Symlinking: /home/enetcom/mecanum-ros2/install/mechanum_description/share/mechanum_description/urdf/open_manipulator_x.gazebo.xacro
-- Symlinking: /home/enetcom/mecanum-ros2/install/mechanum_description/share/mechanum_description/urdf/open_manipulator_x.transmission.xacro
-- Symlinking: /home/enetcom/mecanum-ros2/install/mechanum_description/share/mechanum_description/urdf/open_manipulator_x.urdf.xacro
-- Symlinking: /home/enetcom/mecanum-ros2/install/mechanum_description/share/mechanum_description/urdf/robots/rosmaster_x3.urdf.xacro
-- Symlinking: /home/enetcom/mecanum-ros2/install/mechanum_description/share/mechanum_description/urdf/sensors/imu.urdf.xacro
-- Symlinking: /home/enetcom/mecanum-ros2/install/mechanum_description/share/mechanum_description/urdf/sensors/lidar.urdf.xacro
-- Symlinking: /home/enetcom/mecanum-ros2/install/mechanum_description/share/mechanum_description/urdf/sensors/rgbd_camera.urdf.xacro
-- Symlinking: /home/enetcom/mecanum-ros2/install/mechanum_description/share/mechanum_description/urdf/wpb_mani.urdf.xacro
-- Symlinking: /home/enetcom/mecanum-ros2/install/mechanum_description/share/mechanum_description/urdf/wpb_ros2control.xacro
-- Symlinking: /home/enetcom/mecanum-ros2/install/mechanum_description/share/mechanum_description/launch/gazebo.launch.py
-- Symlinking: /home/enetcom/mecanum-ros2/install/mechanum_description/share/mechanum_description/launch/rviz_display.launch.py
-- Symlinking: /home/enetcom/mecanum-ros2/install/mechanum_description/share/mechanum_description/rviz/mechanum_rviz.rviz
-- Symlinking: /home/enetcom/mecanum-ros2/install/mechanum_description/share/mechanum_description/config/mechanum.yaml
-- Symlinking: /home/enetcom/mecanum-ros2/install/mechanum_description/share/mechanum_description/worlds/map_3x3.world
-- Symlinking: /home/enetcom/mecanum-ros2/install/mechanum_description/share/ament_index/resource_index/package_run_dependencies/mechanum_description
-- Symlinking: /home/enetcom/mecanum-ros2/install/mechanum_description/share/ament_index/resource_index/parent_prefix_path/mechanum_description
-- Symlinking: /home/enetcom/mecanum-ros2/install/mechanum_description/share/mechanum_description/environment/ament_prefix_path.sh
-- Symlinking: /home/enetcom/mecanum-ros2/install/mechanum_description/share/mechanum_description/environment/ament_prefix_path.dsv
-- Symlinking: /home/enetcom/mecanum-ros2/install/mechanum_description/share/mechanum_description/environment/path.sh
-- Symlinking: /home/enetcom/mecanum-ros2/install/mechanum_description/share/mechanum_description/environment/path.dsv
-- Symlinking: /home/enetcom/mecanum-ros2/install/mechanum_description/share/mechanum_description/local_setup.bash
-- Symlinking: /home/enetcom/mecanum-ros2/install/mechanum_description/share/mechanum_description/local_setup.sh
-- Symlinking: /home/enetcom/mecanum-ros2/install/mechanum_description/share/mechanum_description/local_setup.zsh
-- Symlinking: /home/enetcom/mecanum-ros2/install/mechanum_description/share/mechanum_description/local_setup.dsv
-- Symlinking: /home/enetcom/mecanum-ros2/install/mechanum_description/share/mechanum_description/package.dsv
-- Symlinking: /home/enetcom/mecanum-ros2/install/mechanum_description/share/ament_index/resource_index/packages/mechanum_description
-- Symlinking: /home/enetcom/mecanum-ros2/install/mechanum_description/share/mechanum_description/cmake/mechanum_descriptionConfig.cmake
-- Symlinking: /home/enetcom/mecanum-ros2/install/mechanum_description/share/mechanum_description/cmake/mechanum_descriptionConfig-version.cmake
-- Symlinking: /home/enetcom/mecanum-ros2/install/mechanum_description/share/mechanum_description/package.xml
