[0.026s] Invoking command in '/home/enetcom/mecanum-ros2/build/mecanum_localization': CMAKE_PREFIX_PATH=/opt/ros/humble /usr/bin/cmake /home/enetcom/mecanum-ros2/src/mecanum_localization -DCMAKE_INSTALL_PREFIX=/home/enetcom/mecanum-ros2/install/mecanum_localization
[0.103s] -- Found ament_cmake: 1.3.14 (/opt/ros/humble/share/ament_cmake/cmake)
[0.304s] -- Override CMake install command with custom implementation using symlinks instead of copying resources
[0.319s] -- Found ament_lint_auto: 0.12.14 (/opt/ros/humble/share/ament_lint_auto/cmake)
[0.444s] -- Added test 'flake8' to check Python code syntax and style conventions
[0.444s] -- Added test 'lint_cmake' to check CMake code style
[0.445s] -- Added test 'pep257' to check Python code against some of the docstring style conventions in PEP 257
[0.446s] -- Added test 'xmllint' to check XML markup files
[0.449s] -- Configuring done
[0.458s] -- Generating done
[0.462s] -- Build files have been written to: /home/enetcom/mecanum-ros2/build/mecanum_localization
[0.471s] Invoked command in '/home/enetcom/mecanum-ros2/build/mecanum_localization' returned '0': CMAKE_PREFIX_PATH=/opt/ros/humble /usr/bin/cmake /home/enetcom/mecanum-ros2/src/mecanum_localization -DCMAKE_INSTALL_PREFIX=/home/enetcom/mecanum-ros2/install/mecanum_localization
[0.473s] Invoking command in '/home/enetcom/mecanum-ros2/build/mecanum_localization': CMAKE_PREFIX_PATH=/opt/ros/humble /usr/bin/cmake --build /home/enetcom/mecanum-ros2/build/mecanum_localization -- -j4 -l4
[0.535s] Invoked command in '/home/enetcom/mecanum-ros2/build/mecanum_localization' returned '0': CMAKE_PREFIX_PATH=/opt/ros/humble /usr/bin/cmake --build /home/enetcom/mecanum-ros2/build/mecanum_localization -- -j4 -l4
[0.538s] Invoking command in '/home/enetcom/mecanum-ros2/build/mecanum_localization': CMAKE_PREFIX_PATH=/opt/ros/humble /usr/bin/cmake --install /home/enetcom/mecanum-ros2/build/mecanum_localization
[0.550s] -- Install configuration: ""
[0.551s] -- Execute custom install script
[0.552s] -- Up-to-date symlink: /home/enetcom/mecanum-ros2/install/mecanum_localization/share/mecanum_localization/launch/robot_localization.launch.py
[0.553s] -- Up-to-date symlink: /home/enetcom/mecanum-ros2/install/mecanum_localization/share/mecanum_localization/config/amcl.yaml
[0.553s] -- Up-to-date symlink: /home/enetcom/mecanum-ros2/install/mecanum_localization/share/mecanum_localization/config/mecanum_localization.yaml
[0.555s] -- Up-to-date symlink: /home/enetcom/mecanum-ros2/install/mecanum_localization/share/ament_index/resource_index/package_run_dependencies/mecanum_localization
[0.556s] -- Up-to-date symlink: /home/enetcom/mecanum-ros2/install/mecanum_localization/share/ament_index/resource_index/parent_prefix_path/mecanum_localization
[0.557s] -- Up-to-date symlink: /home/enetcom/mecanum-ros2/install/mecanum_localization/share/mecanum_localization/environment/ament_prefix_path.sh
[0.557s] -- Up-to-date symlink: /home/enetcom/mecanum-ros2/install/mecanum_localization/share/mecanum_localization/environment/ament_prefix_path.dsv
[0.558s] -- Up-to-date symlink: /home/enetcom/mecanum-ros2/install/mecanum_localization/share/mecanum_localization/environment/path.sh
[0.558s] -- Up-to-date symlink: /home/enetcom/mecanum-ros2/install/mecanum_localization/share/mecanum_localization/environment/path.dsv
[0.559s] -- Up-to-date symlink: /home/enetcom/mecanum-ros2/install/mecanum_localization/share/mecanum_localization/local_setup.bash
[0.560s] -- Up-to-date symlink: /home/enetcom/mecanum-ros2/install/mecanum_localization/share/mecanum_localization/local_setup.sh
[0.561s] -- Up-to-date symlink: /home/enetcom/mecanum-ros2/install/mecanum_localization/share/mecanum_localization/local_setup.zsh
[0.561s] -- Up-to-date symlink: /home/enetcom/mecanum-ros2/install/mecanum_localization/share/mecanum_localization/local_setup.dsv
[0.562s] -- Symlinking: /home/enetcom/mecanum-ros2/install/mecanum_localization/share/mecanum_localization/package.dsv
[0.577s] -- Up-to-date symlink: /home/enetcom/mecanum-ros2/install/mecanum_localization/share/ament_index/resource_index/packages/mecanum_localization
[0.579s] -- Up-to-date symlink: /home/enetcom/mecanum-ros2/install/mecanum_localization/share/mecanum_localization/cmake/mecanum_localizationConfig.cmake
[0.579s] -- Up-to-date symlink: /home/enetcom/mecanum-ros2/install/mecanum_localization/share/mecanum_localization/cmake/mecanum_localizationConfig-version.cmake
[0.579s] -- Up-to-date symlink: /home/enetcom/mecanum-ros2/install/mecanum_localization/share/mecanum_localization/package.xml
[0.582s] Invoked command in '/home/enetcom/mecanum-ros2/build/mecanum_localization' returned '0': CMAKE_PREFIX_PATH=/opt/ros/humble /usr/bin/cmake --install /home/enetcom/mecanum-ros2/build/mecanum_localization
