[0.123s] DEBUG:colcon:Command line arguments: ['/usr/bin/colcon', 'build']
[0.123s] DEBUG:colcon:Parsed command line arguments: Namespace(log_base=None, log_level=None, verb_name='build', build_base='build', install_base='install', merge_install=False, symlink_install=False, test_result_base=None, continue_on_error=False, executor='parallel', parallel_workers=4, event_handlers=None, ignore_user_meta=False, metas=['./colcon.meta'], base_paths=['.'], packages_ignore=None, packages_ignore_regex=None, paths=None, packages_up_to=None, packages_up_to_regex=None, packages_above=None, packages_above_and_dependencies=None, packages_above_depth=None, packages_select_by_dep=None, packages_skip_by_dep=None, packages_skip_up_to=None, packages_select_build_failed=False, packages_skip_build_finished=False, packages_select_test_failures=False, packages_skip_test_passed=False, packages_select=None, packages_skip=None, packages_select_regex=None, packages_skip_regex=None, packages_start=None, packages_end=None, allow_overriding=[], cmake_args=None, cmake_target=None, cmake_target_skip_unavailable=False, cmake_clean_cache=False, cmake_clean_first=False, cmake_force_configure=False, ament_cmake_args=None, catkin_cmake_args=None, catkin_skip_building_tests=False, mixin_files=None, mixin=None, verb_parser=<colcon_mixin.mixin.mixin_argument.MixinArgumentDecorator object at 0x7d09c7765f00>, verb_extension=<colcon_core.verb.build.BuildVerb object at 0x7d09c7765a50>, main=<bound method BuildVerb.main of <colcon_core.verb.build.BuildVerb object at 0x7d09c7765a50>>, mixin_verb=('build',))
[0.309s] Level 1:colcon.colcon_core.package_discovery:discover_packages(colcon_meta) check parameters
[0.309s] Level 1:colcon.colcon_core.package_discovery:discover_packages(recursive) check parameters
[0.309s] Level 1:colcon.colcon_core.package_discovery:discover_packages(ignore) check parameters
[0.309s] Level 1:colcon.colcon_core.package_discovery:discover_packages(path) check parameters
[0.309s] Level 1:colcon.colcon_core.package_discovery:discover_packages(colcon_meta) discover
[0.309s] Level 1:colcon.colcon_core.package_discovery:discover_packages(recursive) discover
[0.309s] INFO:colcon.colcon_core.package_discovery:Crawling recursively for packages in '/home/enetcom/mecanum-ros2'
[0.309s] Level 1:colcon.colcon_core.package_identification:_identify(.) by extensions ['ignore', 'ignore_ament_install']
[0.309s] Level 1:colcon.colcon_core.package_identification:_identify(.) by extension 'ignore'
[0.309s] Level 1:colcon.colcon_core.package_identification:_identify(.) by extension 'ignore_ament_install'
[0.310s] Level 1:colcon.colcon_core.package_identification:_identify(.) by extensions ['colcon_pkg']
[0.310s] Level 1:colcon.colcon_core.package_identification:_identify(.) by extension 'colcon_pkg'
[0.310s] Level 1:colcon.colcon_core.package_identification:_identify(.) by extensions ['colcon_meta']
[0.310s] Level 1:colcon.colcon_core.package_identification:_identify(.) by extension 'colcon_meta'
[0.310s] Level 1:colcon.colcon_core.package_identification:_identify(.) by extensions ['ros']
[0.310s] Level 1:colcon.colcon_core.package_identification:_identify(.) by extension 'ros'
[0.321s] Level 1:colcon.colcon_core.package_identification:_identify(.) by extensions ['cmake', 'python']
[0.321s] Level 1:colcon.colcon_core.package_identification:_identify(.) by extension 'cmake'
[0.321s] Level 1:colcon.colcon_core.package_identification:_identify(.) by extension 'python'
[0.321s] Level 1:colcon.colcon_core.package_identification:_identify(.) by extensions ['python_setup_py']
[0.321s] Level 1:colcon.colcon_core.package_identification:_identify(.) by extension 'python_setup_py'
[0.322s] Level 1:colcon.colcon_core.package_identification:_identify(build) by extensions ['ignore', 'ignore_ament_install']
[0.322s] Level 1:colcon.colcon_core.package_identification:_identify(build) by extension 'ignore'
[0.322s] Level 1:colcon.colcon_core.package_identification:_identify(build) ignored
[0.322s] Level 1:colcon.colcon_core.package_identification:_identify(install) by extensions ['ignore', 'ignore_ament_install']
[0.322s] Level 1:colcon.colcon_core.package_identification:_identify(install) by extension 'ignore'
[0.322s] Level 1:colcon.colcon_core.package_identification:_identify(install) ignored
[0.322s] Level 1:colcon.colcon_core.package_identification:_identify(log) by extensions ['ignore', 'ignore_ament_install']
[0.322s] Level 1:colcon.colcon_core.package_identification:_identify(log) by extension 'ignore'
[0.322s] Level 1:colcon.colcon_core.package_identification:_identify(log) ignored
[0.322s] Level 1:colcon.colcon_core.package_identification:_identify(src) by extensions ['ignore', 'ignore_ament_install']
[0.323s] Level 1:colcon.colcon_core.package_identification:_identify(src) by extension 'ignore'
[0.323s] Level 1:colcon.colcon_core.package_identification:_identify(src) by extension 'ignore_ament_install'
[0.323s] Level 1:colcon.colcon_core.package_identification:_identify(src) by extensions ['colcon_pkg']
[0.323s] Level 1:colcon.colcon_core.package_identification:_identify(src) by extension 'colcon_pkg'
[0.323s] Level 1:colcon.colcon_core.package_identification:_identify(src) by extensions ['colcon_meta']
[0.323s] Level 1:colcon.colcon_core.package_identification:_identify(src) by extension 'colcon_meta'
[0.323s] Level 1:colcon.colcon_core.package_identification:_identify(src) by extensions ['ros']
[0.323s] Level 1:colcon.colcon_core.package_identification:_identify(src) by extension 'ros'
[0.323s] Level 1:colcon.colcon_core.package_identification:_identify(src) by extensions ['cmake', 'python']
[0.323s] Level 1:colcon.colcon_core.package_identification:_identify(src) by extension 'cmake'
[0.323s] Level 1:colcon.colcon_core.package_identification:_identify(src) by extension 'python'
[0.323s] Level 1:colcon.colcon_core.package_identification:_identify(src) by extensions ['python_setup_py']
[0.323s] Level 1:colcon.colcon_core.package_identification:_identify(src) by extension 'python_setup_py'
[0.323s] Level 1:colcon.colcon_core.package_identification:_identify(src/mecanum_localization) by extensions ['ignore', 'ignore_ament_install']
[0.323s] Level 1:colcon.colcon_core.package_identification:_identify(src/mecanum_localization) by extension 'ignore'
[0.323s] Level 1:colcon.colcon_core.package_identification:_identify(src/mecanum_localization) by extension 'ignore_ament_install'
[0.324s] Level 1:colcon.colcon_core.package_identification:_identify(src/mecanum_localization) by extensions ['colcon_pkg']
[0.324s] Level 1:colcon.colcon_core.package_identification:_identify(src/mecanum_localization) by extension 'colcon_pkg'
[0.324s] Level 1:colcon.colcon_core.package_identification:_identify(src/mecanum_localization) by extensions ['colcon_meta']
[0.324s] Level 1:colcon.colcon_core.package_identification:_identify(src/mecanum_localization) by extension 'colcon_meta'
[0.324s] Level 1:colcon.colcon_core.package_identification:_identify(src/mecanum_localization) by extensions ['ros']
[0.324s] Level 1:colcon.colcon_core.package_identification:_identify(src/mecanum_localization) by extension 'ros'
[0.326s] DEBUG:colcon.colcon_core.package_identification:Package 'src/mecanum_localization' with type 'ros.ament_cmake' and name 'mecanum_localization'
[0.326s] Level 1:colcon.colcon_core.package_identification:_identify(src/mecanum_navigation) by extensions ['ignore', 'ignore_ament_install']
[0.327s] Level 1:colcon.colcon_core.package_identification:_identify(src/mecanum_navigation) by extension 'ignore'
[0.327s] Level 1:colcon.colcon_core.package_identification:_identify(src/mecanum_navigation) by extension 'ignore_ament_install'
[0.327s] Level 1:colcon.colcon_core.package_identification:_identify(src/mecanum_navigation) by extensions ['colcon_pkg']
[0.327s] Level 1:colcon.colcon_core.package_identification:_identify(src/mecanum_navigation) by extension 'colcon_pkg'
[0.327s] Level 1:colcon.colcon_core.package_identification:_identify(src/mecanum_navigation) by extensions ['colcon_meta']
[0.327s] Level 1:colcon.colcon_core.package_identification:_identify(src/mecanum_navigation) by extension 'colcon_meta'
[0.327s] Level 1:colcon.colcon_core.package_identification:_identify(src/mecanum_navigation) by extensions ['ros']
[0.327s] Level 1:colcon.colcon_core.package_identification:_identify(src/mecanum_navigation) by extension 'ros'
[0.328s] DEBUG:colcon.colcon_core.package_identification:Package 'src/mecanum_navigation' with type 'ros.ament_cmake' and name 'mecanum_navigation'
[0.328s] Level 1:colcon.colcon_core.package_identification:_identify(src/mechanum_description) by extensions ['ignore', 'ignore_ament_install']
[0.328s] Level 1:colcon.colcon_core.package_identification:_identify(src/mechanum_description) by extension 'ignore'
[0.328s] Level 1:colcon.colcon_core.package_identification:_identify(src/mechanum_description) by extension 'ignore_ament_install'
[0.328s] Level 1:colcon.colcon_core.package_identification:_identify(src/mechanum_description) by extensions ['colcon_pkg']
[0.328s] Level 1:colcon.colcon_core.package_identification:_identify(src/mechanum_description) by extension 'colcon_pkg'
[0.328s] Level 1:colcon.colcon_core.package_identification:_identify(src/mechanum_description) by extensions ['colcon_meta']
[0.328s] Level 1:colcon.colcon_core.package_identification:_identify(src/mechanum_description) by extension 'colcon_meta'
[0.328s] Level 1:colcon.colcon_core.package_identification:_identify(src/mechanum_description) by extensions ['ros']
[0.328s] Level 1:colcon.colcon_core.package_identification:_identify(src/mechanum_description) by extension 'ros'
[0.329s] DEBUG:colcon.colcon_core.package_identification:Package 'src/mechanum_description' with type 'ros.ament_cmake' and name 'mechanum_description'
[0.329s] Level 1:colcon.colcon_core.package_discovery:discover_packages(recursive) using defaults
[0.329s] Level 1:colcon.colcon_core.package_discovery:discover_packages(ignore) discover
[0.329s] Level 1:colcon.colcon_core.package_discovery:discover_packages(ignore) using defaults
[0.329s] Level 1:colcon.colcon_core.package_discovery:discover_packages(path) discover
[0.329s] Level 1:colcon.colcon_core.package_discovery:discover_packages(path) using defaults
[0.364s] Level 1:colcon.colcon_core.package_discovery:discover_packages(prefix_path) check parameters
[0.364s] Level 1:colcon.colcon_core.package_discovery:discover_packages(prefix_path) discover
[0.366s] DEBUG:colcon.colcon_installed_package_information.package_discovery:Found 3 installed packages in /home/enetcom/mecanum-ros2/install
[0.368s] DEBUG:colcon.colcon_installed_package_information.package_discovery:Found 395 installed packages in /opt/ros/humble
[0.370s] Level 1:colcon.colcon_core.package_discovery:discover_packages(prefix_path) using defaults
[0.426s] Level 5:colcon.colcon_core.verb:set package 'mecanum_localization' build argument 'cmake_args' from command line to 'None'
[0.426s] Level 5:colcon.colcon_core.verb:set package 'mecanum_localization' build argument 'cmake_target' from command line to 'None'
[0.426s] Level 5:colcon.colcon_core.verb:set package 'mecanum_localization' build argument 'cmake_target_skip_unavailable' from command line to 'False'
[0.426s] Level 5:colcon.colcon_core.verb:set package 'mecanum_localization' build argument 'cmake_clean_cache' from command line to 'False'
[0.426s] Level 5:colcon.colcon_core.verb:set package 'mecanum_localization' build argument 'cmake_clean_first' from command line to 'False'
[0.426s] Level 5:colcon.colcon_core.verb:set package 'mecanum_localization' build argument 'cmake_force_configure' from command line to 'False'
[0.426s] Level 5:colcon.colcon_core.verb:set package 'mecanum_localization' build argument 'ament_cmake_args' from command line to 'None'
[0.426s] Level 5:colcon.colcon_core.verb:set package 'mecanum_localization' build argument 'catkin_cmake_args' from command line to 'None'
[0.426s] Level 5:colcon.colcon_core.verb:set package 'mecanum_localization' build argument 'catkin_skip_building_tests' from command line to 'False'
[0.426s] DEBUG:colcon.colcon_core.verb:Building package 'mecanum_localization' with the following arguments: {'ament_cmake_args': None, 'build_base': '/home/enetcom/mecanum-ros2/build/mecanum_localization', 'catkin_cmake_args': None, 'catkin_skip_building_tests': False, 'cmake_args': None, 'cmake_clean_cache': False, 'cmake_clean_first': False, 'cmake_force_configure': False, 'cmake_target': None, 'cmake_target_skip_unavailable': False, 'install_base': '/home/enetcom/mecanum-ros2/install/mecanum_localization', 'merge_install': False, 'path': '/home/enetcom/mecanum-ros2/src/mecanum_localization', 'symlink_install': False, 'test_result_base': None}
[0.427s] Level 5:colcon.colcon_core.verb:set package 'mecanum_navigation' build argument 'cmake_args' from command line to 'None'
[0.427s] Level 5:colcon.colcon_core.verb:set package 'mecanum_navigation' build argument 'cmake_target' from command line to 'None'
[0.427s] Level 5:colcon.colcon_core.verb:set package 'mecanum_navigation' build argument 'cmake_target_skip_unavailable' from command line to 'False'
[0.427s] Level 5:colcon.colcon_core.verb:set package 'mecanum_navigation' build argument 'cmake_clean_cache' from command line to 'False'
[0.427s] Level 5:colcon.colcon_core.verb:set package 'mecanum_navigation' build argument 'cmake_clean_first' from command line to 'False'
[0.427s] Level 5:colcon.colcon_core.verb:set package 'mecanum_navigation' build argument 'cmake_force_configure' from command line to 'False'
[0.427s] Level 5:colcon.colcon_core.verb:set package 'mecanum_navigation' build argument 'ament_cmake_args' from command line to 'None'
[0.427s] Level 5:colcon.colcon_core.verb:set package 'mecanum_navigation' build argument 'catkin_cmake_args' from command line to 'None'
[0.427s] Level 5:colcon.colcon_core.verb:set package 'mecanum_navigation' build argument 'catkin_skip_building_tests' from command line to 'False'
[0.427s] DEBUG:colcon.colcon_core.verb:Building package 'mecanum_navigation' with the following arguments: {'ament_cmake_args': None, 'build_base': '/home/enetcom/mecanum-ros2/build/mecanum_navigation', 'catkin_cmake_args': None, 'catkin_skip_building_tests': False, 'cmake_args': None, 'cmake_clean_cache': False, 'cmake_clean_first': False, 'cmake_force_configure': False, 'cmake_target': None, 'cmake_target_skip_unavailable': False, 'install_base': '/home/enetcom/mecanum-ros2/install/mecanum_navigation', 'merge_install': False, 'path': '/home/enetcom/mecanum-ros2/src/mecanum_navigation', 'symlink_install': False, 'test_result_base': None}
[0.427s] Level 5:colcon.colcon_core.verb:set package 'mechanum_description' build argument 'cmake_args' from command line to 'None'
[0.427s] Level 5:colcon.colcon_core.verb:set package 'mechanum_description' build argument 'cmake_target' from command line to 'None'
[0.427s] Level 5:colcon.colcon_core.verb:set package 'mechanum_description' build argument 'cmake_target_skip_unavailable' from command line to 'False'
[0.427s] Level 5:colcon.colcon_core.verb:set package 'mechanum_description' build argument 'cmake_clean_cache' from command line to 'False'
[0.427s] Level 5:colcon.colcon_core.verb:set package 'mechanum_description' build argument 'cmake_clean_first' from command line to 'False'
[0.427s] Level 5:colcon.colcon_core.verb:set package 'mechanum_description' build argument 'cmake_force_configure' from command line to 'False'
[0.427s] Level 5:colcon.colcon_core.verb:set package 'mechanum_description' build argument 'ament_cmake_args' from command line to 'None'
[0.427s] Level 5:colcon.colcon_core.verb:set package 'mechanum_description' build argument 'catkin_cmake_args' from command line to 'None'
[0.428s] Level 5:colcon.colcon_core.verb:set package 'mechanum_description' build argument 'catkin_skip_building_tests' from command line to 'False'
[0.428s] DEBUG:colcon.colcon_core.verb:Building package 'mechanum_description' with the following arguments: {'ament_cmake_args': None, 'build_base': '/home/enetcom/mecanum-ros2/build/mechanum_description', 'catkin_cmake_args': None, 'catkin_skip_building_tests': False, 'cmake_args': None, 'cmake_clean_cache': False, 'cmake_clean_first': False, 'cmake_force_configure': False, 'cmake_target': None, 'cmake_target_skip_unavailable': False, 'install_base': '/home/enetcom/mecanum-ros2/install/mechanum_description', 'merge_install': False, 'path': '/home/enetcom/mecanum-ros2/src/mechanum_description', 'symlink_install': False, 'test_result_base': None}
[0.428s] INFO:colcon.colcon_core.executor:Executing jobs using 'parallel' executor
[0.429s] DEBUG:colcon.colcon_parallel_executor.executor.parallel:run_until_complete
[0.429s] INFO:colcon.colcon_ros.task.ament_cmake.build:Building ROS package in '/home/enetcom/mecanum-ros2/src/mecanum_localization' with build type 'ament_cmake'
[0.429s] INFO:colcon.colcon_cmake.task.cmake.build:Building CMake package in '/home/enetcom/mecanum-ros2/src/mecanum_localization'
[0.432s] INFO:colcon.colcon_core.plugin_system:Skipping extension 'colcon_core.shell.bat': Not used on non-Windows systems
[0.432s] INFO:colcon.colcon_core.shell:Skip shell extension 'powershell' for command environment: Not usable outside of PowerShell
[0.432s] DEBUG:colcon.colcon_core.shell:Skip shell extension 'dsv' for command environment
[0.436s] INFO:colcon.colcon_ros.task.ament_cmake.build:Building ROS package in '/home/enetcom/mecanum-ros2/src/mecanum_navigation' with build type 'ament_cmake'
[0.437s] INFO:colcon.colcon_cmake.task.cmake.build:Building CMake package in '/home/enetcom/mecanum-ros2/src/mecanum_navigation'
[0.437s] INFO:colcon.colcon_core.shell:Skip shell extension 'powershell' for command environment: Not usable outside of PowerShell
[0.437s] DEBUG:colcon.colcon_core.shell:Skip shell extension 'dsv' for command environment
[0.444s] INFO:colcon.colcon_ros.task.ament_cmake.build:Building ROS package in '/home/enetcom/mecanum-ros2/src/mechanum_description' with build type 'ament_cmake'
[0.444s] INFO:colcon.colcon_cmake.task.cmake.build:Building CMake package in '/home/enetcom/mecanum-ros2/src/mechanum_description'
[0.445s] INFO:colcon.colcon_core.shell:Skip shell extension 'powershell' for command environment: Not usable outside of PowerShell
[0.445s] DEBUG:colcon.colcon_core.shell:Skip shell extension 'dsv' for command environment
[0.459s] DEBUG:colcon.colcon_core.event_handler.log_command:Invoking command in '/home/enetcom/mecanum-ros2/build/mecanum_localization': CMAKE_PREFIX_PATH=${CMAKE_PREFIX_PATH}:/opt/ros/humble /usr/bin/cmake --build /home/enetcom/mecanum-ros2/build/mecanum_localization -- -j4 -l4
[0.466s] DEBUG:colcon.colcon_core.event_handler.log_command:Invoking command in '/home/enetcom/mecanum-ros2/build/mecanum_navigation': CMAKE_PREFIX_PATH=${CMAKE_PREFIX_PATH}:/opt/ros/humble /usr/bin/cmake --build /home/enetcom/mecanum-ros2/build/mecanum_navigation -- -j4 -l4
[0.484s] DEBUG:colcon.colcon_core.event_handler.log_command:Invoking command in '/home/enetcom/mecanum-ros2/build/mechanum_description': CMAKE_PREFIX_PATH=${CMAKE_PREFIX_PATH}:/opt/ros/humble /usr/bin/cmake --build /home/enetcom/mecanum-ros2/build/mechanum_description -- -j4 -l4
[0.560s] DEBUG:colcon.colcon_core.event_handler.log_command:Invoked command in '/home/enetcom/mecanum-ros2/build/mecanum_localization' returned '0': CMAKE_PREFIX_PATH=${CMAKE_PREFIX_PATH}:/opt/ros/humble /usr/bin/cmake --build /home/enetcom/mecanum-ros2/build/mecanum_localization -- -j4 -l4
[0.579s] DEBUG:colcon.colcon_core.event_handler.log_command:Invoking command in '/home/enetcom/mecanum-ros2/build/mecanum_localization': CMAKE_PREFIX_PATH=${CMAKE_PREFIX_PATH}:/opt/ros/humble /usr/bin/cmake --install /home/enetcom/mecanum-ros2/build/mecanum_localization
[0.582s] DEBUG:colcon.colcon_core.event_handler.log_command:Invoked command in '/home/enetcom/mecanum-ros2/build/mecanum_navigation' returned '0': CMAKE_PREFIX_PATH=${CMAKE_PREFIX_PATH}:/opt/ros/humble /usr/bin/cmake --build /home/enetcom/mecanum-ros2/build/mecanum_navigation -- -j4 -l4
[0.585s] DEBUG:colcon.colcon_core.event_handler.log_command:Invoking command in '/home/enetcom/mecanum-ros2/build/mecanum_navigation': CMAKE_PREFIX_PATH=${CMAKE_PREFIX_PATH}:/opt/ros/humble /usr/bin/cmake --install /home/enetcom/mecanum-ros2/build/mecanum_navigation
[0.587s] DEBUG:colcon.colcon_core.event_handler.log_command:Invoked command in '/home/enetcom/mecanum-ros2/build/mechanum_description' returned '0': CMAKE_PREFIX_PATH=${CMAKE_PREFIX_PATH}:/opt/ros/humble /usr/bin/cmake --build /home/enetcom/mecanum-ros2/build/mechanum_description -- -j4 -l4
[0.590s] DEBUG:colcon.colcon_core.event_handler.log_command:Invoking command in '/home/enetcom/mecanum-ros2/build/mechanum_description': CMAKE_PREFIX_PATH=${CMAKE_PREFIX_PATH}:/opt/ros/humble /usr/bin/cmake --install /home/enetcom/mecanum-ros2/build/mechanum_description
[0.637s] Level 1:colcon.colcon_core.environment:create_environment_scripts_only(mecanum_localization)
[0.639s] DEBUG:colcon.colcon_core.event_handler.log_command:Invoked command in '/home/enetcom/mecanum-ros2/build/mecanum_localization' returned '0': CMAKE_PREFIX_PATH=${CMAKE_PREFIX_PATH}:/opt/ros/humble /usr/bin/cmake --install /home/enetcom/mecanum-ros2/build/mecanum_localization
[0.644s] Level 1:colcon.colcon_core.environment:checking '/home/enetcom/mecanum-ros2/install/mecanum_localization' for CMake module files
[0.649s] Level 1:colcon.colcon_core.environment:checking '/home/enetcom/mecanum-ros2/install/mecanum_localization' for CMake config files
[0.650s] Level 1:colcon.colcon_core.shell:create_environment_hook('mecanum_localization', 'cmake_prefix_path')
[0.651s] INFO:colcon.colcon_core.shell:Creating environment hook '/home/enetcom/mecanum-ros2/install/mecanum_localization/share/mecanum_localization/hook/cmake_prefix_path.ps1'
[0.652s] INFO:colcon.colcon_core.shell:Creating environment descriptor '/home/enetcom/mecanum-ros2/install/mecanum_localization/share/mecanum_localization/hook/cmake_prefix_path.dsv'
[0.654s] INFO:colcon.colcon_core.shell:Creating environment hook '/home/enetcom/mecanum-ros2/install/mecanum_localization/share/mecanum_localization/hook/cmake_prefix_path.sh'
[0.656s] Level 1:colcon.colcon_core.environment:checking '/home/enetcom/mecanum-ros2/install/mecanum_localization/bin'
[0.657s] Level 1:colcon.colcon_core.environment:checking '/home/enetcom/mecanum-ros2/install/mecanum_localization/lib/pkgconfig/mecanum_localization.pc'
[0.657s] Level 1:colcon.colcon_core.environment:checking '/home/enetcom/mecanum-ros2/install/mecanum_localization/lib/python3.10/site-packages'
[0.658s] Level 1:colcon.colcon_core.environment:checking '/home/enetcom/mecanum-ros2/install/mecanum_localization/bin'
[0.659s] INFO:colcon.colcon_core.shell:Creating package script '/home/enetcom/mecanum-ros2/install/mecanum_localization/share/mecanum_localization/package.ps1'
[0.662s] INFO:colcon.colcon_core.shell:Creating package descriptor '/home/enetcom/mecanum-ros2/install/mecanum_localization/share/mecanum_localization/package.dsv'
[0.663s] INFO:colcon.colcon_core.shell:Creating package script '/home/enetcom/mecanum-ros2/install/mecanum_localization/share/mecanum_localization/package.sh'
[0.665s] INFO:colcon.colcon_core.shell:Creating package script '/home/enetcom/mecanum-ros2/install/mecanum_localization/share/mecanum_localization/package.bash'
[0.666s] INFO:colcon.colcon_core.shell:Creating package script '/home/enetcom/mecanum-ros2/install/mecanum_localization/share/mecanum_localization/package.zsh'
[0.667s] Level 1:colcon.colcon_core.environment:create_file_with_runtime_dependencies(/home/enetcom/mecanum-ros2/install/mecanum_localization/share/colcon-core/packages/mecanum_localization)
[0.668s] Level 1:colcon.colcon_core.environment:create_environment_scripts_only(mecanum_localization)
[0.669s] Level 1:colcon.colcon_core.environment:checking '/home/enetcom/mecanum-ros2/install/mecanum_localization' for CMake module files
[0.669s] Level 1:colcon.colcon_core.environment:checking '/home/enetcom/mecanum-ros2/install/mecanum_localization' for CMake config files
[0.670s] Level 1:colcon.colcon_core.shell:create_environment_hook('mecanum_localization', 'cmake_prefix_path')
[0.670s] INFO:colcon.colcon_core.shell:Creating environment hook '/home/enetcom/mecanum-ros2/install/mecanum_localization/share/mecanum_localization/hook/cmake_prefix_path.ps1'
[0.671s] INFO:colcon.colcon_core.shell:Creating environment descriptor '/home/enetcom/mecanum-ros2/install/mecanum_localization/share/mecanum_localization/hook/cmake_prefix_path.dsv'
[0.671s] INFO:colcon.colcon_core.shell:Creating environment hook '/home/enetcom/mecanum-ros2/install/mecanum_localization/share/mecanum_localization/hook/cmake_prefix_path.sh'
[0.672s] Level 1:colcon.colcon_core.environment:checking '/home/enetcom/mecanum-ros2/install/mecanum_localization/bin'
[0.672s] Level 1:colcon.colcon_core.environment:checking '/home/enetcom/mecanum-ros2/install/mecanum_localization/lib/pkgconfig/mecanum_localization.pc'
[0.672s] Level 1:colcon.colcon_core.environment:checking '/home/enetcom/mecanum-ros2/install/mecanum_localization/lib/python3.10/site-packages'
[0.673s] Level 1:colcon.colcon_core.environment:checking '/home/enetcom/mecanum-ros2/install/mecanum_localization/bin'
[0.674s] INFO:colcon.colcon_core.shell:Creating package script '/home/enetcom/mecanum-ros2/install/mecanum_localization/share/mecanum_localization/package.ps1'
[0.675s] INFO:colcon.colcon_core.shell:Creating package descriptor '/home/enetcom/mecanum-ros2/install/mecanum_localization/share/mecanum_localization/package.dsv'
[0.676s] INFO:colcon.colcon_core.shell:Creating package script '/home/enetcom/mecanum-ros2/install/mecanum_localization/share/mecanum_localization/package.sh'
[0.677s] INFO:colcon.colcon_core.shell:Creating package script '/home/enetcom/mecanum-ros2/install/mecanum_localization/share/mecanum_localization/package.bash'
[0.678s] INFO:colcon.colcon_core.shell:Creating package script '/home/enetcom/mecanum-ros2/install/mecanum_localization/share/mecanum_localization/package.zsh'
[0.679s] Level 1:colcon.colcon_core.environment:create_file_with_runtime_dependencies(/home/enetcom/mecanum-ros2/install/mecanum_localization/share/colcon-core/packages/mecanum_localization)
[0.680s] Level 1:colcon.colcon_core.environment:create_environment_scripts_only(mecanum_navigation)
[0.681s] Level 1:colcon.colcon_core.environment:checking '/home/enetcom/mecanum-ros2/install/mecanum_navigation' for CMake module files
[0.682s] DEBUG:colcon.colcon_core.event_handler.log_command:Invoked command in '/home/enetcom/mecanum-ros2/build/mecanum_navigation' returned '0': CMAKE_PREFIX_PATH=${CMAKE_PREFIX_PATH}:/opt/ros/humble /usr/bin/cmake --install /home/enetcom/mecanum-ros2/build/mecanum_navigation
[0.683s] Level 1:colcon.colcon_core.environment:checking '/home/enetcom/mecanum-ros2/install/mecanum_navigation' for CMake config files
[0.683s] Level 1:colcon.colcon_core.shell:create_environment_hook('mecanum_navigation', 'cmake_prefix_path')
[0.684s] INFO:colcon.colcon_core.shell:Creating environment hook '/home/enetcom/mecanum-ros2/install/mecanum_navigation/share/mecanum_navigation/hook/cmake_prefix_path.ps1'
[0.685s] INFO:colcon.colcon_core.shell:Creating environment descriptor '/home/enetcom/mecanum-ros2/install/mecanum_navigation/share/mecanum_navigation/hook/cmake_prefix_path.dsv'
[0.686s] INFO:colcon.colcon_core.shell:Creating environment hook '/home/enetcom/mecanum-ros2/install/mecanum_navigation/share/mecanum_navigation/hook/cmake_prefix_path.sh'
[0.687s] Level 1:colcon.colcon_core.environment:checking '/home/enetcom/mecanum-ros2/install/mecanum_navigation/bin'
[0.687s] Level 1:colcon.colcon_core.environment:checking '/home/enetcom/mecanum-ros2/install/mecanum_navigation/lib/pkgconfig/mecanum_navigation.pc'
[0.687s] Level 1:colcon.colcon_core.environment:checking '/home/enetcom/mecanum-ros2/install/mecanum_navigation/lib/python3.10/site-packages'
[0.688s] Level 1:colcon.colcon_core.environment:checking '/home/enetcom/mecanum-ros2/install/mecanum_navigation/bin'
[0.689s] INFO:colcon.colcon_core.shell:Creating package script '/home/enetcom/mecanum-ros2/install/mecanum_navigation/share/mecanum_navigation/package.ps1'
[0.690s] INFO:colcon.colcon_core.shell:Creating package descriptor '/home/enetcom/mecanum-ros2/install/mecanum_navigation/share/mecanum_navigation/package.dsv'
[0.691s] INFO:colcon.colcon_core.shell:Creating package script '/home/enetcom/mecanum-ros2/install/mecanum_navigation/share/mecanum_navigation/package.sh'
[0.692s] INFO:colcon.colcon_core.shell:Creating package script '/home/enetcom/mecanum-ros2/install/mecanum_navigation/share/mecanum_navigation/package.bash'
[0.693s] INFO:colcon.colcon_core.shell:Creating package script '/home/enetcom/mecanum-ros2/install/mecanum_navigation/share/mecanum_navigation/package.zsh'
[0.694s] Level 1:colcon.colcon_core.environment:create_file_with_runtime_dependencies(/home/enetcom/mecanum-ros2/install/mecanum_navigation/share/colcon-core/packages/mecanum_navigation)
[0.695s] Level 1:colcon.colcon_core.environment:create_environment_scripts_only(mecanum_navigation)
[0.695s] Level 1:colcon.colcon_core.environment:checking '/home/enetcom/mecanum-ros2/install/mecanum_navigation' for CMake module files
[0.696s] Level 1:colcon.colcon_core.environment:checking '/home/enetcom/mecanum-ros2/install/mecanum_navigation' for CMake config files
[0.696s] Level 1:colcon.colcon_core.shell:create_environment_hook('mecanum_navigation', 'cmake_prefix_path')
[0.697s] INFO:colcon.colcon_core.shell:Creating environment hook '/home/enetcom/mecanum-ros2/install/mecanum_navigation/share/mecanum_navigation/hook/cmake_prefix_path.ps1'
[0.698s] INFO:colcon.colcon_core.shell:Creating environment descriptor '/home/enetcom/mecanum-ros2/install/mecanum_navigation/share/mecanum_navigation/hook/cmake_prefix_path.dsv'
[0.698s] INFO:colcon.colcon_core.shell:Creating environment hook '/home/enetcom/mecanum-ros2/install/mecanum_navigation/share/mecanum_navigation/hook/cmake_prefix_path.sh'
[0.699s] Level 1:colcon.colcon_core.environment:checking '/home/enetcom/mecanum-ros2/install/mecanum_navigation/bin'
[0.700s] Level 1:colcon.colcon_core.environment:checking '/home/enetcom/mecanum-ros2/install/mecanum_navigation/lib/pkgconfig/mecanum_navigation.pc'
[0.700s] Level 1:colcon.colcon_core.environment:checking '/home/enetcom/mecanum-ros2/install/mecanum_navigation/lib/python3.10/site-packages'
[0.701s] Level 1:colcon.colcon_core.environment:checking '/home/enetcom/mecanum-ros2/install/mecanum_navigation/bin'
[0.701s] INFO:colcon.colcon_core.shell:Creating package script '/home/enetcom/mecanum-ros2/install/mecanum_navigation/share/mecanum_navigation/package.ps1'
[0.702s] INFO:colcon.colcon_core.shell:Creating package descriptor '/home/enetcom/mecanum-ros2/install/mecanum_navigation/share/mecanum_navigation/package.dsv'
[0.703s] INFO:colcon.colcon_core.shell:Creating package script '/home/enetcom/mecanum-ros2/install/mecanum_navigation/share/mecanum_navigation/package.sh'
[0.704s] INFO:colcon.colcon_core.shell:Creating package script '/home/enetcom/mecanum-ros2/install/mecanum_navigation/share/mecanum_navigation/package.bash'
[0.705s] INFO:colcon.colcon_core.shell:Creating package script '/home/enetcom/mecanum-ros2/install/mecanum_navigation/share/mecanum_navigation/package.zsh'
[0.706s] Level 1:colcon.colcon_core.environment:create_file_with_runtime_dependencies(/home/enetcom/mecanum-ros2/install/mecanum_navigation/share/colcon-core/packages/mecanum_navigation)
[0.706s] Level 1:colcon.colcon_core.environment:create_environment_scripts_only(mechanum_description)
[0.707s] Level 1:colcon.colcon_core.environment:checking '/home/enetcom/mecanum-ros2/install/mechanum_description' for CMake module files
[0.708s] Level 1:colcon.colcon_core.environment:checking '/home/enetcom/mecanum-ros2/install/mechanum_description' for CMake config files
[0.709s] Level 1:colcon.colcon_core.shell:create_environment_hook('mechanum_description', 'cmake_prefix_path')
[0.710s] INFO:colcon.colcon_core.shell:Creating environment hook '/home/enetcom/mecanum-ros2/install/mechanum_description/share/mechanum_description/hook/cmake_prefix_path.ps1'
[0.711s] DEBUG:colcon.colcon_core.event_handler.log_command:Invoked command in '/home/enetcom/mecanum-ros2/build/mechanum_description' returned '0': CMAKE_PREFIX_PATH=${CMAKE_PREFIX_PATH}:/opt/ros/humble /usr/bin/cmake --install /home/enetcom/mecanum-ros2/build/mechanum_description
[0.712s] INFO:colcon.colcon_core.shell:Creating environment descriptor '/home/enetcom/mecanum-ros2/install/mechanum_description/share/mechanum_description/hook/cmake_prefix_path.dsv'
[0.714s] INFO:colcon.colcon_core.shell:Creating environment hook '/home/enetcom/mecanum-ros2/install/mechanum_description/share/mechanum_description/hook/cmake_prefix_path.sh'
[0.715s] Level 1:colcon.colcon_core.environment:checking '/home/enetcom/mecanum-ros2/install/mechanum_description/bin'
[0.715s] Level 1:colcon.colcon_core.environment:checking '/home/enetcom/mecanum-ros2/install/mechanum_description/lib/pkgconfig/mechanum_description.pc'
[0.716s] Level 1:colcon.colcon_core.environment:checking '/home/enetcom/mecanum-ros2/install/mechanum_description/lib/python3.10/site-packages'
[0.717s] Level 1:colcon.colcon_core.environment:checking '/home/enetcom/mecanum-ros2/install/mechanum_description/bin'
[0.718s] INFO:colcon.colcon_core.shell:Creating package script '/home/enetcom/mecanum-ros2/install/mechanum_description/share/mechanum_description/package.ps1'
[0.719s] INFO:colcon.colcon_core.shell:Creating package descriptor '/home/enetcom/mecanum-ros2/install/mechanum_description/share/mechanum_description/package.dsv'
[0.720s] INFO:colcon.colcon_core.shell:Creating package script '/home/enetcom/mecanum-ros2/install/mechanum_description/share/mechanum_description/package.sh'
[0.721s] INFO:colcon.colcon_core.shell:Creating package script '/home/enetcom/mecanum-ros2/install/mechanum_description/share/mechanum_description/package.bash'
[0.721s] INFO:colcon.colcon_core.shell:Creating package script '/home/enetcom/mecanum-ros2/install/mechanum_description/share/mechanum_description/package.zsh'
[0.722s] Level 1:colcon.colcon_core.environment:create_file_with_runtime_dependencies(/home/enetcom/mecanum-ros2/install/mechanum_description/share/colcon-core/packages/mechanum_description)
[0.724s] Level 1:colcon.colcon_core.environment:create_environment_scripts_only(mechanum_description)
[0.724s] Level 1:colcon.colcon_core.environment:checking '/home/enetcom/mecanum-ros2/install/mechanum_description' for CMake module files
[0.726s] Level 1:colcon.colcon_core.environment:checking '/home/enetcom/mecanum-ros2/install/mechanum_description' for CMake config files
[0.726s] Level 1:colcon.colcon_core.shell:create_environment_hook('mechanum_description', 'cmake_prefix_path')
[0.727s] INFO:colcon.colcon_core.shell:Creating environment hook '/home/enetcom/mecanum-ros2/install/mechanum_description/share/mechanum_description/hook/cmake_prefix_path.ps1'
[0.729s] INFO:colcon.colcon_core.shell:Creating environment descriptor '/home/enetcom/mecanum-ros2/install/mechanum_description/share/mechanum_description/hook/cmake_prefix_path.dsv'
[0.730s] INFO:colcon.colcon_core.shell:Creating environment hook '/home/enetcom/mecanum-ros2/install/mechanum_description/share/mechanum_description/hook/cmake_prefix_path.sh'
[0.731s] Level 1:colcon.colcon_core.environment:checking '/home/enetcom/mecanum-ros2/install/mechanum_description/bin'
[0.732s] Level 1:colcon.colcon_core.environment:checking '/home/enetcom/mecanum-ros2/install/mechanum_description/lib/pkgconfig/mechanum_description.pc'
[0.732s] Level 1:colcon.colcon_core.environment:checking '/home/enetcom/mecanum-ros2/install/mechanum_description/lib/python3.10/site-packages'
[0.733s] Level 1:colcon.colcon_core.environment:checking '/home/enetcom/mecanum-ros2/install/mechanum_description/bin'
[0.734s] INFO:colcon.colcon_core.shell:Creating package script '/home/enetcom/mecanum-ros2/install/mechanum_description/share/mechanum_description/package.ps1'
[0.735s] INFO:colcon.colcon_core.shell:Creating package descriptor '/home/enetcom/mecanum-ros2/install/mechanum_description/share/mechanum_description/package.dsv'
[0.736s] INFO:colcon.colcon_core.shell:Creating package script '/home/enetcom/mecanum-ros2/install/mechanum_description/share/mechanum_description/package.sh'
[0.737s] INFO:colcon.colcon_core.shell:Creating package script '/home/enetcom/mecanum-ros2/install/mechanum_description/share/mechanum_description/package.bash'
[0.738s] INFO:colcon.colcon_core.shell:Creating package script '/home/enetcom/mecanum-ros2/install/mechanum_description/share/mechanum_description/package.zsh'
[0.739s] Level 1:colcon.colcon_core.environment:create_file_with_runtime_dependencies(/home/enetcom/mecanum-ros2/install/mechanum_description/share/colcon-core/packages/mechanum_description)
[0.739s] DEBUG:colcon.colcon_parallel_executor.executor.parallel:closing loop
[0.740s] DEBUG:colcon.colcon_parallel_executor.executor.parallel:loop closed
[0.740s] DEBUG:colcon.colcon_parallel_executor.executor.parallel:run_until_complete finished with '0'
[0.740s] DEBUG:colcon.colcon_core.event_reactor:joining thread
[0.752s] INFO:colcon.colcon_core.plugin_system:Skipping extension 'colcon_notification.desktop_notification.terminal_notifier': Not used on non-Darwin systems
[0.752s] INFO:colcon.colcon_core.plugin_system:Skipping extension 'colcon_notification.desktop_notification.win32': Not used on non-Windows systems
[0.752s] INFO:colcon.colcon_notification.desktop_notification:Sending desktop notification using 'notify2'
[0.774s] DEBUG:colcon.colcon_core.event_reactor:joined thread
[0.775s] INFO:colcon.colcon_core.shell:Creating prefix script '/home/enetcom/mecanum-ros2/install/local_setup.ps1'
[0.777s] INFO:colcon.colcon_core.shell:Creating prefix util module '/home/enetcom/mecanum-ros2/install/_local_setup_util_ps1.py'
[0.781s] INFO:colcon.colcon_core.shell:Creating prefix chain script '/home/enetcom/mecanum-ros2/install/setup.ps1'
[0.783s] INFO:colcon.colcon_core.shell:Creating prefix script '/home/enetcom/mecanum-ros2/install/local_setup.sh'
[0.784s] INFO:colcon.colcon_core.shell:Creating prefix util module '/home/enetcom/mecanum-ros2/install/_local_setup_util_sh.py'
[0.785s] INFO:colcon.colcon_core.shell:Creating prefix chain script '/home/enetcom/mecanum-ros2/install/setup.sh'
[0.786s] INFO:colcon.colcon_core.shell:Creating prefix script '/home/enetcom/mecanum-ros2/install/local_setup.bash'
[0.788s] INFO:colcon.colcon_core.shell:Creating prefix chain script '/home/enetcom/mecanum-ros2/install/setup.bash'
[0.790s] INFO:colcon.colcon_core.shell:Creating prefix script '/home/enetcom/mecanum-ros2/install/local_setup.zsh'
[0.791s] INFO:colcon.colcon_core.shell:Creating prefix chain script '/home/enetcom/mecanum-ros2/install/setup.zsh'
