[0.137s] DEBUG:colcon:Command line arguments: ['/usr/bin/colcon', 'build', '--symlink-install']
[0.137s] DEBUG:colcon:Parsed command line arguments: Namespace(log_base=None, log_level=None, verb_name='build', build_base='build', install_base='install', merge_install=False, symlink_install=True, test_result_base=None, continue_on_error=False, executor='parallel', parallel_workers=4, event_handlers=None, ignore_user_meta=False, metas=['./colcon.meta'], base_paths=['.'], packages_ignore=None, packages_ignore_regex=None, paths=None, packages_up_to=None, packages_up_to_regex=None, packages_above=None, packages_above_and_dependencies=None, packages_above_depth=None, packages_select_by_dep=None, packages_skip_by_dep=None, packages_skip_up_to=None, packages_select_build_failed=False, packages_skip_build_finished=False, packages_select_test_failures=False, packages_skip_test_passed=False, packages_select=None, packages_skip=None, packages_select_regex=None, packages_skip_regex=None, packages_start=None, packages_end=None, allow_overriding=[], cmake_args=None, cmake_target=None, cmake_target_skip_unavailable=False, cmake_clean_cache=False, cmake_clean_first=False, cmake_force_configure=False, ament_cmake_args=None, catkin_cmake_args=None, catkin_skip_building_tests=False, mixin_files=None, mixin=None, verb_parser=<colcon_mixin.mixin.mixin_argument.MixinArgumentDecorator object at 0x74c929b5df00>, verb_extension=<colcon_core.verb.build.BuildVerb object at 0x74c929b5da50>, main=<bound method BuildVerb.main of <colcon_core.verb.build.BuildVerb object at 0x74c929b5da50>>, mixin_verb=('build',))
[0.356s] Level 1:colcon.colcon_core.package_discovery:discover_packages(colcon_meta) check parameters
[0.356s] Level 1:colcon.colcon_core.package_discovery:discover_packages(recursive) check parameters
[0.356s] Level 1:colcon.colcon_core.package_discovery:discover_packages(ignore) check parameters
[0.356s] Level 1:colcon.colcon_core.package_discovery:discover_packages(path) check parameters
[0.356s] Level 1:colcon.colcon_core.package_discovery:discover_packages(colcon_meta) discover
[0.363s] Level 1:colcon.colcon_core.package_discovery:discover_packages(recursive) discover
[0.363s] INFO:colcon.colcon_core.package_discovery:Crawling recursively for packages in '/home/enetcom/mecanum-ros2'
[0.363s] Level 1:colcon.colcon_core.package_identification:_identify(.) by extensions ['ignore', 'ignore_ament_install']
[0.363s] Level 1:colcon.colcon_core.package_identification:_identify(.) by extension 'ignore'
[0.363s] Level 1:colcon.colcon_core.package_identification:_identify(.) by extension 'ignore_ament_install'
[0.363s] Level 1:colcon.colcon_core.package_identification:_identify(.) by extensions ['colcon_pkg']
[0.363s] Level 1:colcon.colcon_core.package_identification:_identify(.) by extension 'colcon_pkg'
[0.363s] Level 1:colcon.colcon_core.package_identification:_identify(.) by extensions ['colcon_meta']
[0.363s] Level 1:colcon.colcon_core.package_identification:_identify(.) by extension 'colcon_meta'
[0.363s] Level 1:colcon.colcon_core.package_identification:_identify(.) by extensions ['ros']
[0.363s] Level 1:colcon.colcon_core.package_identification:_identify(.) by extension 'ros'
[0.378s] Level 1:colcon.colcon_core.package_identification:_identify(.) by extensions ['cmake', 'python']
[0.378s] Level 1:colcon.colcon_core.package_identification:_identify(.) by extension 'cmake'
[0.378s] Level 1:colcon.colcon_core.package_identification:_identify(.) by extension 'python'
[0.378s] Level 1:colcon.colcon_core.package_identification:_identify(.) by extensions ['python_setup_py']
[0.378s] Level 1:colcon.colcon_core.package_identification:_identify(.) by extension 'python_setup_py'
[0.378s] Level 1:colcon.colcon_core.package_identification:_identify(build) by extensions ['ignore', 'ignore_ament_install']
[0.378s] Level 1:colcon.colcon_core.package_identification:_identify(build) by extension 'ignore'
[0.379s] Level 1:colcon.colcon_core.package_identification:_identify(build) ignored
[0.379s] Level 1:colcon.colcon_core.package_identification:_identify(install) by extensions ['ignore', 'ignore_ament_install']
[0.379s] Level 1:colcon.colcon_core.package_identification:_identify(install) by extension 'ignore'
[0.379s] Level 1:colcon.colcon_core.package_identification:_identify(install) ignored
[0.379s] Level 1:colcon.colcon_core.package_identification:_identify(log) by extensions ['ignore', 'ignore_ament_install']
[0.379s] Level 1:colcon.colcon_core.package_identification:_identify(log) by extension 'ignore'
[0.379s] Level 1:colcon.colcon_core.package_identification:_identify(log) ignored
[0.380s] Level 1:colcon.colcon_core.package_identification:_identify(src) by extensions ['ignore', 'ignore_ament_install']
[0.380s] Level 1:colcon.colcon_core.package_identification:_identify(src) by extension 'ignore'
[0.380s] Level 1:colcon.colcon_core.package_identification:_identify(src) by extension 'ignore_ament_install'
[0.380s] Level 1:colcon.colcon_core.package_identification:_identify(src) by extensions ['colcon_pkg']
[0.380s] Level 1:colcon.colcon_core.package_identification:_identify(src) by extension 'colcon_pkg'
[0.380s] Level 1:colcon.colcon_core.package_identification:_identify(src) by extensions ['colcon_meta']
[0.380s] Level 1:colcon.colcon_core.package_identification:_identify(src) by extension 'colcon_meta'
[0.380s] Level 1:colcon.colcon_core.package_identification:_identify(src) by extensions ['ros']
[0.380s] Level 1:colcon.colcon_core.package_identification:_identify(src) by extension 'ros'
[0.380s] Level 1:colcon.colcon_core.package_identification:_identify(src) by extensions ['cmake', 'python']
[0.380s] Level 1:colcon.colcon_core.package_identification:_identify(src) by extension 'cmake'
[0.380s] Level 1:colcon.colcon_core.package_identification:_identify(src) by extension 'python'
[0.381s] Level 1:colcon.colcon_core.package_identification:_identify(src) by extensions ['python_setup_py']
[0.381s] Level 1:colcon.colcon_core.package_identification:_identify(src) by extension 'python_setup_py'
[0.381s] Level 1:colcon.colcon_core.package_identification:_identify(src/mecanum_localization) by extensions ['ignore', 'ignore_ament_install']
[0.381s] Level 1:colcon.colcon_core.package_identification:_identify(src/mecanum_localization) by extension 'ignore'
[0.381s] Level 1:colcon.colcon_core.package_identification:_identify(src/mecanum_localization) by extension 'ignore_ament_install'
[0.381s] Level 1:colcon.colcon_core.package_identification:_identify(src/mecanum_localization) by extensions ['colcon_pkg']
[0.381s] Level 1:colcon.colcon_core.package_identification:_identify(src/mecanum_localization) by extension 'colcon_pkg'
[0.381s] Level 1:colcon.colcon_core.package_identification:_identify(src/mecanum_localization) by extensions ['colcon_meta']
[0.381s] Level 1:colcon.colcon_core.package_identification:_identify(src/mecanum_localization) by extension 'colcon_meta'
[0.381s] Level 1:colcon.colcon_core.package_identification:_identify(src/mecanum_localization) by extensions ['ros']
[0.381s] Level 1:colcon.colcon_core.package_identification:_identify(src/mecanum_localization) by extension 'ros'
[0.385s] DEBUG:colcon.colcon_core.package_identification:Package 'src/mecanum_localization' with type 'ros.ament_cmake' and name 'mecanum_localization'
[0.385s] Level 1:colcon.colcon_core.package_identification:_identify(src/mecanum_navigation) by extensions ['ignore', 'ignore_ament_install']
[0.385s] Level 1:colcon.colcon_core.package_identification:_identify(src/mecanum_navigation) by extension 'ignore'
[0.385s] Level 1:colcon.colcon_core.package_identification:_identify(src/mecanum_navigation) by extension 'ignore_ament_install'
[0.386s] Level 1:colcon.colcon_core.package_identification:_identify(src/mecanum_navigation) by extensions ['colcon_pkg']
[0.386s] Level 1:colcon.colcon_core.package_identification:_identify(src/mecanum_navigation) by extension 'colcon_pkg'
[0.386s] Level 1:colcon.colcon_core.package_identification:_identify(src/mecanum_navigation) by extensions ['colcon_meta']
[0.386s] Level 1:colcon.colcon_core.package_identification:_identify(src/mecanum_navigation) by extension 'colcon_meta'
[0.386s] Level 1:colcon.colcon_core.package_identification:_identify(src/mecanum_navigation) by extensions ['ros']
[0.386s] Level 1:colcon.colcon_core.package_identification:_identify(src/mecanum_navigation) by extension 'ros'
[0.387s] DEBUG:colcon.colcon_core.package_identification:Package 'src/mecanum_navigation' with type 'ros.ament_cmake' and name 'mecanum_navigation'
[0.387s] Level 1:colcon.colcon_core.package_identification:_identify(src/mechanum_description) by extensions ['ignore', 'ignore_ament_install']
[0.388s] Level 1:colcon.colcon_core.package_identification:_identify(src/mechanum_description) by extension 'ignore'
[0.388s] Level 1:colcon.colcon_core.package_identification:_identify(src/mechanum_description) by extension 'ignore_ament_install'
[0.388s] Level 1:colcon.colcon_core.package_identification:_identify(src/mechanum_description) by extensions ['colcon_pkg']
[0.388s] Level 1:colcon.colcon_core.package_identification:_identify(src/mechanum_description) by extension 'colcon_pkg'
[0.388s] Level 1:colcon.colcon_core.package_identification:_identify(src/mechanum_description) by extensions ['colcon_meta']
[0.388s] Level 1:colcon.colcon_core.package_identification:_identify(src/mechanum_description) by extension 'colcon_meta'
[0.388s] Level 1:colcon.colcon_core.package_identification:_identify(src/mechanum_description) by extensions ['ros']
[0.388s] Level 1:colcon.colcon_core.package_identification:_identify(src/mechanum_description) by extension 'ros'
[0.390s] DEBUG:colcon.colcon_core.package_identification:Package 'src/mechanum_description' with type 'ros.ament_cmake' and name 'mechanum_description'
[0.390s] Level 1:colcon.colcon_core.package_discovery:discover_packages(recursive) using defaults
[0.390s] Level 1:colcon.colcon_core.package_discovery:discover_packages(ignore) discover
[0.390s] Level 1:colcon.colcon_core.package_discovery:discover_packages(ignore) using defaults
[0.390s] Level 1:colcon.colcon_core.package_discovery:discover_packages(path) discover
[0.390s] Level 1:colcon.colcon_core.package_discovery:discover_packages(path) using defaults
[0.428s] Level 1:colcon.colcon_core.package_discovery:discover_packages(prefix_path) check parameters
[0.428s] Level 1:colcon.colcon_core.package_discovery:discover_packages(prefix_path) discover
[0.431s] DEBUG:colcon.colcon_installed_package_information.package_discovery:Found 3 installed packages in /home/enetcom/mecanum-ros2/install
[0.433s] DEBUG:colcon.colcon_installed_package_information.package_discovery:Found 395 installed packages in /opt/ros/humble
[0.435s] Level 1:colcon.colcon_core.package_discovery:discover_packages(prefix_path) using defaults
[0.501s] Level 5:colcon.colcon_core.verb:set package 'mecanum_localization' build argument 'cmake_args' from command line to 'None'
[0.501s] Level 5:colcon.colcon_core.verb:set package 'mecanum_localization' build argument 'cmake_target' from command line to 'None'
[0.501s] Level 5:colcon.colcon_core.verb:set package 'mecanum_localization' build argument 'cmake_target_skip_unavailable' from command line to 'False'
[0.501s] Level 5:colcon.colcon_core.verb:set package 'mecanum_localization' build argument 'cmake_clean_cache' from command line to 'False'
[0.501s] Level 5:colcon.colcon_core.verb:set package 'mecanum_localization' build argument 'cmake_clean_first' from command line to 'False'
[0.501s] Level 5:colcon.colcon_core.verb:set package 'mecanum_localization' build argument 'cmake_force_configure' from command line to 'False'
[0.501s] Level 5:colcon.colcon_core.verb:set package 'mecanum_localization' build argument 'ament_cmake_args' from command line to 'None'
[0.501s] Level 5:colcon.colcon_core.verb:set package 'mecanum_localization' build argument 'catkin_cmake_args' from command line to 'None'
[0.501s] Level 5:colcon.colcon_core.verb:set package 'mecanum_localization' build argument 'catkin_skip_building_tests' from command line to 'False'
[0.501s] DEBUG:colcon.colcon_core.verb:Building package 'mecanum_localization' with the following arguments: {'ament_cmake_args': None, 'build_base': '/home/enetcom/mecanum-ros2/build/mecanum_localization', 'catkin_cmake_args': None, 'catkin_skip_building_tests': False, 'cmake_args': None, 'cmake_clean_cache': False, 'cmake_clean_first': False, 'cmake_force_configure': False, 'cmake_target': None, 'cmake_target_skip_unavailable': False, 'install_base': '/home/enetcom/mecanum-ros2/install/mecanum_localization', 'merge_install': False, 'path': '/home/enetcom/mecanum-ros2/src/mecanum_localization', 'symlink_install': True, 'test_result_base': None}
[0.502s] Level 5:colcon.colcon_core.verb:set package 'mecanum_navigation' build argument 'cmake_args' from command line to 'None'
[0.502s] Level 5:colcon.colcon_core.verb:set package 'mecanum_navigation' build argument 'cmake_target' from command line to 'None'
[0.502s] Level 5:colcon.colcon_core.verb:set package 'mecanum_navigation' build argument 'cmake_target_skip_unavailable' from command line to 'False'
[0.502s] Level 5:colcon.colcon_core.verb:set package 'mecanum_navigation' build argument 'cmake_clean_cache' from command line to 'False'
[0.503s] Level 5:colcon.colcon_core.verb:set package 'mecanum_navigation' build argument 'cmake_clean_first' from command line to 'False'
[0.503s] Level 5:colcon.colcon_core.verb:set package 'mecanum_navigation' build argument 'cmake_force_configure' from command line to 'False'
[0.503s] Level 5:colcon.colcon_core.verb:set package 'mecanum_navigation' build argument 'ament_cmake_args' from command line to 'None'
[0.503s] Level 5:colcon.colcon_core.verb:set package 'mecanum_navigation' build argument 'catkin_cmake_args' from command line to 'None'
[0.503s] Level 5:colcon.colcon_core.verb:set package 'mecanum_navigation' build argument 'catkin_skip_building_tests' from command line to 'False'
[0.503s] DEBUG:colcon.colcon_core.verb:Building package 'mecanum_navigation' with the following arguments: {'ament_cmake_args': None, 'build_base': '/home/enetcom/mecanum-ros2/build/mecanum_navigation', 'catkin_cmake_args': None, 'catkin_skip_building_tests': False, 'cmake_args': None, 'cmake_clean_cache': False, 'cmake_clean_first': False, 'cmake_force_configure': False, 'cmake_target': None, 'cmake_target_skip_unavailable': False, 'install_base': '/home/enetcom/mecanum-ros2/install/mecanum_navigation', 'merge_install': False, 'path': '/home/enetcom/mecanum-ros2/src/mecanum_navigation', 'symlink_install': True, 'test_result_base': None}
[0.504s] Level 5:colcon.colcon_core.verb:set package 'mechanum_description' build argument 'cmake_args' from command line to 'None'
[0.504s] Level 5:colcon.colcon_core.verb:set package 'mechanum_description' build argument 'cmake_target' from command line to 'None'
[0.504s] Level 5:colcon.colcon_core.verb:set package 'mechanum_description' build argument 'cmake_target_skip_unavailable' from command line to 'False'
[0.504s] Level 5:colcon.colcon_core.verb:set package 'mechanum_description' build argument 'cmake_clean_cache' from command line to 'False'
[0.504s] Level 5:colcon.colcon_core.verb:set package 'mechanum_description' build argument 'cmake_clean_first' from command line to 'False'
[0.504s] Level 5:colcon.colcon_core.verb:set package 'mechanum_description' build argument 'cmake_force_configure' from command line to 'False'
[0.504s] Level 5:colcon.colcon_core.verb:set package 'mechanum_description' build argument 'ament_cmake_args' from command line to 'None'
[0.504s] Level 5:colcon.colcon_core.verb:set package 'mechanum_description' build argument 'catkin_cmake_args' from command line to 'None'
[0.504s] Level 5:colcon.colcon_core.verb:set package 'mechanum_description' build argument 'catkin_skip_building_tests' from command line to 'False'
[0.504s] DEBUG:colcon.colcon_core.verb:Building package 'mechanum_description' with the following arguments: {'ament_cmake_args': None, 'build_base': '/home/enetcom/mecanum-ros2/build/mechanum_description', 'catkin_cmake_args': None, 'catkin_skip_building_tests': False, 'cmake_args': None, 'cmake_clean_cache': False, 'cmake_clean_first': False, 'cmake_force_configure': False, 'cmake_target': None, 'cmake_target_skip_unavailable': False, 'install_base': '/home/enetcom/mecanum-ros2/install/mechanum_description', 'merge_install': False, 'path': '/home/enetcom/mecanum-ros2/src/mechanum_description', 'symlink_install': True, 'test_result_base': None}
[0.504s] INFO:colcon.colcon_core.executor:Executing jobs using 'parallel' executor
[0.506s] DEBUG:colcon.colcon_parallel_executor.executor.parallel:run_until_complete
[0.506s] INFO:colcon.colcon_ros.task.ament_cmake.build:Building ROS package in '/home/enetcom/mecanum-ros2/src/mecanum_localization' with build type 'ament_cmake'
[0.506s] INFO:colcon.colcon_cmake.task.cmake.build:Building CMake package in '/home/enetcom/mecanum-ros2/src/mecanum_localization'
[0.509s] INFO:colcon.colcon_core.plugin_system:Skipping extension 'colcon_core.shell.bat': Not used on non-Windows systems
[0.509s] INFO:colcon.colcon_core.shell:Skip shell extension 'powershell' for command environment: Not usable outside of PowerShell
[0.509s] DEBUG:colcon.colcon_core.shell:Skip shell extension 'dsv' for command environment
[0.513s] INFO:colcon.colcon_ros.task.ament_cmake.build:Building ROS package in '/home/enetcom/mecanum-ros2/src/mecanum_navigation' with build type 'ament_cmake'
[0.514s] INFO:colcon.colcon_cmake.task.cmake.build:Building CMake package in '/home/enetcom/mecanum-ros2/src/mecanum_navigation'
[0.514s] INFO:colcon.colcon_core.shell:Skip shell extension 'powershell' for command environment: Not usable outside of PowerShell
[0.514s] DEBUG:colcon.colcon_core.shell:Skip shell extension 'dsv' for command environment
[0.519s] INFO:colcon.colcon_ros.task.ament_cmake.build:Building ROS package in '/home/enetcom/mecanum-ros2/src/mechanum_description' with build type 'ament_cmake'
[0.519s] INFO:colcon.colcon_cmake.task.cmake.build:Building CMake package in '/home/enetcom/mecanum-ros2/src/mechanum_description'
[0.519s] INFO:colcon.colcon_core.shell:Skip shell extension 'powershell' for command environment: Not usable outside of PowerShell
[0.519s] DEBUG:colcon.colcon_core.shell:Skip shell extension 'dsv' for command environment
[0.531s] DEBUG:colcon.colcon_core.event_handler.log_command:Invoking command in '/home/enetcom/mecanum-ros2/build/mecanum_localization': CMAKE_PREFIX_PATH=${CMAKE_PREFIX_PATH}:/opt/ros/humble /usr/bin/cmake --build /home/enetcom/mecanum-ros2/build/mecanum_localization -- -j4 -l4
[0.538s] DEBUG:colcon.colcon_core.event_handler.log_command:Invoking command in '/home/enetcom/mecanum-ros2/build/mecanum_navigation': CMAKE_PREFIX_PATH=${CMAKE_PREFIX_PATH}:/opt/ros/humble /usr/bin/cmake --build /home/enetcom/mecanum-ros2/build/mecanum_navigation -- -j4 -l4
[0.547s] DEBUG:colcon.colcon_core.event_handler.log_command:Invoking command in '/home/enetcom/mecanum-ros2/build/mechanum_description': CMAKE_PREFIX_PATH=${CMAKE_PREFIX_PATH}:/opt/ros/humble /usr/bin/cmake --build /home/enetcom/mecanum-ros2/build/mechanum_description -- -j4 -l4
[0.594s] DEBUG:colcon.colcon_core.event_handler.log_command:Invoked command in '/home/enetcom/mecanum-ros2/build/mecanum_navigation' returned '0': CMAKE_PREFIX_PATH=${CMAKE_PREFIX_PATH}:/opt/ros/humble /usr/bin/cmake --build /home/enetcom/mecanum-ros2/build/mecanum_navigation -- -j4 -l4
[0.606s] DEBUG:colcon.colcon_core.event_handler.log_command:Invoking command in '/home/enetcom/mecanum-ros2/build/mecanum_navigation': CMAKE_PREFIX_PATH=${CMAKE_PREFIX_PATH}:/opt/ros/humble /usr/bin/cmake --install /home/enetcom/mecanum-ros2/build/mecanum_navigation
[0.608s] DEBUG:colcon.colcon_core.event_handler.log_command:Invoked command in '/home/enetcom/mecanum-ros2/build/mecanum_localization' returned '0': CMAKE_PREFIX_PATH=${CMAKE_PREFIX_PATH}:/opt/ros/humble /usr/bin/cmake --build /home/enetcom/mecanum-ros2/build/mecanum_localization -- -j4 -l4
[0.611s] DEBUG:colcon.colcon_core.event_handler.log_command:Invoking command in '/home/enetcom/mecanum-ros2/build/mecanum_localization': CMAKE_PREFIX_PATH=${CMAKE_PREFIX_PATH}:/opt/ros/humble /usr/bin/cmake --install /home/enetcom/mecanum-ros2/build/mecanum_localization
[0.612s] DEBUG:colcon.colcon_core.event_handler.log_command:Invoked command in '/home/enetcom/mecanum-ros2/build/mechanum_description' returned '0': CMAKE_PREFIX_PATH=${CMAKE_PREFIX_PATH}:/opt/ros/humble /usr/bin/cmake --build /home/enetcom/mecanum-ros2/build/mechanum_description -- -j4 -l4
[0.614s] DEBUG:colcon.colcon_core.event_handler.log_command:Invoking command in '/home/enetcom/mecanum-ros2/build/mechanum_description': CMAKE_PREFIX_PATH=${CMAKE_PREFIX_PATH}:/opt/ros/humble /usr/bin/cmake --install /home/enetcom/mecanum-ros2/build/mechanum_description
[0.649s] Level 1:colcon.colcon_core.environment:create_environment_scripts_only(mecanum_navigation)
[0.654s] DEBUG:colcon.colcon_core.event_handler.log_command:Invoked command in '/home/enetcom/mecanum-ros2/build/mecanum_navigation' returned '0': CMAKE_PREFIX_PATH=${CMAKE_PREFIX_PATH}:/opt/ros/humble /usr/bin/cmake --install /home/enetcom/mecanum-ros2/build/mecanum_navigation
[0.661s] Level 1:colcon.colcon_core.environment:checking '/home/enetcom/mecanum-ros2/install/mecanum_navigation' for CMake module files
[0.662s] Level 1:colcon.colcon_core.environment:checking '/home/enetcom/mecanum-ros2/install/mecanum_navigation' for CMake config files
[0.662s] Level 1:colcon.colcon_core.shell:create_environment_hook('mecanum_navigation', 'cmake_prefix_path')
[0.663s] INFO:colcon.colcon_core.shell:Creating environment hook '/home/enetcom/mecanum-ros2/install/mecanum_navigation/share/mecanum_navigation/hook/cmake_prefix_path.ps1'
[0.664s] INFO:colcon.colcon_core.shell:Creating environment descriptor '/home/enetcom/mecanum-ros2/install/mecanum_navigation/share/mecanum_navigation/hook/cmake_prefix_path.dsv'
[0.664s] INFO:colcon.colcon_core.shell:Creating environment hook '/home/enetcom/mecanum-ros2/install/mecanum_navigation/share/mecanum_navigation/hook/cmake_prefix_path.sh'
[0.666s] Level 1:colcon.colcon_core.environment:checking '/home/enetcom/mecanum-ros2/install/mecanum_navigation/bin'
[0.666s] Level 1:colcon.colcon_core.environment:checking '/home/enetcom/mecanum-ros2/install/mecanum_navigation/lib/pkgconfig/mecanum_navigation.pc'
[0.666s] Level 1:colcon.colcon_core.environment:checking '/home/enetcom/mecanum-ros2/install/mecanum_navigation/lib/python3.10/site-packages'
[0.667s] Level 1:colcon.colcon_core.environment:checking '/home/enetcom/mecanum-ros2/install/mecanum_navigation/bin'
[0.667s] INFO:colcon.colcon_core.shell:Creating package script '/home/enetcom/mecanum-ros2/install/mecanum_navigation/share/mecanum_navigation/package.ps1'
[0.669s] INFO:colcon.colcon_core.shell:Creating package descriptor '/home/enetcom/mecanum-ros2/install/mecanum_navigation/share/mecanum_navigation/package.dsv'
[0.671s] INFO:colcon.colcon_core.shell:Creating package script '/home/enetcom/mecanum-ros2/install/mecanum_navigation/share/mecanum_navigation/package.sh'
[0.672s] INFO:colcon.colcon_core.shell:Creating package script '/home/enetcom/mecanum-ros2/install/mecanum_navigation/share/mecanum_navigation/package.bash'
[0.673s] INFO:colcon.colcon_core.shell:Creating package script '/home/enetcom/mecanum-ros2/install/mecanum_navigation/share/mecanum_navigation/package.zsh'
[0.674s] Level 1:colcon.colcon_core.environment:create_file_with_runtime_dependencies(/home/enetcom/mecanum-ros2/install/mecanum_navigation/share/colcon-core/packages/mecanum_navigation)
[0.675s] Level 1:colcon.colcon_core.environment:create_environment_scripts_only(mecanum_navigation)
[0.675s] Level 1:colcon.colcon_core.environment:checking '/home/enetcom/mecanum-ros2/install/mecanum_navigation' for CMake module files
[0.676s] Level 1:colcon.colcon_core.environment:checking '/home/enetcom/mecanum-ros2/install/mecanum_navigation' for CMake config files
[0.676s] Level 1:colcon.colcon_core.shell:create_environment_hook('mecanum_navigation', 'cmake_prefix_path')
[0.676s] INFO:colcon.colcon_core.shell:Creating environment hook '/home/enetcom/mecanum-ros2/install/mecanum_navigation/share/mecanum_navigation/hook/cmake_prefix_path.ps1'
[0.677s] INFO:colcon.colcon_core.shell:Creating environment descriptor '/home/enetcom/mecanum-ros2/install/mecanum_navigation/share/mecanum_navigation/hook/cmake_prefix_path.dsv'
[0.677s] INFO:colcon.colcon_core.shell:Creating environment hook '/home/enetcom/mecanum-ros2/install/mecanum_navigation/share/mecanum_navigation/hook/cmake_prefix_path.sh'
[0.678s] Level 1:colcon.colcon_core.environment:checking '/home/enetcom/mecanum-ros2/install/mecanum_navigation/bin'
[0.678s] Level 1:colcon.colcon_core.environment:checking '/home/enetcom/mecanum-ros2/install/mecanum_navigation/lib/pkgconfig/mecanum_navigation.pc'
[0.678s] Level 1:colcon.colcon_core.environment:checking '/home/enetcom/mecanum-ros2/install/mecanum_navigation/lib/python3.10/site-packages'
[0.678s] Level 1:colcon.colcon_core.environment:checking '/home/enetcom/mecanum-ros2/install/mecanum_navigation/bin'
[0.679s] INFO:colcon.colcon_core.shell:Creating package script '/home/enetcom/mecanum-ros2/install/mecanum_navigation/share/mecanum_navigation/package.ps1'
[0.679s] INFO:colcon.colcon_core.shell:Creating package descriptor '/home/enetcom/mecanum-ros2/install/mecanum_navigation/share/mecanum_navigation/package.dsv'
[0.680s] INFO:colcon.colcon_core.shell:Creating package script '/home/enetcom/mecanum-ros2/install/mecanum_navigation/share/mecanum_navigation/package.sh'
[0.680s] INFO:colcon.colcon_core.shell:Creating package script '/home/enetcom/mecanum-ros2/install/mecanum_navigation/share/mecanum_navigation/package.bash'
[0.681s] INFO:colcon.colcon_core.shell:Creating package script '/home/enetcom/mecanum-ros2/install/mecanum_navigation/share/mecanum_navigation/package.zsh'
[0.681s] Level 1:colcon.colcon_core.environment:create_file_with_runtime_dependencies(/home/enetcom/mecanum-ros2/install/mecanum_navigation/share/colcon-core/packages/mecanum_navigation)
[0.683s] Level 1:colcon.colcon_core.environment:create_environment_scripts_only(mecanum_localization)
[0.683s] Level 1:colcon.colcon_core.environment:checking '/home/enetcom/mecanum-ros2/install/mecanum_localization' for CMake module files
[0.684s] DEBUG:colcon.colcon_core.event_handler.log_command:Invoked command in '/home/enetcom/mecanum-ros2/build/mecanum_localization' returned '0': CMAKE_PREFIX_PATH=${CMAKE_PREFIX_PATH}:/opt/ros/humble /usr/bin/cmake --install /home/enetcom/mecanum-ros2/build/mecanum_localization
[0.685s] Level 1:colcon.colcon_core.environment:checking '/home/enetcom/mecanum-ros2/install/mecanum_localization' for CMake config files
[0.685s] Level 1:colcon.colcon_core.shell:create_environment_hook('mecanum_localization', 'cmake_prefix_path')
[0.685s] INFO:colcon.colcon_core.shell:Creating environment hook '/home/enetcom/mecanum-ros2/install/mecanum_localization/share/mecanum_localization/hook/cmake_prefix_path.ps1'
[0.686s] INFO:colcon.colcon_core.shell:Creating environment descriptor '/home/enetcom/mecanum-ros2/install/mecanum_localization/share/mecanum_localization/hook/cmake_prefix_path.dsv'
[0.687s] INFO:colcon.colcon_core.shell:Creating environment hook '/home/enetcom/mecanum-ros2/install/mecanum_localization/share/mecanum_localization/hook/cmake_prefix_path.sh'
[0.687s] Level 1:colcon.colcon_core.environment:checking '/home/enetcom/mecanum-ros2/install/mecanum_localization/bin'
[0.687s] Level 1:colcon.colcon_core.environment:checking '/home/enetcom/mecanum-ros2/install/mecanum_localization/lib/pkgconfig/mecanum_localization.pc'
[0.688s] Level 1:colcon.colcon_core.environment:checking '/home/enetcom/mecanum-ros2/install/mecanum_localization/lib/python3.10/site-packages'
[0.688s] Level 1:colcon.colcon_core.environment:checking '/home/enetcom/mecanum-ros2/install/mecanum_localization/bin'
[0.688s] INFO:colcon.colcon_core.shell:Creating package script '/home/enetcom/mecanum-ros2/install/mecanum_localization/share/mecanum_localization/package.ps1'
[0.689s] INFO:colcon.colcon_core.shell:Creating package descriptor '/home/enetcom/mecanum-ros2/install/mecanum_localization/share/mecanum_localization/package.dsv'
[0.689s] INFO:colcon.colcon_core.shell:Creating package script '/home/enetcom/mecanum-ros2/install/mecanum_localization/share/mecanum_localization/package.sh'
[0.690s] INFO:colcon.colcon_core.shell:Creating package script '/home/enetcom/mecanum-ros2/install/mecanum_localization/share/mecanum_localization/package.bash'
[0.690s] INFO:colcon.colcon_core.shell:Creating package script '/home/enetcom/mecanum-ros2/install/mecanum_localization/share/mecanum_localization/package.zsh'
[0.691s] Level 1:colcon.colcon_core.environment:create_file_with_runtime_dependencies(/home/enetcom/mecanum-ros2/install/mecanum_localization/share/colcon-core/packages/mecanum_localization)
[0.691s] Level 1:colcon.colcon_core.environment:create_environment_scripts_only(mecanum_localization)
[0.692s] Level 1:colcon.colcon_core.environment:checking '/home/enetcom/mecanum-ros2/install/mecanum_localization' for CMake module files
[0.692s] Level 1:colcon.colcon_core.environment:checking '/home/enetcom/mecanum-ros2/install/mecanum_localization' for CMake config files
[0.692s] Level 1:colcon.colcon_core.shell:create_environment_hook('mecanum_localization', 'cmake_prefix_path')
[0.693s] INFO:colcon.colcon_core.shell:Creating environment hook '/home/enetcom/mecanum-ros2/install/mecanum_localization/share/mecanum_localization/hook/cmake_prefix_path.ps1'
[0.693s] INFO:colcon.colcon_core.shell:Creating environment descriptor '/home/enetcom/mecanum-ros2/install/mecanum_localization/share/mecanum_localization/hook/cmake_prefix_path.dsv'
[0.694s] INFO:colcon.colcon_core.shell:Creating environment hook '/home/enetcom/mecanum-ros2/install/mecanum_localization/share/mecanum_localization/hook/cmake_prefix_path.sh'
[0.695s] Level 1:colcon.colcon_core.environment:checking '/home/enetcom/mecanum-ros2/install/mecanum_localization/bin'
[0.695s] Level 1:colcon.colcon_core.environment:checking '/home/enetcom/mecanum-ros2/install/mecanum_localization/lib/pkgconfig/mecanum_localization.pc'
[0.695s] Level 1:colcon.colcon_core.environment:checking '/home/enetcom/mecanum-ros2/install/mecanum_localization/lib/python3.10/site-packages'
[0.696s] Level 1:colcon.colcon_core.environment:checking '/home/enetcom/mecanum-ros2/install/mecanum_localization/bin'
[0.696s] INFO:colcon.colcon_core.shell:Creating package script '/home/enetcom/mecanum-ros2/install/mecanum_localization/share/mecanum_localization/package.ps1'
[0.697s] INFO:colcon.colcon_core.shell:Creating package descriptor '/home/enetcom/mecanum-ros2/install/mecanum_localization/share/mecanum_localization/package.dsv'
[0.698s] INFO:colcon.colcon_core.shell:Creating package script '/home/enetcom/mecanum-ros2/install/mecanum_localization/share/mecanum_localization/package.sh'
[0.698s] INFO:colcon.colcon_core.shell:Creating package script '/home/enetcom/mecanum-ros2/install/mecanum_localization/share/mecanum_localization/package.bash'
[0.699s] INFO:colcon.colcon_core.shell:Creating package script '/home/enetcom/mecanum-ros2/install/mecanum_localization/share/mecanum_localization/package.zsh'
[0.699s] Level 1:colcon.colcon_core.environment:create_file_with_runtime_dependencies(/home/enetcom/mecanum-ros2/install/mecanum_localization/share/colcon-core/packages/mecanum_localization)
[0.699s] Level 1:colcon.colcon_core.environment:create_environment_scripts_only(mechanum_description)
[0.700s] Level 1:colcon.colcon_core.environment:checking '/home/enetcom/mecanum-ros2/install/mechanum_description' for CMake module files
[0.701s] DEBUG:colcon.colcon_core.event_handler.log_command:Invoked command in '/home/enetcom/mecanum-ros2/build/mechanum_description' returned '0': CMAKE_PREFIX_PATH=${CMAKE_PREFIX_PATH}:/opt/ros/humble /usr/bin/cmake --install /home/enetcom/mecanum-ros2/build/mechanum_description
[0.702s] Level 1:colcon.colcon_core.environment:checking '/home/enetcom/mecanum-ros2/install/mechanum_description' for CMake config files
[0.703s] Level 1:colcon.colcon_core.shell:create_environment_hook('mechanum_description', 'cmake_prefix_path')
[0.703s] INFO:colcon.colcon_core.shell:Creating environment hook '/home/enetcom/mecanum-ros2/install/mechanum_description/share/mechanum_description/hook/cmake_prefix_path.ps1'
[0.704s] INFO:colcon.colcon_core.shell:Creating environment descriptor '/home/enetcom/mecanum-ros2/install/mechanum_description/share/mechanum_description/hook/cmake_prefix_path.dsv'
[0.704s] INFO:colcon.colcon_core.shell:Creating environment hook '/home/enetcom/mecanum-ros2/install/mechanum_description/share/mechanum_description/hook/cmake_prefix_path.sh'
[0.705s] Level 1:colcon.colcon_core.environment:checking '/home/enetcom/mecanum-ros2/install/mechanum_description/bin'
[0.705s] Level 1:colcon.colcon_core.environment:checking '/home/enetcom/mecanum-ros2/install/mechanum_description/lib/pkgconfig/mechanum_description.pc'
[0.706s] Level 1:colcon.colcon_core.environment:checking '/home/enetcom/mecanum-ros2/install/mechanum_description/lib/python3.10/site-packages'
[0.706s] Level 1:colcon.colcon_core.environment:checking '/home/enetcom/mecanum-ros2/install/mechanum_description/bin'
[0.706s] INFO:colcon.colcon_core.shell:Creating package script '/home/enetcom/mecanum-ros2/install/mechanum_description/share/mechanum_description/package.ps1'
[0.707s] INFO:colcon.colcon_core.shell:Creating package descriptor '/home/enetcom/mecanum-ros2/install/mechanum_description/share/mechanum_description/package.dsv'
[0.708s] INFO:colcon.colcon_core.shell:Creating package script '/home/enetcom/mecanum-ros2/install/mechanum_description/share/mechanum_description/package.sh'
[0.708s] INFO:colcon.colcon_core.shell:Creating package script '/home/enetcom/mecanum-ros2/install/mechanum_description/share/mechanum_description/package.bash'
[0.709s] INFO:colcon.colcon_core.shell:Creating package script '/home/enetcom/mecanum-ros2/install/mechanum_description/share/mechanum_description/package.zsh'
[0.710s] Level 1:colcon.colcon_core.environment:create_file_with_runtime_dependencies(/home/enetcom/mecanum-ros2/install/mechanum_description/share/colcon-core/packages/mechanum_description)
[0.711s] Level 1:colcon.colcon_core.environment:create_environment_scripts_only(mechanum_description)
[0.711s] Level 1:colcon.colcon_core.environment:checking '/home/enetcom/mecanum-ros2/install/mechanum_description' for CMake module files
[0.712s] Level 1:colcon.colcon_core.environment:checking '/home/enetcom/mecanum-ros2/install/mechanum_description' for CMake config files
[0.713s] Level 1:colcon.colcon_core.shell:create_environment_hook('mechanum_description', 'cmake_prefix_path')
[0.713s] INFO:colcon.colcon_core.shell:Creating environment hook '/home/enetcom/mecanum-ros2/install/mechanum_description/share/mechanum_description/hook/cmake_prefix_path.ps1'
[0.714s] INFO:colcon.colcon_core.shell:Creating environment descriptor '/home/enetcom/mecanum-ros2/install/mechanum_description/share/mechanum_description/hook/cmake_prefix_path.dsv'
[0.715s] INFO:colcon.colcon_core.shell:Creating environment hook '/home/enetcom/mecanum-ros2/install/mechanum_description/share/mechanum_description/hook/cmake_prefix_path.sh'
[0.717s] Level 1:colcon.colcon_core.environment:checking '/home/enetcom/mecanum-ros2/install/mechanum_description/bin'
[0.717s] Level 1:colcon.colcon_core.environment:checking '/home/enetcom/mecanum-ros2/install/mechanum_description/lib/pkgconfig/mechanum_description.pc'
[0.717s] Level 1:colcon.colcon_core.environment:checking '/home/enetcom/mecanum-ros2/install/mechanum_description/lib/python3.10/site-packages'
[0.718s] Level 1:colcon.colcon_core.environment:checking '/home/enetcom/mecanum-ros2/install/mechanum_description/bin'
[0.719s] INFO:colcon.colcon_core.shell:Creating package script '/home/enetcom/mecanum-ros2/install/mechanum_description/share/mechanum_description/package.ps1'
[0.721s] INFO:colcon.colcon_core.shell:Creating package descriptor '/home/enetcom/mecanum-ros2/install/mechanum_description/share/mechanum_description/package.dsv'
[0.722s] INFO:colcon.colcon_core.shell:Creating package script '/home/enetcom/mecanum-ros2/install/mechanum_description/share/mechanum_description/package.sh'
[0.723s] INFO:colcon.colcon_core.shell:Creating package script '/home/enetcom/mecanum-ros2/install/mechanum_description/share/mechanum_description/package.bash'
[0.724s] INFO:colcon.colcon_core.shell:Creating package script '/home/enetcom/mecanum-ros2/install/mechanum_description/share/mechanum_description/package.zsh'
[0.725s] Level 1:colcon.colcon_core.environment:create_file_with_runtime_dependencies(/home/enetcom/mecanum-ros2/install/mechanum_description/share/colcon-core/packages/mechanum_description)
[0.726s] DEBUG:colcon.colcon_parallel_executor.executor.parallel:closing loop
[0.726s] DEBUG:colcon.colcon_parallel_executor.executor.parallel:loop closed
[0.727s] DEBUG:colcon.colcon_parallel_executor.executor.parallel:run_until_complete finished with '0'
[0.727s] DEBUG:colcon.colcon_core.event_reactor:joining thread
[0.735s] INFO:colcon.colcon_core.plugin_system:Skipping extension 'colcon_notification.desktop_notification.terminal_notifier': Not used on non-Darwin systems
[0.735s] INFO:colcon.colcon_core.plugin_system:Skipping extension 'colcon_notification.desktop_notification.win32': Not used on non-Windows systems
[0.735s] INFO:colcon.colcon_notification.desktop_notification:Sending desktop notification using 'notify2'
[0.752s] DEBUG:colcon.colcon_core.event_reactor:joined thread
[0.753s] INFO:colcon.colcon_core.shell:Creating prefix script '/home/enetcom/mecanum-ros2/install/local_setup.ps1'
[0.756s] INFO:colcon.colcon_core.shell:Creating prefix util module '/home/enetcom/mecanum-ros2/install/_local_setup_util_ps1.py'
[0.760s] INFO:colcon.colcon_core.shell:Creating prefix chain script '/home/enetcom/mecanum-ros2/install/setup.ps1'
[0.762s] INFO:colcon.colcon_core.shell:Creating prefix script '/home/enetcom/mecanum-ros2/install/local_setup.sh'
[0.763s] INFO:colcon.colcon_core.shell:Creating prefix util module '/home/enetcom/mecanum-ros2/install/_local_setup_util_sh.py'
[0.764s] INFO:colcon.colcon_core.shell:Creating prefix chain script '/home/enetcom/mecanum-ros2/install/setup.sh'
[0.766s] INFO:colcon.colcon_core.shell:Creating prefix script '/home/enetcom/mecanum-ros2/install/local_setup.bash'
[0.767s] INFO:colcon.colcon_core.shell:Creating prefix chain script '/home/enetcom/mecanum-ros2/install/setup.bash'
[0.770s] INFO:colcon.colcon_core.shell:Creating prefix script '/home/enetcom/mecanum-ros2/install/local_setup.zsh'
[0.771s] INFO:colcon.colcon_core.shell:Creating prefix chain script '/home/enetcom/mecanum-ros2/install/setup.zsh'
