[0.026s] Invoking command in '/home/enetcom/mecanum-ros2/build/mechanum_description': CMAKE_PREFIX_PATH=${CMAKE_PREFIX_PATH}:/opt/ros/humble /usr/bin/cmake --build /home/enetcom/mecanum-ros2/build/mechanum_description -- -j4 -l4
[0.110s] Invoked command in '/home/enetcom/mecanum-ros2/build/mechanum_description' returned '0': CMAKE_PREFIX_PATH=${CMAKE_PREFIX_PATH}:/opt/ros/humble /usr/bin/cmake --build /home/enetcom/mecanum-ros2/build/mechanum_description -- -j4 -l4
[0.114s] Invoking command in '/home/enetcom/mecanum-ros2/build/mechanum_description': CMAKE_PREFIX_PATH=${CMAKE_PREFIX_PATH}:/opt/ros/humble /usr/bin/cmake --install /home/enetcom/mecanum-ros2/build/mechanum_description
[0.131s] -- Install configuration: ""
[0.132s] -- Execute custom install script
[0.133s] -- Up-to-date symlink: /home/enetcom/mecanum-ros2/install/mechanum_description/share/mechanum_description/meshes/azure_kinect.dae
[0.133s] -- Up-to-date symlink: /home/enetcom/mecanum-ros2/install/mechanum_description/share/mechanum_description/meshes/chain_link1.stl
[0.133s] -- Up-to-date symlink: /home/enetcom/mecanum-ros2/install/mechanum_description/share/mechanum_description/meshes/chain_link2.stl
[0.134s] -- Up-to-date symlink: /home/enetcom/mecanum-ros2/install/mechanum_description/share/mechanum_description/meshes/chain_link3.stl
[0.134s] -- Up-to-date symlink: /home/enetcom/mecanum-ros2/install/mechanum_description/share/mechanum_description/meshes/chain_link4.stl
[0.134s] -- Up-to-date symlink: /home/enetcom/mecanum-ros2/install/mechanum_description/share/mechanum_description/meshes/chain_link5.stl
[0.134s] -- Up-to-date symlink: /home/enetcom/mecanum-ros2/install/mechanum_description/share/mechanum_description/meshes/chain_link_grip_l.stl
[0.135s] -- Up-to-date symlink: /home/enetcom/mecanum-ros2/install/mechanum_description/share/mechanum_description/meshes/chain_link_grip_r.stl
[0.136s] -- Up-to-date symlink: /home/enetcom/mecanum-ros2/install/mechanum_description/share/mechanum_description/meshes/intel_realsense/visual/d435.stl
[0.136s] -- Up-to-date symlink: /home/enetcom/mecanum-ros2/install/mechanum_description/share/mechanum_description/meshes/mecanum_a.dae
[0.137s] -- Up-to-date symlink: /home/enetcom/mecanum-ros2/install/mechanum_description/share/mechanum_description/meshes/mecanum_b.dae
[0.137s] -- Up-to-date symlink: /home/enetcom/mecanum-ros2/install/mechanum_description/share/mechanum_description/meshes/rosmaster_x3/visual/back_left_wheel_X3.STL
[0.137s] -- Up-to-date symlink: /home/enetcom/mecanum-ros2/install/mechanum_description/share/mechanum_description/meshes/rosmaster_x3/visual/back_right_wheel_X3.STL
[0.137s] -- Up-to-date symlink: /home/enetcom/mecanum-ros2/install/mechanum_description/share/mechanum_description/meshes/rosmaster_x3/visual/base_link_X3.STL
[0.138s] -- Up-to-date symlink: /home/enetcom/mecanum-ros2/install/mechanum_description/share/mechanum_description/meshes/rosmaster_x3/visual/front_left_wheel_X3.STL
[0.138s] -- Up-to-date symlink: /home/enetcom/mecanum-ros2/install/mechanum_description/share/mechanum_description/meshes/rosmaster_x3/visual/front_right_wheel_X3.STL
[0.138s] -- Up-to-date symlink: /home/enetcom/mecanum-ros2/install/mechanum_description/share/mechanum_description/meshes/rosmaster_x3/visual/laser_link.STL
[0.138s] -- Up-to-date symlink: /home/enetcom/mecanum-ros2/install/mechanum_description/share/mechanum_description/meshes/rplidar/rplidar_s2.stl
[0.138s] -- Up-to-date symlink: /home/enetcom/mecanum-ros2/install/mechanum_description/share/mechanum_description/meshes/wpb_mani_base.dae
[0.139s] -- Up-to-date symlink: /home/enetcom/mecanum-ros2/install/mechanum_description/share/mechanum_description/urdf/materials.xacro
[0.140s] -- Up-to-date symlink: /home/enetcom/mecanum-ros2/install/mechanum_description/share/mechanum_description/urdf/mech/mecanum_wheel.urdf.xacro
[0.141s] -- Up-to-date symlink: /home/enetcom/mecanum-ros2/install/mechanum_description/share/mechanum_description/urdf/mech/rosmaster_x3_base.urdf.xacro
[0.142s] -- Up-to-date symlink: /home/enetcom/mecanum-ros2/install/mechanum_description/share/mechanum_description/urdf/open_manipulator_x.gazebo.xacro
[0.143s] -- Up-to-date symlink: /home/enetcom/mecanum-ros2/install/mechanum_description/share/mechanum_description/urdf/open_manipulator_x.transmission.xacro
[0.144s] -- Up-to-date symlink: /home/enetcom/mecanum-ros2/install/mechanum_description/share/mechanum_description/urdf/open_manipulator_x.urdf.xacro
[0.144s] -- Up-to-date symlink: /home/enetcom/mecanum-ros2/install/mechanum_description/share/mechanum_description/urdf/robots/rosmaster_x3.urdf.xacro
[0.147s] -- Up-to-date symlink: /home/enetcom/mecanum-ros2/install/mechanum_description/share/mechanum_description/urdf/sensors/lidar.urdf.xacro
[0.147s] -- Up-to-date symlink: /home/enetcom/mecanum-ros2/install/mechanum_description/share/mechanum_description/urdf/wpb_mani.urdf.xacro
[0.147s] -- Up-to-date symlink: /home/enetcom/mecanum-ros2/install/mechanum_description/share/mechanum_description/urdf/wpb_ros2control.xacro
[0.147s] -- Up-to-date symlink: /home/enetcom/mecanum-ros2/install/mechanum_description/share/mechanum_description/launch/gazebo.launch.py
[0.147s] -- Up-to-date symlink: /home/enetcom/mecanum-ros2/install/mechanum_description/share/mechanum_description/launch/rviz_display.launch.py
[0.147s] -- Up-to-date symlink: /home/enetcom/mecanum-ros2/install/mechanum_description/share/mechanum_description/rviz/mechanum_rviz.rviz
[0.148s] -- Up-to-date symlink: /home/enetcom/mecanum-ros2/install/mechanum_description/share/mechanum_description/config/mechanum.yaml
[0.150s] -- Up-to-date symlink: /home/enetcom/mecanum-ros2/install/mechanum_description/share/mechanum_description/worlds/map_3x3.world
[0.151s] -- Up-to-date symlink: /home/enetcom/mecanum-ros2/install/mechanum_description/share/ament_index/resource_index/package_run_dependencies/mechanum_description
[0.151s] -- Up-to-date symlink: /home/enetcom/mecanum-ros2/install/mechanum_description/share/ament_index/resource_index/parent_prefix_path/mechanum_description
[0.152s] -- Up-to-date symlink: /home/enetcom/mecanum-ros2/install/mechanum_description/share/mechanum_description/environment/ament_prefix_path.sh
[0.152s] -- Up-to-date symlink: /home/enetcom/mecanum-ros2/install/mechanum_description/share/mechanum_description/environment/ament_prefix_path.dsv
[0.154s] -- Up-to-date symlink: /home/enetcom/mecanum-ros2/install/mechanum_description/share/mechanum_description/environment/path.sh
[0.155s] -- Up-to-date symlink: /home/enetcom/mecanum-ros2/install/mechanum_description/share/mechanum_description/environment/path.dsv
[0.155s] -- Up-to-date symlink: /home/enetcom/mecanum-ros2/install/mechanum_description/share/mechanum_description/local_setup.bash
[0.155s] -- Up-to-date symlink: /home/enetcom/mecanum-ros2/install/mechanum_description/share/mechanum_description/local_setup.sh
[0.156s] -- Up-to-date symlink: /home/enetcom/mecanum-ros2/install/mechanum_description/share/mechanum_description/local_setup.zsh
[0.159s] -- Up-to-date symlink: /home/enetcom/mecanum-ros2/install/mechanum_description/share/mechanum_description/local_setup.dsv
[0.160s] -- Symlinking: /home/enetcom/mecanum-ros2/install/mechanum_description/share/mechanum_description/package.dsv
[0.169s] -- Up-to-date symlink: /home/enetcom/mecanum-ros2/install/mechanum_description/share/ament_index/resource_index/packages/mechanum_description
[0.169s] -- Up-to-date symlink: /home/enetcom/mecanum-ros2/install/mechanum_description/share/mechanum_description/cmake/mechanum_descriptionConfig.cmake
[0.170s] -- Up-to-date symlink: /home/enetcom/mecanum-ros2/install/mechanum_description/share/mechanum_description/cmake/mechanum_descriptionConfig-version.cmake
[0.170s] -- Up-to-date symlink: /home/enetcom/mecanum-ros2/install/mechanum_description/share/mechanum_description/package.xml
[0.189s] Invoked command in '/home/enetcom/mecanum-ros2/build/mechanum_description' returned '0': CMAKE_PREFIX_PATH=${CMAKE_PREFIX_PATH}:/opt/ros/humble /usr/bin/cmake --install /home/enetcom/mecanum-ros2/build/mechanum_description
