[0.126s] DEBUG:colcon:Command line arguments: ['/usr/bin/colcon', 'build', '--symlink-install']
[0.126s] DEBUG:colcon:Parsed command line arguments: Namespace(log_base=None, log_level=None, verb_name='build', build_base='build', install_base='install', merge_install=False, symlink_install=True, test_result_base=None, continue_on_error=False, executor='parallel', parallel_workers=4, event_handlers=None, ignore_user_meta=False, metas=['./colcon.meta'], base_paths=['.'], packages_ignore=None, packages_ignore_regex=None, paths=None, packages_up_to=None, packages_up_to_regex=None, packages_above=None, packages_above_and_dependencies=None, packages_above_depth=None, packages_select_by_dep=None, packages_skip_by_dep=None, packages_skip_up_to=None, packages_select_build_failed=False, packages_skip_build_finished=False, packages_select_test_failures=False, packages_skip_test_passed=False, packages_select=None, packages_skip=None, packages_select_regex=None, packages_skip_regex=None, packages_start=None, packages_end=None, allow_overriding=[], cmake_args=None, cmake_target=None, cmake_target_skip_unavailable=False, cmake_clean_cache=False, cmake_clean_first=False, cmake_force_configure=False, ament_cmake_args=None, catkin_cmake_args=None, catkin_skip_building_tests=False, mixin_files=None, mixin=None, verb_parser=<colcon_mixin.mixin.mixin_argument.MixinArgumentDecorator object at 0x78554e975f00>, verb_extension=<colcon_core.verb.build.BuildVerb object at 0x78554e975a50>, main=<bound method BuildVerb.main of <colcon_core.verb.build.BuildVerb object at 0x78554e975a50>>, mixin_verb=('build',))
[0.324s] Level 1:colcon.colcon_core.package_discovery:discover_packages(colcon_meta) check parameters
[0.324s] Level 1:colcon.colcon_core.package_discovery:discover_packages(recursive) check parameters
[0.324s] Level 1:colcon.colcon_core.package_discovery:discover_packages(ignore) check parameters
[0.324s] Level 1:colcon.colcon_core.package_discovery:discover_packages(path) check parameters
[0.324s] Level 1:colcon.colcon_core.package_discovery:discover_packages(colcon_meta) discover
[0.324s] Level 1:colcon.colcon_core.package_discovery:discover_packages(recursive) discover
[0.324s] INFO:colcon.colcon_core.package_discovery:Crawling recursively for packages in '/home/enetcom/mecanum-ros2'
[0.324s] Level 1:colcon.colcon_core.package_identification:_identify(.) by extensions ['ignore', 'ignore_ament_install']
[0.324s] Level 1:colcon.colcon_core.package_identification:_identify(.) by extension 'ignore'
[0.324s] Level 1:colcon.colcon_core.package_identification:_identify(.) by extension 'ignore_ament_install'
[0.324s] Level 1:colcon.colcon_core.package_identification:_identify(.) by extensions ['colcon_pkg']
[0.325s] Level 1:colcon.colcon_core.package_identification:_identify(.) by extension 'colcon_pkg'
[0.325s] Level 1:colcon.colcon_core.package_identification:_identify(.) by extensions ['colcon_meta']
[0.325s] Level 1:colcon.colcon_core.package_identification:_identify(.) by extension 'colcon_meta'
[0.325s] Level 1:colcon.colcon_core.package_identification:_identify(.) by extensions ['ros']
[0.325s] Level 1:colcon.colcon_core.package_identification:_identify(.) by extension 'ros'
[0.337s] Level 1:colcon.colcon_core.package_identification:_identify(.) by extensions ['cmake', 'python']
[0.337s] Level 1:colcon.colcon_core.package_identification:_identify(.) by extension 'cmake'
[0.338s] Level 1:colcon.colcon_core.package_identification:_identify(.) by extension 'python'
[0.338s] Level 1:colcon.colcon_core.package_identification:_identify(.) by extensions ['python_setup_py']
[0.338s] Level 1:colcon.colcon_core.package_identification:_identify(.) by extension 'python_setup_py'
[0.338s] Level 1:colcon.colcon_core.package_identification:_identify(build) by extensions ['ignore', 'ignore_ament_install']
[0.338s] Level 1:colcon.colcon_core.package_identification:_identify(build) by extension 'ignore'
[0.338s] Level 1:colcon.colcon_core.package_identification:_identify(build) ignored
[0.338s] Level 1:colcon.colcon_core.package_identification:_identify(install) by extensions ['ignore', 'ignore_ament_install']
[0.339s] Level 1:colcon.colcon_core.package_identification:_identify(install) by extension 'ignore'
[0.339s] Level 1:colcon.colcon_core.package_identification:_identify(install) ignored
[0.339s] Level 1:colcon.colcon_core.package_identification:_identify(log) by extensions ['ignore', 'ignore_ament_install']
[0.339s] Level 1:colcon.colcon_core.package_identification:_identify(log) by extension 'ignore'
[0.339s] Level 1:colcon.colcon_core.package_identification:_identify(log) ignored
[0.339s] Level 1:colcon.colcon_core.package_identification:_identify(src) by extensions ['ignore', 'ignore_ament_install']
[0.339s] Level 1:colcon.colcon_core.package_identification:_identify(src) by extension 'ignore'
[0.339s] Level 1:colcon.colcon_core.package_identification:_identify(src) by extension 'ignore_ament_install'
[0.340s] Level 1:colcon.colcon_core.package_identification:_identify(src) by extensions ['colcon_pkg']
[0.340s] Level 1:colcon.colcon_core.package_identification:_identify(src) by extension 'colcon_pkg'
[0.340s] Level 1:colcon.colcon_core.package_identification:_identify(src) by extensions ['colcon_meta']
[0.340s] Level 1:colcon.colcon_core.package_identification:_identify(src) by extension 'colcon_meta'
[0.340s] Level 1:colcon.colcon_core.package_identification:_identify(src) by extensions ['ros']
[0.340s] Level 1:colcon.colcon_core.package_identification:_identify(src) by extension 'ros'
[0.340s] Level 1:colcon.colcon_core.package_identification:_identify(src) by extensions ['cmake', 'python']
[0.340s] Level 1:colcon.colcon_core.package_identification:_identify(src) by extension 'cmake'
[0.340s] Level 1:colcon.colcon_core.package_identification:_identify(src) by extension 'python'
[0.340s] Level 1:colcon.colcon_core.package_identification:_identify(src) by extensions ['python_setup_py']
[0.341s] Level 1:colcon.colcon_core.package_identification:_identify(src) by extension 'python_setup_py'
[0.341s] Level 1:colcon.colcon_core.package_identification:_identify(src/mecanum_localization) by extensions ['ignore', 'ignore_ament_install']
[0.341s] Level 1:colcon.colcon_core.package_identification:_identify(src/mecanum_localization) by extension 'ignore'
[0.341s] Level 1:colcon.colcon_core.package_identification:_identify(src/mecanum_localization) by extension 'ignore_ament_install'
[0.341s] Level 1:colcon.colcon_core.package_identification:_identify(src/mecanum_localization) by extensions ['colcon_pkg']
[0.341s] Level 1:colcon.colcon_core.package_identification:_identify(src/mecanum_localization) by extension 'colcon_pkg'
[0.341s] Level 1:colcon.colcon_core.package_identification:_identify(src/mecanum_localization) by extensions ['colcon_meta']
[0.341s] Level 1:colcon.colcon_core.package_identification:_identify(src/mecanum_localization) by extension 'colcon_meta'
[0.341s] Level 1:colcon.colcon_core.package_identification:_identify(src/mecanum_localization) by extensions ['ros']
[0.341s] Level 1:colcon.colcon_core.package_identification:_identify(src/mecanum_localization) by extension 'ros'
[0.344s] DEBUG:colcon.colcon_core.package_identification:Package 'src/mecanum_localization' with type 'ros.ament_cmake' and name 'mecanum_localization'
[0.344s] Level 1:colcon.colcon_core.package_identification:_identify(src/mecanum_navigation) by extensions ['ignore', 'ignore_ament_install']
[0.345s] Level 1:colcon.colcon_core.package_identification:_identify(src/mecanum_navigation) by extension 'ignore'
[0.345s] Level 1:colcon.colcon_core.package_identification:_identify(src/mecanum_navigation) by extension 'ignore_ament_install'
[0.345s] Level 1:colcon.colcon_core.package_identification:_identify(src/mecanum_navigation) by extensions ['colcon_pkg']
[0.345s] Level 1:colcon.colcon_core.package_identification:_identify(src/mecanum_navigation) by extension 'colcon_pkg'
[0.345s] Level 1:colcon.colcon_core.package_identification:_identify(src/mecanum_navigation) by extensions ['colcon_meta']
[0.345s] Level 1:colcon.colcon_core.package_identification:_identify(src/mecanum_navigation) by extension 'colcon_meta'
[0.345s] Level 1:colcon.colcon_core.package_identification:_identify(src/mecanum_navigation) by extensions ['ros']
[0.345s] Level 1:colcon.colcon_core.package_identification:_identify(src/mecanum_navigation) by extension 'ros'
[0.346s] DEBUG:colcon.colcon_core.package_identification:Package 'src/mecanum_navigation' with type 'ros.ament_cmake' and name 'mecanum_navigation'
[0.346s] Level 1:colcon.colcon_core.package_identification:_identify(src/mechanum_description) by extensions ['ignore', 'ignore_ament_install']
[0.346s] Level 1:colcon.colcon_core.package_identification:_identify(src/mechanum_description) by extension 'ignore'
[0.346s] Level 1:colcon.colcon_core.package_identification:_identify(src/mechanum_description) by extension 'ignore_ament_install'
[0.347s] Level 1:colcon.colcon_core.package_identification:_identify(src/mechanum_description) by extensions ['colcon_pkg']
[0.347s] Level 1:colcon.colcon_core.package_identification:_identify(src/mechanum_description) by extension 'colcon_pkg'
[0.347s] Level 1:colcon.colcon_core.package_identification:_identify(src/mechanum_description) by extensions ['colcon_meta']
[0.347s] Level 1:colcon.colcon_core.package_identification:_identify(src/mechanum_description) by extension 'colcon_meta'
[0.347s] Level 1:colcon.colcon_core.package_identification:_identify(src/mechanum_description) by extensions ['ros']
[0.347s] Level 1:colcon.colcon_core.package_identification:_identify(src/mechanum_description) by extension 'ros'
[0.348s] DEBUG:colcon.colcon_core.package_identification:Package 'src/mechanum_description' with type 'ros.ament_cmake' and name 'mechanum_description'
[0.348s] Level 1:colcon.colcon_core.package_discovery:discover_packages(recursive) using defaults
[0.348s] Level 1:colcon.colcon_core.package_discovery:discover_packages(ignore) discover
[0.349s] Level 1:colcon.colcon_core.package_discovery:discover_packages(ignore) using defaults
[0.349s] Level 1:colcon.colcon_core.package_discovery:discover_packages(path) discover
[0.349s] Level 1:colcon.colcon_core.package_discovery:discover_packages(path) using defaults
[0.385s] Level 1:colcon.colcon_core.package_discovery:discover_packages(prefix_path) check parameters
[0.385s] Level 1:colcon.colcon_core.package_discovery:discover_packages(prefix_path) discover
[0.388s] DEBUG:colcon.colcon_installed_package_information.package_discovery:Found 3 installed packages in /home/enetcom/mecanum-ros2/install
[0.392s] DEBUG:colcon.colcon_installed_package_information.package_discovery:Found 389 installed packages in /opt/ros/humble
[0.395s] Level 1:colcon.colcon_core.package_discovery:discover_packages(prefix_path) using defaults
[0.449s] Level 5:colcon.colcon_core.verb:set package 'mecanum_localization' build argument 'cmake_args' from command line to 'None'
[0.449s] Level 5:colcon.colcon_core.verb:set package 'mecanum_localization' build argument 'cmake_target' from command line to 'None'
[0.449s] Level 5:colcon.colcon_core.verb:set package 'mecanum_localization' build argument 'cmake_target_skip_unavailable' from command line to 'False'
[0.449s] Level 5:colcon.colcon_core.verb:set package 'mecanum_localization' build argument 'cmake_clean_cache' from command line to 'False'
[0.449s] Level 5:colcon.colcon_core.verb:set package 'mecanum_localization' build argument 'cmake_clean_first' from command line to 'False'
[0.449s] Level 5:colcon.colcon_core.verb:set package 'mecanum_localization' build argument 'cmake_force_configure' from command line to 'False'
[0.449s] Level 5:colcon.colcon_core.verb:set package 'mecanum_localization' build argument 'ament_cmake_args' from command line to 'None'
[0.449s] Level 5:colcon.colcon_core.verb:set package 'mecanum_localization' build argument 'catkin_cmake_args' from command line to 'None'
[0.449s] Level 5:colcon.colcon_core.verb:set package 'mecanum_localization' build argument 'catkin_skip_building_tests' from command line to 'False'
[0.449s] DEBUG:colcon.colcon_core.verb:Building package 'mecanum_localization' with the following arguments: {'ament_cmake_args': None, 'build_base': '/home/enetcom/mecanum-ros2/build/mecanum_localization', 'catkin_cmake_args': None, 'catkin_skip_building_tests': False, 'cmake_args': None, 'cmake_clean_cache': False, 'cmake_clean_first': False, 'cmake_force_configure': False, 'cmake_target': None, 'cmake_target_skip_unavailable': False, 'install_base': '/home/enetcom/mecanum-ros2/install/mecanum_localization', 'merge_install': False, 'path': '/home/enetcom/mecanum-ros2/src/mecanum_localization', 'symlink_install': True, 'test_result_base': None}
[0.450s] Level 5:colcon.colcon_core.verb:set package 'mecanum_navigation' build argument 'cmake_args' from command line to 'None'
[0.450s] Level 5:colcon.colcon_core.verb:set package 'mecanum_navigation' build argument 'cmake_target' from command line to 'None'
[0.450s] Level 5:colcon.colcon_core.verb:set package 'mecanum_navigation' build argument 'cmake_target_skip_unavailable' from command line to 'False'
[0.450s] Level 5:colcon.colcon_core.verb:set package 'mecanum_navigation' build argument 'cmake_clean_cache' from command line to 'False'
[0.450s] Level 5:colcon.colcon_core.verb:set package 'mecanum_navigation' build argument 'cmake_clean_first' from command line to 'False'
[0.451s] Level 5:colcon.colcon_core.verb:set package 'mecanum_navigation' build argument 'cmake_force_configure' from command line to 'False'
[0.451s] Level 5:colcon.colcon_core.verb:set package 'mecanum_navigation' build argument 'ament_cmake_args' from command line to 'None'
[0.451s] Level 5:colcon.colcon_core.verb:set package 'mecanum_navigation' build argument 'catkin_cmake_args' from command line to 'None'
[0.451s] Level 5:colcon.colcon_core.verb:set package 'mecanum_navigation' build argument 'catkin_skip_building_tests' from command line to 'False'
[0.451s] DEBUG:colcon.colcon_core.verb:Building package 'mecanum_navigation' with the following arguments: {'ament_cmake_args': None, 'build_base': '/home/enetcom/mecanum-ros2/build/mecanum_navigation', 'catkin_cmake_args': None, 'catkin_skip_building_tests': False, 'cmake_args': None, 'cmake_clean_cache': False, 'cmake_clean_first': False, 'cmake_force_configure': False, 'cmake_target': None, 'cmake_target_skip_unavailable': False, 'install_base': '/home/enetcom/mecanum-ros2/install/mecanum_navigation', 'merge_install': False, 'path': '/home/enetcom/mecanum-ros2/src/mecanum_navigation', 'symlink_install': True, 'test_result_base': None}
[0.452s] Level 5:colcon.colcon_core.verb:set package 'mechanum_description' build argument 'cmake_args' from command line to 'None'
[0.452s] Level 5:colcon.colcon_core.verb:set package 'mechanum_description' build argument 'cmake_target' from command line to 'None'
[0.452s] Level 5:colcon.colcon_core.verb:set package 'mechanum_description' build argument 'cmake_target_skip_unavailable' from command line to 'False'
[0.452s] Level 5:colcon.colcon_core.verb:set package 'mechanum_description' build argument 'cmake_clean_cache' from command line to 'False'
[0.452s] Level 5:colcon.colcon_core.verb:set package 'mechanum_description' build argument 'cmake_clean_first' from command line to 'False'
[0.452s] Level 5:colcon.colcon_core.verb:set package 'mechanum_description' build argument 'cmake_force_configure' from command line to 'False'
[0.452s] Level 5:colcon.colcon_core.verb:set package 'mechanum_description' build argument 'ament_cmake_args' from command line to 'None'
[0.452s] Level 5:colcon.colcon_core.verb:set package 'mechanum_description' build argument 'catkin_cmake_args' from command line to 'None'
[0.452s] Level 5:colcon.colcon_core.verb:set package 'mechanum_description' build argument 'catkin_skip_building_tests' from command line to 'False'
[0.452s] DEBUG:colcon.colcon_core.verb:Building package 'mechanum_description' with the following arguments: {'ament_cmake_args': None, 'build_base': '/home/enetcom/mecanum-ros2/build/mechanum_description', 'catkin_cmake_args': None, 'catkin_skip_building_tests': False, 'cmake_args': None, 'cmake_clean_cache': False, 'cmake_clean_first': False, 'cmake_force_configure': False, 'cmake_target': None, 'cmake_target_skip_unavailable': False, 'install_base': '/home/enetcom/mecanum-ros2/install/mechanum_description', 'merge_install': False, 'path': '/home/enetcom/mecanum-ros2/src/mechanum_description', 'symlink_install': True, 'test_result_base': None}
[0.452s] INFO:colcon.colcon_core.executor:Executing jobs using 'parallel' executor
[0.454s] DEBUG:colcon.colcon_parallel_executor.executor.parallel:run_until_complete
[0.454s] INFO:colcon.colcon_ros.task.ament_cmake.build:Building ROS package in '/home/enetcom/mecanum-ros2/src/mecanum_localization' with build type 'ament_cmake'
[0.454s] INFO:colcon.colcon_cmake.task.cmake.build:Building CMake package in '/home/enetcom/mecanum-ros2/src/mecanum_localization'
[0.457s] INFO:colcon.colcon_core.plugin_system:Skipping extension 'colcon_core.shell.bat': Not used on non-Windows systems
[0.458s] INFO:colcon.colcon_core.shell:Skip shell extension 'powershell' for command environment: Not usable outside of PowerShell
[0.458s] DEBUG:colcon.colcon_core.shell:Skip shell extension 'dsv' for command environment
[0.462s] INFO:colcon.colcon_ros.task.ament_cmake.build:Building ROS package in '/home/enetcom/mecanum-ros2/src/mecanum_navigation' with build type 'ament_cmake'
[0.462s] INFO:colcon.colcon_cmake.task.cmake.build:Building CMake package in '/home/enetcom/mecanum-ros2/src/mecanum_navigation'
[0.463s] INFO:colcon.colcon_core.shell:Skip shell extension 'powershell' for command environment: Not usable outside of PowerShell
[0.463s] DEBUG:colcon.colcon_core.shell:Skip shell extension 'dsv' for command environment
[0.470s] INFO:colcon.colcon_ros.task.ament_cmake.build:Building ROS package in '/home/enetcom/mecanum-ros2/src/mechanum_description' with build type 'ament_cmake'
[0.470s] INFO:colcon.colcon_cmake.task.cmake.build:Building CMake package in '/home/enetcom/mecanum-ros2/src/mechanum_description'
[0.471s] INFO:colcon.colcon_core.shell:Skip shell extension 'powershell' for command environment: Not usable outside of PowerShell
[0.471s] DEBUG:colcon.colcon_core.shell:Skip shell extension 'dsv' for command environment
[0.483s] DEBUG:colcon.colcon_core.event_handler.log_command:Invoking command in '/home/enetcom/mecanum-ros2/build/mecanum_localization': CMAKE_PREFIX_PATH=${CMAKE_PREFIX_PATH}:/opt/ros/humble /usr/bin/cmake --build /home/enetcom/mecanum-ros2/build/mecanum_localization -- -j4 -l4
[0.490s] DEBUG:colcon.colcon_core.event_handler.log_command:Invoking command in '/home/enetcom/mecanum-ros2/build/mecanum_navigation': CMAKE_PREFIX_PATH=${CMAKE_PREFIX_PATH}:/opt/ros/humble /usr/bin/cmake --build /home/enetcom/mecanum-ros2/build/mecanum_navigation -- -j4 -l4
[0.495s] DEBUG:colcon.colcon_core.event_handler.log_command:Invoking command in '/home/enetcom/mecanum-ros2/build/mechanum_description': CMAKE_PREFIX_PATH=${CMAKE_PREFIX_PATH}:/opt/ros/humble /usr/bin/cmake --build /home/enetcom/mecanum-ros2/build/mechanum_description -- -j4 -l4
[0.537s] DEBUG:colcon.colcon_core.event_handler.log_command:Invoked command in '/home/enetcom/mecanum-ros2/build/mecanum_localization' returned '0': CMAKE_PREFIX_PATH=${CMAKE_PREFIX_PATH}:/opt/ros/humble /usr/bin/cmake --build /home/enetcom/mecanum-ros2/build/mecanum_localization -- -j4 -l4
[0.553s] DEBUG:colcon.colcon_core.event_handler.log_command:Invoking command in '/home/enetcom/mecanum-ros2/build/mecanum_localization': CMAKE_PREFIX_PATH=${CMAKE_PREFIX_PATH}:/opt/ros/humble /usr/bin/cmake --install /home/enetcom/mecanum-ros2/build/mecanum_localization
[0.555s] DEBUG:colcon.colcon_core.event_handler.log_command:Invoked command in '/home/enetcom/mecanum-ros2/build/mecanum_navigation' returned '0': CMAKE_PREFIX_PATH=${CMAKE_PREFIX_PATH}:/opt/ros/humble /usr/bin/cmake --build /home/enetcom/mecanum-ros2/build/mecanum_navigation -- -j4 -l4
[0.557s] DEBUG:colcon.colcon_core.event_handler.log_command:Invoking command in '/home/enetcom/mecanum-ros2/build/mecanum_navigation': CMAKE_PREFIX_PATH=${CMAKE_PREFIX_PATH}:/opt/ros/humble /usr/bin/cmake --install /home/enetcom/mecanum-ros2/build/mecanum_navigation
[0.568s] DEBUG:colcon.colcon_core.event_handler.log_command:Invoked command in '/home/enetcom/mecanum-ros2/build/mechanum_description' returned '0': CMAKE_PREFIX_PATH=${CMAKE_PREFIX_PATH}:/opt/ros/humble /usr/bin/cmake --build /home/enetcom/mecanum-ros2/build/mechanum_description -- -j4 -l4
[0.569s] DEBUG:colcon.colcon_core.event_handler.log_command:Invoking command in '/home/enetcom/mecanum-ros2/build/mechanum_description': CMAKE_PREFIX_PATH=${CMAKE_PREFIX_PATH}:/opt/ros/humble /usr/bin/cmake --install /home/enetcom/mecanum-ros2/build/mechanum_description
[0.599s] Level 1:colcon.colcon_core.environment:create_environment_scripts_only(mecanum_localization)
[0.605s] Level 1:colcon.colcon_core.environment:checking '/home/enetcom/mecanum-ros2/install/mecanum_localization' for CMake module files
[0.606s] Level 1:colcon.colcon_core.environment:checking '/home/enetcom/mecanum-ros2/install/mecanum_localization' for CMake config files
[0.606s] Level 1:colcon.colcon_core.shell:create_environment_hook('mecanum_localization', 'cmake_prefix_path')
[0.607s] INFO:colcon.colcon_core.shell:Creating environment hook '/home/enetcom/mecanum-ros2/install/mecanum_localization/share/mecanum_localization/hook/cmake_prefix_path.ps1'
[0.608s] INFO:colcon.colcon_core.shell:Creating environment descriptor '/home/enetcom/mecanum-ros2/install/mecanum_localization/share/mecanum_localization/hook/cmake_prefix_path.dsv'
[0.609s] DEBUG:colcon.colcon_core.event_handler.log_command:Invoked command in '/home/enetcom/mecanum-ros2/build/mecanum_localization' returned '0': CMAKE_PREFIX_PATH=${CMAKE_PREFIX_PATH}:/opt/ros/humble /usr/bin/cmake --install /home/enetcom/mecanum-ros2/build/mecanum_localization
[0.610s] INFO:colcon.colcon_core.shell:Creating environment hook '/home/enetcom/mecanum-ros2/install/mecanum_localization/share/mecanum_localization/hook/cmake_prefix_path.sh'
[0.613s] Level 1:colcon.colcon_core.environment:checking '/home/enetcom/mecanum-ros2/install/mecanum_localization/bin'
[0.613s] Level 1:colcon.colcon_core.environment:checking '/home/enetcom/mecanum-ros2/install/mecanum_localization/lib/pkgconfig/mecanum_localization.pc'
[0.613s] Level 1:colcon.colcon_core.environment:checking '/home/enetcom/mecanum-ros2/install/mecanum_localization/lib/python3.10/site-packages'
[0.614s] Level 1:colcon.colcon_core.environment:checking '/home/enetcom/mecanum-ros2/install/mecanum_localization/bin'
[0.614s] INFO:colcon.colcon_core.shell:Creating package script '/home/enetcom/mecanum-ros2/install/mecanum_localization/share/mecanum_localization/package.ps1'
[0.617s] INFO:colcon.colcon_core.shell:Creating package descriptor '/home/enetcom/mecanum-ros2/install/mecanum_localization/share/mecanum_localization/package.dsv'
[0.618s] INFO:colcon.colcon_core.shell:Creating package script '/home/enetcom/mecanum-ros2/install/mecanum_localization/share/mecanum_localization/package.sh'
[0.619s] INFO:colcon.colcon_core.shell:Creating package script '/home/enetcom/mecanum-ros2/install/mecanum_localization/share/mecanum_localization/package.bash'
[0.620s] INFO:colcon.colcon_core.shell:Creating package script '/home/enetcom/mecanum-ros2/install/mecanum_localization/share/mecanum_localization/package.zsh'
[0.621s] Level 1:colcon.colcon_core.environment:create_file_with_runtime_dependencies(/home/enetcom/mecanum-ros2/install/mecanum_localization/share/colcon-core/packages/mecanum_localization)
[0.622s] Level 1:colcon.colcon_core.environment:create_environment_scripts_only(mecanum_localization)
[0.622s] Level 1:colcon.colcon_core.environment:checking '/home/enetcom/mecanum-ros2/install/mecanum_localization' for CMake module files
[0.623s] Level 1:colcon.colcon_core.environment:checking '/home/enetcom/mecanum-ros2/install/mecanum_localization' for CMake config files
[0.623s] Level 1:colcon.colcon_core.shell:create_environment_hook('mecanum_localization', 'cmake_prefix_path')
[0.624s] INFO:colcon.colcon_core.shell:Creating environment hook '/home/enetcom/mecanum-ros2/install/mecanum_localization/share/mecanum_localization/hook/cmake_prefix_path.ps1'
[0.624s] INFO:colcon.colcon_core.shell:Creating environment descriptor '/home/enetcom/mecanum-ros2/install/mecanum_localization/share/mecanum_localization/hook/cmake_prefix_path.dsv'
[0.625s] INFO:colcon.colcon_core.shell:Creating environment hook '/home/enetcom/mecanum-ros2/install/mecanum_localization/share/mecanum_localization/hook/cmake_prefix_path.sh'
[0.625s] Level 1:colcon.colcon_core.environment:checking '/home/enetcom/mecanum-ros2/install/mecanum_localization/bin'
[0.626s] Level 1:colcon.colcon_core.environment:checking '/home/enetcom/mecanum-ros2/install/mecanum_localization/lib/pkgconfig/mecanum_localization.pc'
[0.626s] Level 1:colcon.colcon_core.environment:checking '/home/enetcom/mecanum-ros2/install/mecanum_localization/lib/python3.10/site-packages'
[0.626s] Level 1:colcon.colcon_core.environment:checking '/home/enetcom/mecanum-ros2/install/mecanum_localization/bin'
[0.627s] INFO:colcon.colcon_core.shell:Creating package script '/home/enetcom/mecanum-ros2/install/mecanum_localization/share/mecanum_localization/package.ps1'
[0.627s] INFO:colcon.colcon_core.shell:Creating package descriptor '/home/enetcom/mecanum-ros2/install/mecanum_localization/share/mecanum_localization/package.dsv'
[0.628s] INFO:colcon.colcon_core.shell:Creating package script '/home/enetcom/mecanum-ros2/install/mecanum_localization/share/mecanum_localization/package.sh'
[0.628s] INFO:colcon.colcon_core.shell:Creating package script '/home/enetcom/mecanum-ros2/install/mecanum_localization/share/mecanum_localization/package.bash'
[0.629s] INFO:colcon.colcon_core.shell:Creating package script '/home/enetcom/mecanum-ros2/install/mecanum_localization/share/mecanum_localization/package.zsh'
[0.629s] Level 1:colcon.colcon_core.environment:create_file_with_runtime_dependencies(/home/enetcom/mecanum-ros2/install/mecanum_localization/share/colcon-core/packages/mecanum_localization)
[0.629s] Level 1:colcon.colcon_core.environment:create_environment_scripts_only(mecanum_navigation)
[0.629s] Level 1:colcon.colcon_core.environment:checking '/home/enetcom/mecanum-ros2/install/mecanum_navigation' for CMake module files
[0.631s] DEBUG:colcon.colcon_core.event_handler.log_command:Invoked command in '/home/enetcom/mecanum-ros2/build/mecanum_navigation' returned '0': CMAKE_PREFIX_PATH=${CMAKE_PREFIX_PATH}:/opt/ros/humble /usr/bin/cmake --install /home/enetcom/mecanum-ros2/build/mecanum_navigation
[0.631s] Level 1:colcon.colcon_core.environment:checking '/home/enetcom/mecanum-ros2/install/mecanum_navigation' for CMake config files
[0.632s] Level 1:colcon.colcon_core.shell:create_environment_hook('mecanum_navigation', 'cmake_prefix_path')
[0.632s] INFO:colcon.colcon_core.shell:Creating environment hook '/home/enetcom/mecanum-ros2/install/mecanum_navigation/share/mecanum_navigation/hook/cmake_prefix_path.ps1'
[0.633s] INFO:colcon.colcon_core.shell:Creating environment descriptor '/home/enetcom/mecanum-ros2/install/mecanum_navigation/share/mecanum_navigation/hook/cmake_prefix_path.dsv'
[0.633s] INFO:colcon.colcon_core.shell:Creating environment hook '/home/enetcom/mecanum-ros2/install/mecanum_navigation/share/mecanum_navigation/hook/cmake_prefix_path.sh'
[0.634s] Level 1:colcon.colcon_core.environment:checking '/home/enetcom/mecanum-ros2/install/mecanum_navigation/bin'
[0.634s] Level 1:colcon.colcon_core.environment:checking '/home/enetcom/mecanum-ros2/install/mecanum_navigation/lib/pkgconfig/mecanum_navigation.pc'
[0.634s] Level 1:colcon.colcon_core.environment:checking '/home/enetcom/mecanum-ros2/install/mecanum_navigation/lib/python3.10/site-packages'
[0.634s] Level 1:colcon.colcon_core.environment:checking '/home/enetcom/mecanum-ros2/install/mecanum_navigation/bin'
[0.635s] INFO:colcon.colcon_core.shell:Creating package script '/home/enetcom/mecanum-ros2/install/mecanum_navigation/share/mecanum_navigation/package.ps1'
[0.635s] INFO:colcon.colcon_core.shell:Creating package descriptor '/home/enetcom/mecanum-ros2/install/mecanum_navigation/share/mecanum_navigation/package.dsv'
[0.636s] INFO:colcon.colcon_core.shell:Creating package script '/home/enetcom/mecanum-ros2/install/mecanum_navigation/share/mecanum_navigation/package.sh'
[0.636s] INFO:colcon.colcon_core.shell:Creating package script '/home/enetcom/mecanum-ros2/install/mecanum_navigation/share/mecanum_navigation/package.bash'
[0.637s] INFO:colcon.colcon_core.shell:Creating package script '/home/enetcom/mecanum-ros2/install/mecanum_navigation/share/mecanum_navigation/package.zsh'
[0.637s] Level 1:colcon.colcon_core.environment:create_file_with_runtime_dependencies(/home/enetcom/mecanum-ros2/install/mecanum_navigation/share/colcon-core/packages/mecanum_navigation)
[0.638s] Level 1:colcon.colcon_core.environment:create_environment_scripts_only(mecanum_navigation)
[0.638s] Level 1:colcon.colcon_core.environment:checking '/home/enetcom/mecanum-ros2/install/mecanum_navigation' for CMake module files
[0.639s] Level 1:colcon.colcon_core.environment:checking '/home/enetcom/mecanum-ros2/install/mecanum_navigation' for CMake config files
[0.639s] Level 1:colcon.colcon_core.shell:create_environment_hook('mecanum_navigation', 'cmake_prefix_path')
[0.639s] INFO:colcon.colcon_core.shell:Creating environment hook '/home/enetcom/mecanum-ros2/install/mecanum_navigation/share/mecanum_navigation/hook/cmake_prefix_path.ps1'
[0.640s] INFO:colcon.colcon_core.shell:Creating environment descriptor '/home/enetcom/mecanum-ros2/install/mecanum_navigation/share/mecanum_navigation/hook/cmake_prefix_path.dsv'
[0.640s] INFO:colcon.colcon_core.shell:Creating environment hook '/home/enetcom/mecanum-ros2/install/mecanum_navigation/share/mecanum_navigation/hook/cmake_prefix_path.sh'
[0.641s] Level 1:colcon.colcon_core.environment:checking '/home/enetcom/mecanum-ros2/install/mecanum_navigation/bin'
[0.641s] Level 1:colcon.colcon_core.environment:checking '/home/enetcom/mecanum-ros2/install/mecanum_navigation/lib/pkgconfig/mecanum_navigation.pc'
[0.641s] Level 1:colcon.colcon_core.environment:checking '/home/enetcom/mecanum-ros2/install/mecanum_navigation/lib/python3.10/site-packages'
[0.642s] Level 1:colcon.colcon_core.environment:checking '/home/enetcom/mecanum-ros2/install/mecanum_navigation/bin'
[0.643s] INFO:colcon.colcon_core.shell:Creating package script '/home/enetcom/mecanum-ros2/install/mecanum_navigation/share/mecanum_navigation/package.ps1'
[0.644s] INFO:colcon.colcon_core.shell:Creating package descriptor '/home/enetcom/mecanum-ros2/install/mecanum_navigation/share/mecanum_navigation/package.dsv'
[0.645s] INFO:colcon.colcon_core.shell:Creating package script '/home/enetcom/mecanum-ros2/install/mecanum_navigation/share/mecanum_navigation/package.sh'
[0.646s] INFO:colcon.colcon_core.shell:Creating package script '/home/enetcom/mecanum-ros2/install/mecanum_navigation/share/mecanum_navigation/package.bash'
[0.646s] INFO:colcon.colcon_core.shell:Creating package script '/home/enetcom/mecanum-ros2/install/mecanum_navigation/share/mecanum_navigation/package.zsh'
[0.647s] Level 1:colcon.colcon_core.environment:create_file_with_runtime_dependencies(/home/enetcom/mecanum-ros2/install/mecanum_navigation/share/colcon-core/packages/mecanum_navigation)
[0.648s] Level 1:colcon.colcon_core.environment:create_environment_scripts_only(mechanum_description)
[0.649s] Level 1:colcon.colcon_core.environment:checking '/home/enetcom/mecanum-ros2/install/mechanum_description' for CMake module files
[0.650s] DEBUG:colcon.colcon_core.event_handler.log_command:Invoked command in '/home/enetcom/mecanum-ros2/build/mechanum_description' returned '0': CMAKE_PREFIX_PATH=${CMAKE_PREFIX_PATH}:/opt/ros/humble /usr/bin/cmake --install /home/enetcom/mecanum-ros2/build/mechanum_description
[0.650s] Level 1:colcon.colcon_core.environment:checking '/home/enetcom/mecanum-ros2/install/mechanum_description' for CMake config files
[0.651s] Level 1:colcon.colcon_core.shell:create_environment_hook('mechanum_description', 'cmake_prefix_path')
[0.651s] INFO:colcon.colcon_core.shell:Creating environment hook '/home/enetcom/mecanum-ros2/install/mechanum_description/share/mechanum_description/hook/cmake_prefix_path.ps1'
[0.652s] INFO:colcon.colcon_core.shell:Creating environment descriptor '/home/enetcom/mecanum-ros2/install/mechanum_description/share/mechanum_description/hook/cmake_prefix_path.dsv'
[0.652s] INFO:colcon.colcon_core.shell:Creating environment hook '/home/enetcom/mecanum-ros2/install/mechanum_description/share/mechanum_description/hook/cmake_prefix_path.sh'
[0.653s] Level 1:colcon.colcon_core.environment:checking '/home/enetcom/mecanum-ros2/install/mechanum_description/bin'
[0.653s] Level 1:colcon.colcon_core.environment:checking '/home/enetcom/mecanum-ros2/install/mechanum_description/lib/pkgconfig/mechanum_description.pc'
[0.653s] Level 1:colcon.colcon_core.environment:checking '/home/enetcom/mecanum-ros2/install/mechanum_description/lib/python3.10/site-packages'
[0.654s] Level 1:colcon.colcon_core.environment:checking '/home/enetcom/mecanum-ros2/install/mechanum_description/bin'
[0.654s] INFO:colcon.colcon_core.shell:Creating package script '/home/enetcom/mecanum-ros2/install/mechanum_description/share/mechanum_description/package.ps1'
[0.655s] INFO:colcon.colcon_core.shell:Creating package descriptor '/home/enetcom/mecanum-ros2/install/mechanum_description/share/mechanum_description/package.dsv'
[0.655s] INFO:colcon.colcon_core.shell:Creating package script '/home/enetcom/mecanum-ros2/install/mechanum_description/share/mechanum_description/package.sh'
[0.656s] INFO:colcon.colcon_core.shell:Creating package script '/home/enetcom/mecanum-ros2/install/mechanum_description/share/mechanum_description/package.bash'
[0.656s] INFO:colcon.colcon_core.shell:Creating package script '/home/enetcom/mecanum-ros2/install/mechanum_description/share/mechanum_description/package.zsh'
[0.657s] Level 1:colcon.colcon_core.environment:create_file_with_runtime_dependencies(/home/enetcom/mecanum-ros2/install/mechanum_description/share/colcon-core/packages/mechanum_description)
[0.658s] Level 1:colcon.colcon_core.environment:create_environment_scripts_only(mechanum_description)
[0.658s] Level 1:colcon.colcon_core.environment:checking '/home/enetcom/mecanum-ros2/install/mechanum_description' for CMake module files
[0.659s] Level 1:colcon.colcon_core.environment:checking '/home/enetcom/mecanum-ros2/install/mechanum_description' for CMake config files
[0.660s] Level 1:colcon.colcon_core.shell:create_environment_hook('mechanum_description', 'cmake_prefix_path')
[0.661s] INFO:colcon.colcon_core.shell:Creating environment hook '/home/enetcom/mecanum-ros2/install/mechanum_description/share/mechanum_description/hook/cmake_prefix_path.ps1'
[0.661s] INFO:colcon.colcon_core.shell:Creating environment descriptor '/home/enetcom/mecanum-ros2/install/mechanum_description/share/mechanum_description/hook/cmake_prefix_path.dsv'
[0.662s] INFO:colcon.colcon_core.shell:Creating environment hook '/home/enetcom/mecanum-ros2/install/mechanum_description/share/mechanum_description/hook/cmake_prefix_path.sh'
[0.663s] Level 1:colcon.colcon_core.environment:checking '/home/enetcom/mecanum-ros2/install/mechanum_description/bin'
[0.663s] Level 1:colcon.colcon_core.environment:checking '/home/enetcom/mecanum-ros2/install/mechanum_description/lib/pkgconfig/mechanum_description.pc'
[0.664s] Level 1:colcon.colcon_core.environment:checking '/home/enetcom/mecanum-ros2/install/mechanum_description/lib/python3.10/site-packages'
[0.664s] Level 1:colcon.colcon_core.environment:checking '/home/enetcom/mecanum-ros2/install/mechanum_description/bin'
[0.665s] INFO:colcon.colcon_core.shell:Creating package script '/home/enetcom/mecanum-ros2/install/mechanum_description/share/mechanum_description/package.ps1'
[0.665s] INFO:colcon.colcon_core.shell:Creating package descriptor '/home/enetcom/mecanum-ros2/install/mechanum_description/share/mechanum_description/package.dsv'
[0.666s] INFO:colcon.colcon_core.shell:Creating package script '/home/enetcom/mecanum-ros2/install/mechanum_description/share/mechanum_description/package.sh'
[0.667s] INFO:colcon.colcon_core.shell:Creating package script '/home/enetcom/mecanum-ros2/install/mechanum_description/share/mechanum_description/package.bash'
[0.668s] INFO:colcon.colcon_core.shell:Creating package script '/home/enetcom/mecanum-ros2/install/mechanum_description/share/mechanum_description/package.zsh'
[0.668s] Level 1:colcon.colcon_core.environment:create_file_with_runtime_dependencies(/home/enetcom/mecanum-ros2/install/mechanum_description/share/colcon-core/packages/mechanum_description)
[0.669s] DEBUG:colcon.colcon_parallel_executor.executor.parallel:closing loop
[0.669s] DEBUG:colcon.colcon_parallel_executor.executor.parallel:loop closed
[0.669s] DEBUG:colcon.colcon_parallel_executor.executor.parallel:run_until_complete finished with '0'
[0.669s] DEBUG:colcon.colcon_core.event_reactor:joining thread
[0.676s] INFO:colcon.colcon_core.plugin_system:Skipping extension 'colcon_notification.desktop_notification.terminal_notifier': Not used on non-Darwin systems
[0.676s] INFO:colcon.colcon_core.plugin_system:Skipping extension 'colcon_notification.desktop_notification.win32': Not used on non-Windows systems
[0.676s] INFO:colcon.colcon_notification.desktop_notification:Sending desktop notification using 'notify2'
[0.690s] DEBUG:colcon.colcon_core.event_reactor:joined thread
[0.690s] INFO:colcon.colcon_core.shell:Creating prefix script '/home/enetcom/mecanum-ros2/install/local_setup.ps1'
[0.691s] INFO:colcon.colcon_core.shell:Creating prefix util module '/home/enetcom/mecanum-ros2/install/_local_setup_util_ps1.py'
[0.694s] INFO:colcon.colcon_core.shell:Creating prefix chain script '/home/enetcom/mecanum-ros2/install/setup.ps1'
[0.696s] INFO:colcon.colcon_core.shell:Creating prefix script '/home/enetcom/mecanum-ros2/install/local_setup.sh'
[0.697s] INFO:colcon.colcon_core.shell:Creating prefix util module '/home/enetcom/mecanum-ros2/install/_local_setup_util_sh.py'
[0.699s] INFO:colcon.colcon_core.shell:Creating prefix chain script '/home/enetcom/mecanum-ros2/install/setup.sh'
[0.701s] INFO:colcon.colcon_core.shell:Creating prefix script '/home/enetcom/mecanum-ros2/install/local_setup.bash'
[0.703s] INFO:colcon.colcon_core.shell:Creating prefix chain script '/home/enetcom/mecanum-ros2/install/setup.bash'
[0.706s] INFO:colcon.colcon_core.shell:Creating prefix script '/home/enetcom/mecanum-ros2/install/local_setup.zsh'
[0.707s] INFO:colcon.colcon_core.shell:Creating prefix chain script '/home/enetcom/mecanum-ros2/install/setup.zsh'
