[0.024s] Invoking command in '/home/enetcom/mecanum-ros2/build/mecanum_navigation': CMAKE_PREFIX_PATH=/opt/ros/humble /usr/bin/cmake --build /home/enetcom/mecanum-ros2/build/mecanum_navigation -- -j4 -l4
[0.146s] Invoked command in '/home/enetcom/mecanum-ros2/build/mecanum_navigation' returned '0': CMAKE_PREFIX_PATH=/opt/ros/humble /usr/bin/cmake --build /home/enetcom/mecanum-ros2/build/mecanum_navigation -- -j4 -l4
[0.152s] Invoking command in '/home/enetcom/mecanum-ros2/build/mecanum_navigation': CMAKE_PREFIX_PATH=/opt/ros/humble /usr/bin/cmake --install /home/enetcom/mecanum-ros2/build/mecanum_navigation
[0.161s] -- Install configuration: ""
[0.162s] -- Execute custom install script
[0.164s] -- Up-to-date symlink: /home/enetcom/mecanum-ros2/install/mecanum_navigation/share/mecanum_navigation/launch/mecanum_nav.launch.py
[0.166s] -- Up-to-date symlink: /home/enetcom/mecanum-ros2/install/mecanum_navigation/share/mecanum_navigation/config/nav2.rviz
[0.166s] -- Up-to-date symlink: /home/enetcom/mecanum-ros2/install/mecanum_navigation/share/mecanum_navigation/config/nav2_param.yaml
[0.167s] -- Up-to-date symlink: /home/enetcom/mecanum-ros2/install/mecanum_navigation/share/ament_index/resource_index/package_run_dependencies/mecanum_navigation
[0.168s] -- Up-to-date symlink: /home/enetcom/mecanum-ros2/install/mecanum_navigation/share/ament_index/resource_index/parent_prefix_path/mecanum_navigation
[0.168s] -- Up-to-date symlink: /home/enetcom/mecanum-ros2/install/mecanum_navigation/share/mecanum_navigation/environment/ament_prefix_path.sh
[0.169s] -- Up-to-date symlink: /home/enetcom/mecanum-ros2/install/mecanum_navigation/share/mecanum_navigation/environment/ament_prefix_path.dsv
[0.169s] -- Up-to-date symlink: /home/enetcom/mecanum-ros2/install/mecanum_navigation/share/mecanum_navigation/environment/path.sh
[0.170s] -- Up-to-date symlink: /home/enetcom/mecanum-ros2/install/mecanum_navigation/share/mecanum_navigation/environment/path.dsv
[0.170s] -- Up-to-date symlink: /home/enetcom/mecanum-ros2/install/mecanum_navigation/share/mecanum_navigation/local_setup.bash
[0.171s] -- Up-to-date symlink: /home/enetcom/mecanum-ros2/install/mecanum_navigation/share/mecanum_navigation/local_setup.sh
[0.171s] -- Up-to-date symlink: /home/enetcom/mecanum-ros2/install/mecanum_navigation/share/mecanum_navigation/local_setup.zsh
[0.172s] -- Up-to-date symlink: /home/enetcom/mecanum-ros2/install/mecanum_navigation/share/mecanum_navigation/local_setup.dsv
[0.172s] -- Symlinking: /home/enetcom/mecanum-ros2/install/mecanum_navigation/share/mecanum_navigation/package.dsv
[0.187s] -- Up-to-date symlink: /home/enetcom/mecanum-ros2/install/mecanum_navigation/share/ament_index/resource_index/packages/mecanum_navigation
[0.188s] -- Up-to-date symlink: /home/enetcom/mecanum-ros2/install/mecanum_navigation/share/mecanum_navigation/cmake/mecanum_navigationConfig.cmake
[0.190s] -- Up-to-date symlink: /home/enetcom/mecanum-ros2/install/mecanum_navigation/share/mecanum_navigation/cmake/mecanum_navigationConfig-version.cmake
[0.190s] -- Up-to-date symlink: /home/enetcom/mecanum-ros2/install/mecanum_navigation/share/mecanum_navigation/package.xml
[0.224s] Invoked command in '/home/enetcom/mecanum-ros2/build/mecanum_navigation' returned '0': CMAKE_PREFIX_PATH=/opt/ros/humble /usr/bin/cmake --install /home/enetcom/mecanum-ros2/build/mecanum_navigation
