[0.026s] Invoking command in '/home/enetcom/mecanum-ros2/build/mecanum_navigation': CMAKE_PREFIX_PATH=${CMAKE_PREFIX_PATH}:/opt/ros/humble /usr/bin/cmake /home/enetcom/mecanum-ros2/src/mecanum_navigation -DCMAKE_INSTALL_PREFIX=/home/enetcom/mecanum-ros2/install/mecanum_navigation
[0.053s] -- Found ament_cmake: 1.3.14 (/opt/ros/humble/share/ament_cmake/cmake)
[0.306s] -- Override CMake install command with custom implementation using symlinks instead of copying resources
[0.328s] -- Found ament_lint_auto: 0.12.14 (/opt/ros/humble/share/ament_lint_auto/cmake)
[0.490s] -- Added test 'flake8' to check Python code syntax and style conventions
[0.490s] -- Added test 'lint_cmake' to check CMake code style
[0.490s] -- Added test 'pep257' to check Python code against some of the docstring style conventions in PEP 257
[0.491s] -- Added test 'xmllint' to check XML markup files
[0.497s] -- Configuring done
[0.509s] -- Generating done
[0.516s] -- Build files have been written to: /home/enetcom/mecanum-ros2/build/mecanum_navigation
[0.525s] Invoked command in '/home/enetcom/mecanum-ros2/build/mecanum_navigation' returned '0': CMAKE_PREFIX_PATH=${CMAKE_PREFIX_PATH}:/opt/ros/humble /usr/bin/cmake /home/enetcom/mecanum-ros2/src/mecanum_navigation -DCMAKE_INSTALL_PREFIX=/home/enetcom/mecanum-ros2/install/mecanum_navigation
[0.531s] Invoking command in '/home/enetcom/mecanum-ros2/build/mecanum_navigation': CMAKE_PREFIX_PATH=${CMAKE_PREFIX_PATH}:/opt/ros/humble /usr/bin/cmake --build /home/enetcom/mecanum-ros2/build/mecanum_navigation -- -j4 -l4
[0.606s] Invoked command in '/home/enetcom/mecanum-ros2/build/mecanum_navigation' returned '0': CMAKE_PREFIX_PATH=${CMAKE_PREFIX_PATH}:/opt/ros/humble /usr/bin/cmake --build /home/enetcom/mecanum-ros2/build/mecanum_navigation -- -j4 -l4
[0.610s] Invoking command in '/home/enetcom/mecanum-ros2/build/mecanum_navigation': CMAKE_PREFIX_PATH=${CMAKE_PREFIX_PATH}:/opt/ros/humble /usr/bin/cmake --install /home/enetcom/mecanum-ros2/build/mecanum_navigation
[0.634s] -- Install configuration: ""
[0.637s] -- Execute custom install script
[0.639s] -- Up-to-date symlink: /home/enetcom/mecanum-ros2/install/mecanum_navigation/share/mecanum_navigation/launch/mecanum_nav.launch.py
[0.644s] -- Up-to-date symlink: /home/enetcom/mecanum-ros2/install/mecanum_navigation/share/mecanum_navigation/config/nav2.rviz
[0.646s] -- Up-to-date symlink: /home/enetcom/mecanum-ros2/install/mecanum_navigation/share/mecanum_navigation/config/nav2_param.yaml
[0.647s] -- Up-to-date symlink: /home/enetcom/mecanum-ros2/install/mecanum_navigation/share/ament_index/resource_index/package_run_dependencies/mecanum_navigation
[0.648s] -- Up-to-date symlink: /home/enetcom/mecanum-ros2/install/mecanum_navigation/share/ament_index/resource_index/parent_prefix_path/mecanum_navigation
[0.648s] -- Up-to-date symlink: /home/enetcom/mecanum-ros2/install/mecanum_navigation/share/mecanum_navigation/environment/ament_prefix_path.sh
[0.649s] -- Up-to-date symlink: /home/enetcom/mecanum-ros2/install/mecanum_navigation/share/mecanum_navigation/environment/ament_prefix_path.dsv
[0.649s] -- Up-to-date symlink: /home/enetcom/mecanum-ros2/install/mecanum_navigation/share/mecanum_navigation/environment/path.sh
[0.653s] -- Up-to-date symlink: /home/enetcom/mecanum-ros2/install/mecanum_navigation/share/mecanum_navigation/environment/path.dsv
[0.654s] -- Up-to-date symlink: /home/enetcom/mecanum-ros2/install/mecanum_navigation/share/mecanum_navigation/local_setup.bash
[0.655s] -- Up-to-date symlink: /home/enetcom/mecanum-ros2/install/mecanum_navigation/share/mecanum_navigation/local_setup.sh
[0.655s] -- Up-to-date symlink: /home/enetcom/mecanum-ros2/install/mecanum_navigation/share/mecanum_navigation/local_setup.zsh
[0.656s] -- Up-to-date symlink: /home/enetcom/mecanum-ros2/install/mecanum_navigation/share/mecanum_navigation/local_setup.dsv
[0.657s] -- Symlinking: /home/enetcom/mecanum-ros2/install/mecanum_navigation/share/mecanum_navigation/package.dsv
[0.660s] -- Up-to-date symlink: /home/enetcom/mecanum-ros2/install/mecanum_navigation/share/ament_index/resource_index/packages/mecanum_navigation
[0.661s] -- Up-to-date symlink: /home/enetcom/mecanum-ros2/install/mecanum_navigation/share/mecanum_navigation/cmake/mecanum_navigationConfig.cmake
[0.662s] -- Up-to-date symlink: /home/enetcom/mecanum-ros2/install/mecanum_navigation/share/mecanum_navigation/cmake/mecanum_navigationConfig-version.cmake
[0.662s] -- Up-to-date symlink: /home/enetcom/mecanum-ros2/install/mecanum_navigation/share/mecanum_navigation/package.xml
[0.675s] Invoked command in '/home/enetcom/mecanum-ros2/build/mecanum_navigation' returned '0': CMAKE_PREFIX_PATH=${CMAKE_PREFIX_PATH}:/opt/ros/humble /usr/bin/cmake --install /home/enetcom/mecanum-ros2/build/mecanum_navigation
